mode: set
github.com/tiagofur/eventosapp-backend/internal/middleware/auth.go:20.78,21.46 1 1
github.com/tiagofur/eventosapp-backend/internal/middleware/auth.go:21.46,22.72 1 1
github.com/tiagofur/eventosapp-backend/internal/middleware/auth.go:22.72,26.57 2 1
github.com/tiagofur/eventosapp-backend/internal/middleware/auth.go:26.57,28.5 1 1
github.com/tiagofur/eventosapp-backend/internal/middleware/auth.go:31.4,31.19 1 1
github.com/tiagofur/eventosapp-backend/internal/middleware/auth.go:31.19,33.25 2 1
github.com/tiagofur/eventosapp-backend/internal/middleware/auth.go:33.25,35.66 2 1
github.com/tiagofur/eventosapp-backend/internal/middleware/auth.go:35.66,37.7 1 1
github.com/tiagofur/eventosapp-backend/internal/middleware/auth.go:42.4,42.19 1 1
github.com/tiagofur/eventosapp-backend/internal/middleware/auth.go:42.19,45.5 2 1
github.com/tiagofur/eventosapp-backend/internal/middleware/auth.go:48.4,49.18 2 1
github.com/tiagofur/eventosapp-backend/internal/middleware/auth.go:49.18,52.5 2 1
github.com/tiagofur/eventosapp-backend/internal/middleware/auth.go:55.4,57.41 3 1
github.com/tiagofur/eventosapp-backend/internal/middleware/auth.go:62.72,66.2 3 1
github.com/tiagofur/eventosapp-backend/internal/middleware/auth.go:69.47,72.2 2 1
github.com/tiagofur/eventosapp-backend/internal/middleware/auth.go:75.47,78.2 2 1
github.com/tiagofur/eventosapp-backend/internal/middleware/cors.go:9.68,11.35 2 1
github.com/tiagofur/eventosapp-backend/internal/middleware/cors.go:11.35,13.3 1 1
github.com/tiagofur/eventosapp-backend/internal/middleware/cors.go:15.2,15.46 1 1
github.com/tiagofur/eventosapp-backend/internal/middleware/cors.go:15.46,16.72 1 1
github.com/tiagofur/eventosapp-backend/internal/middleware/cors.go:16.72,19.26 2 1
github.com/tiagofur/eventosapp-backend/internal/middleware/cors.go:19.26,22.5 2 1
github.com/tiagofur/eventosapp-backend/internal/middleware/cors.go:24.4,28.38 4 1
github.com/tiagofur/eventosapp-backend/internal/middleware/cors.go:28.38,31.5 2 1
github.com/tiagofur/eventosapp-backend/internal/middleware/cors.go:33.4,33.24 1 1
github.com/tiagofur/eventosapp-backend/internal/middleware/logging.go:10.45,11.71 1 1
github.com/tiagofur/eventosapp-backend/internal/middleware/logging.go:11.71,25.3 4 1
github.com/tiagofur/eventosapp-backend/internal/middleware/logging.go:33.49,36.2 2 1
github.com/tiagofur/eventosapp-backend/internal/middleware/ratelimit.go:24.87,29.29 4 1
github.com/tiagofur/eventosapp-backend/internal/middleware/ratelimit.go:29.29,29.44 1 1
github.com/tiagofur/eventosapp-backend/internal/middleware/ratelimit.go:32.2,32.12 1 1
github.com/tiagofur/eventosapp-backend/internal/middleware/ratelimit.go:32.12,35.7 3 1
github.com/tiagofur/eventosapp-backend/internal/middleware/ratelimit.go:35.7,36.11 1 1
github.com/tiagofur/eventosapp-backend/internal/middleware/ratelimit.go:37.16,38.11 1 1
github.com/tiagofur/eventosapp-backend/internal/middleware/ratelimit.go:39.20,42.33 3 1
github.com/tiagofur/eventosapp-backend/internal/middleware/ratelimit.go:42.33,43.41 1 1
github.com/tiagofur/eventosapp-backend/internal/middleware/ratelimit.go:43.41,45.7 1 1
github.com/tiagofur/eventosapp-backend/internal/middleware/ratelimit.go:47.5,47.16 1 1
github.com/tiagofur/eventosapp-backend/internal/middleware/ratelimit.go:52.2,52.46 1 1
github.com/tiagofur/eventosapp-backend/internal/middleware/ratelimit.go:52.46,53.72 1 1
github.com/tiagofur/eventosapp-backend/internal/middleware/ratelimit.go:53.72,60.50 5 1
github.com/tiagofur/eventosapp-backend/internal/middleware/ratelimit.go:60.50,65.5 4 1
github.com/tiagofur/eventosapp-backend/internal/middleware/ratelimit.go:67.4,68.29 2 1
github.com/tiagofur/eventosapp-backend/internal/middleware/ratelimit.go:68.29,73.5 4 1
github.com/tiagofur/eventosapp-backend/internal/middleware/ratelimit.go:74.4,76.24 2 1
github.com/tiagofur/eventosapp-backend/internal/middleware/ratelimit.go:83.40,84.67 1 1
github.com/tiagofur/eventosapp-backend/internal/middleware/ratelimit.go:84.67,88.3 2 1
github.com/tiagofur/eventosapp-backend/internal/middleware/ratelimit.go:90.2,91.16 2 1
github.com/tiagofur/eventosapp-backend/internal/middleware/ratelimit.go:91.16,93.3 1 1
github.com/tiagofur/eventosapp-backend/internal/middleware/ratelimit.go:94.2,94.13 1 1
github.com/tiagofur/eventosapp-backend/internal/middleware/recovery.go:11.47,12.71 1 1
github.com/tiagofur/eventosapp-backend/internal/middleware/recovery.go:12.71,13.16 1 1
github.com/tiagofur/eventosapp-backend/internal/middleware/recovery.go:13.16,14.36 1 1
github.com/tiagofur/eventosapp-backend/internal/middleware/recovery.go:14.36,24.5 4 1
github.com/tiagofur/eventosapp-backend/internal/middleware/recovery.go:26.3,26.23 1 1
github.com/tiagofur/eventosapp-backend/internal/middleware/security.go:9.54,10.71 1 1
github.com/tiagofur/eventosapp-backend/internal/middleware/security.go:10.71,29.67 4 1
github.com/tiagofur/eventosapp-backend/internal/middleware/security.go:29.67,33.4 1 1
github.com/tiagofur/eventosapp-backend/internal/middleware/security.go:49.3,84.23 6 1
github.com/tiagofur/eventosapp-backend/internal/services/auth_service.go:29.72,34.2 1 1
github.com/tiagofur/eventosapp-backend/internal/services/auth_service.go:37.69,39.16 2 1
github.com/tiagofur/eventosapp-backend/internal/services/auth_service.go:39.16,41.3 1 1
github.com/tiagofur/eventosapp-backend/internal/services/auth_service.go:42.2,42.26 1 1
github.com/tiagofur/eventosapp-backend/internal/services/auth_service.go:46.65,48.2 1 1
github.com/tiagofur/eventosapp-backend/internal/services/auth_service.go:51.93,67.16 6 1
github.com/tiagofur/eventosapp-backend/internal/services/auth_service.go:67.16,69.3 1 0
github.com/tiagofur/eventosapp-backend/internal/services/auth_service.go:72.2,83.16 4 1
github.com/tiagofur/eventosapp-backend/internal/services/auth_service.go:83.16,85.3 1 0
github.com/tiagofur/eventosapp-backend/internal/services/auth_service.go:87.2,91.8 1 1
github.com/tiagofur/eventosapp-backend/internal/services/auth_service.go:95.90,112.16 6 1
github.com/tiagofur/eventosapp-backend/internal/services/auth_service.go:112.16,114.3 1 0
github.com/tiagofur/eventosapp-backend/internal/services/auth_service.go:116.2,116.25 1 1
github.com/tiagofur/eventosapp-backend/internal/services/auth_service.go:120.79,121.109 1 1
github.com/tiagofur/eventosapp-backend/internal/services/auth_service.go:121.109,122.58 1 1
github.com/tiagofur/eventosapp-backend/internal/services/auth_service.go:122.58,124.4 1 1
github.com/tiagofur/eventosapp-backend/internal/services/auth_service.go:125.3,125.26 1 1
github.com/tiagofur/eventosapp-backend/internal/services/auth_service.go:128.2,128.16 1 1
github.com/tiagofur/eventosapp-backend/internal/services/auth_service.go:128.16,130.3 1 1
github.com/tiagofur/eventosapp-backend/internal/services/auth_service.go:132.2,133.25 2 1
github.com/tiagofur/eventosapp-backend/internal/services/auth_service.go:133.25,135.3 1 0
github.com/tiagofur/eventosapp-backend/internal/services/auth_service.go:137.2,137.20 1 1
github.com/tiagofur/eventosapp-backend/internal/services/auth_service.go:141.84,143.16 2 1
github.com/tiagofur/eventosapp-backend/internal/services/auth_service.go:143.16,145.3 1 0
github.com/tiagofur/eventosapp-backend/internal/services/auth_service.go:148.2,148.40 1 1
github.com/tiagofur/eventosapp-backend/internal/services/auth_service.go:148.40,150.3 1 1
github.com/tiagofur/eventosapp-backend/internal/services/auth_service.go:152.2,152.20 1 1
github.com/tiagofur/eventosapp-backend/internal/services/email_service.go:17.56,19.2 1 1
github.com/tiagofur/eventosapp-backend/internal/services/email_service.go:22.79,29.2 4 1
github.com/tiagofur/eventosapp-backend/internal/services/email_service.go:31.85,139.2 5 1
github.com/tiagofur/eventosapp-backend/internal/services/email_service.go:141.70,142.30 1 1
github.com/tiagofur/eventosapp-backend/internal/services/email_service.go:142.30,145.3 2 1
github.com/tiagofur/eventosapp-backend/internal/services/email_service.go:147.2,157.16 4 1
github.com/tiagofur/eventosapp-backend/internal/services/email_service.go:157.16,160.3 2 1
github.com/tiagofur/eventosapp-backend/internal/services/email_service.go:162.2,163.12 2 0
github.com/tiagofur/eventosapp-backend/internal/repository/client_repo.go:16.52,18.2 1 1
github.com/tiagofur/eventosapp-backend/internal/repository/client_repo.go:19.88,24.2 4 0
github.com/tiagofur/eventosapp-backend/internal/repository/client_repo.go:26.93,31.16 3 1
github.com/tiagofur/eventosapp-backend/internal/repository/client_repo.go:31.16,33.3 1 1
github.com/tiagofur/eventosapp-backend/internal/repository/client_repo.go:34.2,37.18 3 0
github.com/tiagofur/eventosapp-backend/internal/repository/client_repo.go:37.18,41.44 2 0
github.com/tiagofur/eventosapp-backend/internal/repository/client_repo.go:41.44,43.4 1 0
github.com/tiagofur/eventosapp-backend/internal/repository/client_repo.go:44.3,44.31 1 0
github.com/tiagofur/eventosapp-backend/internal/repository/client_repo.go:46.2,46.35 1 0
github.com/tiagofur/eventosapp-backend/internal/repository/client_repo.go:46.35,48.3 1 0
github.com/tiagofur/eventosapp-backend/internal/repository/client_repo.go:49.2,49.21 1 0
github.com/tiagofur/eventosapp-backend/internal/repository/client_repo.go:52.97,61.16 4 1
github.com/tiagofur/eventosapp-backend/internal/repository/client_repo.go:61.16,63.3 1 1
github.com/tiagofur/eventosapp-backend/internal/repository/client_repo.go:64.2,64.15 1 0
github.com/tiagofur/eventosapp-backend/internal/repository/client_repo.go:67.74,74.2 2 0
github.com/tiagofur/eventosapp-backend/internal/repository/client_repo.go:76.74,83.2 2 1
github.com/tiagofur/eventosapp-backend/internal/repository/client_repo.go:85.78,87.16 2 1
github.com/tiagofur/eventosapp-backend/internal/repository/client_repo.go:87.16,89.3 1 1
github.com/tiagofur/eventosapp-backend/internal/repository/client_repo.go:90.2,90.29 1 0
github.com/tiagofur/eventosapp-backend/internal/repository/client_repo.go:90.29,92.3 1 0
github.com/tiagofur/eventosapp-backend/internal/repository/client_repo.go:93.2,93.12 1 0
github.com/tiagofur/eventosapp-backend/internal/repository/client_repo.go:97.107,113.16 4 0
github.com/tiagofur/eventosapp-backend/internal/repository/client_repo.go:113.16,115.3 1 0
github.com/tiagofur/eventosapp-backend/internal/repository/client_repo.go:116.2,119.18 3 0
github.com/tiagofur/eventosapp-backend/internal/repository/client_repo.go:119.18,123.44 2 0
github.com/tiagofur/eventosapp-backend/internal/repository/client_repo.go:123.44,125.4 1 0
github.com/tiagofur/eventosapp-backend/internal/repository/client_repo.go:126.3,126.31 1 0
github.com/tiagofur/eventosapp-backend/internal/repository/client_repo.go:128.2,128.35 1 0
github.com/tiagofur/eventosapp-backend/internal/repository/client_repo.go:128.35,130.3 1 0
github.com/tiagofur/eventosapp-backend/internal/repository/client_repo.go:132.2,132.20 1 0
github.com/tiagofur/eventosapp-backend/internal/repository/client_repo.go:132.20,134.3 1 0
github.com/tiagofur/eventosapp-backend/internal/repository/client_repo.go:136.2,136.21 1 0
github.com/tiagofur/eventosapp-backend/internal/repository/event_repo.go:18.50,20.2 1 1
github.com/tiagofur/eventosapp-backend/internal/repository/event_repo.go:31.52,41.2 3 0
github.com/tiagofur/eventosapp-backend/internal/repository/event_repo.go:43.61,55.23 5 1
github.com/tiagofur/eventosapp-backend/internal/repository/event_repo.go:55.23,57.25 2 0
github.com/tiagofur/eventosapp-backend/internal/repository/event_repo.go:57.25,59.4 1 0
github.com/tiagofur/eventosapp-backend/internal/repository/event_repo.go:61.2,61.15 1 1
github.com/tiagofur/eventosapp-backend/internal/repository/event_repo.go:64.91,69.16 3 1
github.com/tiagofur/eventosapp-backend/internal/repository/event_repo.go:69.16,71.3 1 1
github.com/tiagofur/eventosapp-backend/internal/repository/event_repo.go:72.2,75.18 3 0
github.com/tiagofur/eventosapp-backend/internal/repository/event_repo.go:75.18,77.17 2 0
github.com/tiagofur/eventosapp-backend/internal/repository/event_repo.go:77.17,79.4 1 0
github.com/tiagofur/eventosapp-backend/internal/repository/event_repo.go:80.3,80.29 1 0
github.com/tiagofur/eventosapp-backend/internal/repository/event_repo.go:82.2,82.35 1 0
github.com/tiagofur/eventosapp-backend/internal/repository/event_repo.go:82.35,84.3 1 0
github.com/tiagofur/eventosapp-backend/internal/repository/event_repo.go:85.2,85.20 1 0
github.com/tiagofur/eventosapp-backend/internal/repository/event_repo.go:88.118,94.16 3 1
github.com/tiagofur/eventosapp-backend/internal/repository/event_repo.go:94.16,96.3 1 1
github.com/tiagofur/eventosapp-backend/internal/repository/event_repo.go:97.2,100.18 3 0
github.com/tiagofur/eventosapp-backend/internal/repository/event_repo.go:100.18,102.17 2 0
github.com/tiagofur/eventosapp-backend/internal/repository/event_repo.go:102.17,104.4 1 0
github.com/tiagofur/eventosapp-backend/internal/repository/event_repo.go:105.3,105.29 1 0
github.com/tiagofur/eventosapp-backend/internal/repository/event_repo.go:107.2,107.35 1 0
github.com/tiagofur/eventosapp-backend/internal/repository/event_repo.go:107.35,109.3 1 0
github.com/tiagofur/eventosapp-backend/internal/repository/event_repo.go:110.2,110.20 1 0
github.com/tiagofur/eventosapp-backend/internal/repository/event_repo.go:113.108,117.16 3 1
github.com/tiagofur/eventosapp-backend/internal/repository/event_repo.go:117.16,119.3 1 1
github.com/tiagofur/eventosapp-backend/internal/repository/event_repo.go:120.2,123.18 3 0
github.com/tiagofur/eventosapp-backend/internal/repository/event_repo.go:123.18,132.17 3 0
github.com/tiagofur/eventosapp-backend/internal/repository/event_repo.go:132.17,134.4 1 0
github.com/tiagofur/eventosapp-backend/internal/repository/event_repo.go:135.3,135.29 1 0
github.com/tiagofur/eventosapp-backend/internal/repository/event_repo.go:137.2,137.35 1 0
github.com/tiagofur/eventosapp-backend/internal/repository/event_repo.go:137.35,139.3 1 0
github.com/tiagofur/eventosapp-backend/internal/repository/event_repo.go:140.2,140.20 1 0
github.com/tiagofur/eventosapp-backend/internal/repository/event_repo.go:143.95,148.16 3 1
github.com/tiagofur/eventosapp-backend/internal/repository/event_repo.go:148.16,150.3 1 1
github.com/tiagofur/eventosapp-backend/internal/repository/event_repo.go:151.2,151.16 1 0
github.com/tiagofur/eventosapp-backend/internal/repository/event_repo.go:154.107,160.16 3 1
github.com/tiagofur/eventosapp-backend/internal/repository/event_repo.go:160.16,162.3 1 1
github.com/tiagofur/eventosapp-backend/internal/repository/event_repo.go:163.2,166.18 3 0
github.com/tiagofur/eventosapp-backend/internal/repository/event_repo.go:166.18,168.17 2 0
github.com/tiagofur/eventosapp-backend/internal/repository/event_repo.go:168.17,170.4 1 0
github.com/tiagofur/eventosapp-backend/internal/repository/event_repo.go:171.3,171.29 1 0
github.com/tiagofur/eventosapp-backend/internal/repository/event_repo.go:173.2,173.35 1 0
github.com/tiagofur/eventosapp-backend/internal/repository/event_repo.go:173.35,175.3 1 0
github.com/tiagofur/eventosapp-backend/internal/repository/event_repo.go:176.2,176.20 1 0
github.com/tiagofur/eventosapp-backend/internal/repository/event_repo.go:179.91,186.16 4 0
github.com/tiagofur/eventosapp-backend/internal/repository/event_repo.go:186.16,188.3 1 0
github.com/tiagofur/eventosapp-backend/internal/repository/event_repo.go:189.2,189.19 1 0
github.com/tiagofur/eventosapp-backend/internal/repository/event_repo.go:192.72,195.46 2 0
github.com/tiagofur/eventosapp-backend/internal/repository/event_repo.go:195.46,197.3 1 0
github.com/tiagofur/eventosapp-backend/internal/repository/event_repo.go:198.2,198.42 1 0
github.com/tiagofur/eventosapp-backend/internal/repository/event_repo.go:198.42,200.3 1 0
github.com/tiagofur/eventosapp-backend/internal/repository/event_repo.go:202.2,214.16 3 0
github.com/tiagofur/eventosapp-backend/internal/repository/event_repo.go:214.16,217.3 2 0
github.com/tiagofur/eventosapp-backend/internal/repository/event_repo.go:218.2,218.12 1 0
github.com/tiagofur/eventosapp-backend/internal/repository/event_repo.go:221.72,224.46 2 0
github.com/tiagofur/eventosapp-backend/internal/repository/event_repo.go:224.46,226.3 1 0
github.com/tiagofur/eventosapp-backend/internal/repository/event_repo.go:227.2,227.42 1 0
github.com/tiagofur/eventosapp-backend/internal/repository/event_repo.go:227.42,229.3 1 0
github.com/tiagofur/eventosapp-backend/internal/repository/event_repo.go:231.2,242.36 2 0
github.com/tiagofur/eventosapp-backend/internal/repository/event_repo.go:245.77,247.16 2 1
github.com/tiagofur/eventosapp-backend/internal/repository/event_repo.go:247.16,249.3 1 1
github.com/tiagofur/eventosapp-backend/internal/repository/event_repo.go:250.2,250.29 1 0
github.com/tiagofur/eventosapp-backend/internal/repository/event_repo.go:250.29,252.3 1 0
github.com/tiagofur/eventosapp-backend/internal/repository/event_repo.go:253.2,253.12 1 0
github.com/tiagofur/eventosapp-backend/internal/repository/event_repo.go:258.86,265.2 3 0
github.com/tiagofur/eventosapp-backend/internal/repository/event_repo.go:269.104,275.16 3 1
github.com/tiagofur/eventosapp-backend/internal/repository/event_repo.go:275.16,277.3 1 1
github.com/tiagofur/eventosapp-backend/internal/repository/event_repo.go:278.2,281.18 3 0
github.com/tiagofur/eventosapp-backend/internal/repository/event_repo.go:281.18,284.93 2 0
github.com/tiagofur/eventosapp-backend/internal/repository/event_repo.go:284.93,286.4 1 0
github.com/tiagofur/eventosapp-backend/internal/repository/event_repo.go:287.3,287.34 1 0
github.com/tiagofur/eventosapp-backend/internal/repository/event_repo.go:289.2,289.35 1 0
github.com/tiagofur/eventosapp-backend/internal/repository/event_repo.go:289.35,291.3 1 0
github.com/tiagofur/eventosapp-backend/internal/repository/event_repo.go:292.2,292.22 1 0
github.com/tiagofur/eventosapp-backend/internal/repository/event_repo.go:295.100,299.16 3 1
github.com/tiagofur/eventosapp-backend/internal/repository/event_repo.go:299.16,301.3 1 1
github.com/tiagofur/eventosapp-backend/internal/repository/event_repo.go:302.2,305.18 3 0
github.com/tiagofur/eventosapp-backend/internal/repository/event_repo.go:305.18,308.62 2 0
github.com/tiagofur/eventosapp-backend/internal/repository/event_repo.go:308.62,310.4 1 0
github.com/tiagofur/eventosapp-backend/internal/repository/event_repo.go:311.3,311.30 1 0
github.com/tiagofur/eventosapp-backend/internal/repository/event_repo.go:313.2,313.35 1 0
github.com/tiagofur/eventosapp-backend/internal/repository/event_repo.go:313.35,315.3 1 0
github.com/tiagofur/eventosapp-backend/internal/repository/event_repo.go:316.2,316.20 1 0
github.com/tiagofur/eventosapp-backend/internal/repository/event_repo.go:322.68,325.16 2 1
github.com/tiagofur/eventosapp-backend/internal/repository/event_repo.go:325.16,327.3 1 1
github.com/tiagofur/eventosapp-backend/internal/repository/event_repo.go:328.2,331.97 2 0
github.com/tiagofur/eventosapp-backend/internal/repository/event_repo.go:331.97,333.3 1 0
github.com/tiagofur/eventosapp-backend/internal/repository/event_repo.go:334.2,334.95 1 0
github.com/tiagofur/eventosapp-backend/internal/repository/event_repo.go:334.95,336.3 1 0
github.com/tiagofur/eventosapp-backend/internal/repository/event_repo.go:339.2,339.29 1 0
github.com/tiagofur/eventosapp-backend/internal/repository/event_repo.go:339.29,344.17 2 0
github.com/tiagofur/eventosapp-backend/internal/repository/event_repo.go:344.17,346.4 1 0
github.com/tiagofur/eventosapp-backend/internal/repository/event_repo.go:350.2,350.27 1 0
github.com/tiagofur/eventosapp-backend/internal/repository/event_repo.go:350.27,355.17 2 0
github.com/tiagofur/eventosapp-backend/internal/repository/event_repo.go:355.17,357.4 1 0
github.com/tiagofur/eventosapp-backend/internal/repository/event_repo.go:360.2,360.23 1 0
github.com/tiagofur/eventosapp-backend/internal/repository/event_repo.go:364.105,382.16 4 0
github.com/tiagofur/eventosapp-backend/internal/repository/event_repo.go:382.16,384.3 1 0
github.com/tiagofur/eventosapp-backend/internal/repository/event_repo.go:385.2,388.18 3 0
github.com/tiagofur/eventosapp-backend/internal/repository/event_repo.go:388.18,394.29 3 0
github.com/tiagofur/eventosapp-backend/internal/repository/event_repo.go:394.29,396.4 1 0
github.com/tiagofur/eventosapp-backend/internal/repository/event_repo.go:397.3,397.24 1 0
github.com/tiagofur/eventosapp-backend/internal/repository/event_repo.go:397.24,401.4 1 0
github.com/tiagofur/eventosapp-backend/internal/repository/event_repo.go:402.3,402.29 1 0
github.com/tiagofur/eventosapp-backend/internal/repository/event_repo.go:404.2,404.35 1 0
github.com/tiagofur/eventosapp-backend/internal/repository/event_repo.go:404.35,406.3 1 0
github.com/tiagofur/eventosapp-backend/internal/repository/event_repo.go:408.2,408.19 1 0
github.com/tiagofur/eventosapp-backend/internal/repository/event_repo.go:408.19,410.3 1 0
github.com/tiagofur/eventosapp-backend/internal/repository/event_repo.go:412.2,412.20 1 0
github.com/tiagofur/eventosapp-backend/internal/repository/inventory_repo.go:16.58,18.2 1 1
github.com/tiagofur/eventosapp-backend/internal/repository/inventory_repo.go:19.91,24.2 4 0
github.com/tiagofur/eventosapp-backend/internal/repository/inventory_repo.go:26.103,30.16 3 1
github.com/tiagofur/eventosapp-backend/internal/repository/inventory_repo.go:30.16,32.3 1 1
github.com/tiagofur/eventosapp-backend/internal/repository/inventory_repo.go:33.2,36.18 3 0
github.com/tiagofur/eventosapp-backend/internal/repository/inventory_repo.go:36.18,39.80 2 0
github.com/tiagofur/eventosapp-backend/internal/repository/inventory_repo.go:39.80,41.4 1 0
github.com/tiagofur/eventosapp-backend/internal/repository/inventory_repo.go:42.3,42.27 1 0
github.com/tiagofur/eventosapp-backend/internal/repository/inventory_repo.go:44.2,44.35 1 0
github.com/tiagofur/eventosapp-backend/internal/repository/inventory_repo.go:44.35,46.3 1 0
github.com/tiagofur/eventosapp-backend/internal/repository/inventory_repo.go:47.2,47.19 1 0
github.com/tiagofur/eventosapp-backend/internal/repository/inventory_repo.go:50.107,57.16 4 1
github.com/tiagofur/eventosapp-backend/internal/repository/inventory_repo.go:57.16,59.3 1 1
github.com/tiagofur/eventosapp-backend/internal/repository/inventory_repo.go:60.2,60.15 1 0
github.com/tiagofur/eventosapp-backend/internal/repository/inventory_repo.go:63.84,70.2 2 0
github.com/tiagofur/eventosapp-backend/internal/repository/inventory_repo.go:72.84,81.2 2 0
github.com/tiagofur/eventosapp-backend/internal/repository/inventory_repo.go:83.81,85.16 2 1
github.com/tiagofur/eventosapp-backend/internal/repository/inventory_repo.go:85.16,87.3 1 1
github.com/tiagofur/eventosapp-backend/internal/repository/inventory_repo.go:88.2,88.29 1 0
github.com/tiagofur/eventosapp-backend/internal/repository/inventory_repo.go:88.29,90.3 1 0
github.com/tiagofur/eventosapp-backend/internal/repository/inventory_repo.go:91.2,91.12 1 0
github.com/tiagofur/eventosapp-backend/internal/repository/inventory_repo.go:95.117,109.16 4 0
github.com/tiagofur/eventosapp-backend/internal/repository/inventory_repo.go:109.16,111.3 1 0
github.com/tiagofur/eventosapp-backend/internal/repository/inventory_repo.go:112.2,115.18 3 0
github.com/tiagofur/eventosapp-backend/internal/repository/inventory_repo.go:115.18,119.35 2 0
github.com/tiagofur/eventosapp-backend/internal/repository/inventory_repo.go:119.35,121.4 1 0
github.com/tiagofur/eventosapp-backend/internal/repository/inventory_repo.go:122.3,122.30 1 0
github.com/tiagofur/eventosapp-backend/internal/repository/inventory_repo.go:124.2,124.35 1 0
github.com/tiagofur/eventosapp-backend/internal/repository/inventory_repo.go:124.35,126.3 1 0
github.com/tiagofur/eventosapp-backend/internal/repository/inventory_repo.go:128.2,128.18 1 0
github.com/tiagofur/eventosapp-backend/internal/repository/inventory_repo.go:128.18,130.3 1 0
github.com/tiagofur/eventosapp-backend/internal/repository/inventory_repo.go:132.2,132.19 1 0
github.com/tiagofur/eventosapp-backend/internal/repository/payment_repo.go:20.54,22.2 1 1
github.com/tiagofur/eventosapp-backend/internal/repository/payment_repo.go:24.95,28.2 2 0
github.com/tiagofur/eventosapp-backend/internal/repository/payment_repo.go:30.110,34.2 2 1
github.com/tiagofur/eventosapp-backend/internal/repository/payment_repo.go:36.122,40.2 2 1
github.com/tiagofur/eventosapp-backend/internal/repository/payment_repo.go:42.124,43.24 1 1
github.com/tiagofur/eventosapp-backend/internal/repository/payment_repo.go:43.24,45.3 1 0
github.com/tiagofur/eventosapp-backend/internal/repository/payment_repo.go:46.2,48.54 2 1
github.com/tiagofur/eventosapp-backend/internal/repository/payment_repo.go:51.76,58.2 2 0
github.com/tiagofur/eventosapp-backend/internal/repository/payment_repo.go:60.94,67.2 2 1
github.com/tiagofur/eventosapp-backend/internal/repository/payment_repo.go:69.79,71.16 2 1
github.com/tiagofur/eventosapp-backend/internal/repository/payment_repo.go:71.16,73.3 1 1
github.com/tiagofur/eventosapp-backend/internal/repository/payment_repo.go:74.2,74.29 1 0
github.com/tiagofur/eventosapp-backend/internal/repository/payment_repo.go:74.29,76.3 1 0
github.com/tiagofur/eventosapp-backend/internal/repository/payment_repo.go:77.2,77.12 1 0
github.com/tiagofur/eventosapp-backend/internal/repository/payment_repo.go:80.119,82.16 2 1
github.com/tiagofur/eventosapp-backend/internal/repository/payment_repo.go:82.16,84.3 1 1
github.com/tiagofur/eventosapp-backend/internal/repository/payment_repo.go:85.2,88.18 3 0
github.com/tiagofur/eventosapp-backend/internal/repository/payment_repo.go:88.18,91.74 2 0
github.com/tiagofur/eventosapp-backend/internal/repository/payment_repo.go:91.74,93.4 1 0
github.com/tiagofur/eventosapp-backend/internal/repository/payment_repo.go:94.3,94.33 1 0
github.com/tiagofur/eventosapp-backend/internal/repository/payment_repo.go:96.2,96.35 1 0
github.com/tiagofur/eventosapp-backend/internal/repository/payment_repo.go:96.35,98.3 1 0
github.com/tiagofur/eventosapp-backend/internal/repository/payment_repo.go:99.2,99.22 1 0
github.com/tiagofur/eventosapp-backend/internal/repository/product_repo.go:16.54,18.2 1 1
github.com/tiagofur/eventosapp-backend/internal/repository/product_repo.go:19.89,24.2 4 0
github.com/tiagofur/eventosapp-backend/internal/repository/product_repo.go:26.95,30.16 3 1
github.com/tiagofur/eventosapp-backend/internal/repository/product_repo.go:30.16,32.3 1 1
github.com/tiagofur/eventosapp-backend/internal/repository/product_repo.go:33.2,36.18 3 0
github.com/tiagofur/eventosapp-backend/internal/repository/product_repo.go:36.18,39.81 2 0
github.com/tiagofur/eventosapp-backend/internal/repository/product_repo.go:39.81,41.4 1 0
github.com/tiagofur/eventosapp-backend/internal/repository/product_repo.go:42.3,42.33 1 0
github.com/tiagofur/eventosapp-backend/internal/repository/product_repo.go:44.2,44.35 1 0
github.com/tiagofur/eventosapp-backend/internal/repository/product_repo.go:44.35,46.3 1 0
github.com/tiagofur/eventosapp-backend/internal/repository/product_repo.go:47.2,47.22 1 0
github.com/tiagofur/eventosapp-backend/internal/repository/product_repo.go:50.99,57.16 4 1
github.com/tiagofur/eventosapp-backend/internal/repository/product_repo.go:57.16,59.3 1 1
github.com/tiagofur/eventosapp-backend/internal/repository/product_repo.go:60.2,60.15 1 0
github.com/tiagofur/eventosapp-backend/internal/repository/product_repo.go:63.76,70.2 2 0
github.com/tiagofur/eventosapp-backend/internal/repository/product_repo.go:72.76,79.2 2 0
github.com/tiagofur/eventosapp-backend/internal/repository/product_repo.go:81.79,83.16 2 1
github.com/tiagofur/eventosapp-backend/internal/repository/product_repo.go:83.16,85.3 1 1
github.com/tiagofur/eventosapp-backend/internal/repository/product_repo.go:86.2,86.29 1 0
github.com/tiagofur/eventosapp-backend/internal/repository/product_repo.go:86.29,88.3 1 0
github.com/tiagofur/eventosapp-backend/internal/repository/product_repo.go:89.2,89.12 1 0
github.com/tiagofur/eventosapp-backend/internal/repository/product_repo.go:94.116,100.16 3 1
github.com/tiagofur/eventosapp-backend/internal/repository/product_repo.go:100.16,102.3 1 1
github.com/tiagofur/eventosapp-backend/internal/repository/product_repo.go:103.2,106.18 3 0
github.com/tiagofur/eventosapp-backend/internal/repository/product_repo.go:106.18,109.75 2 0
github.com/tiagofur/eventosapp-backend/internal/repository/product_repo.go:109.75,111.4 1 0
github.com/tiagofur/eventosapp-backend/internal/repository/product_repo.go:112.3,112.40 1 0
github.com/tiagofur/eventosapp-backend/internal/repository/product_repo.go:114.2,114.35 1 0
github.com/tiagofur/eventosapp-backend/internal/repository/product_repo.go:114.35,116.3 1 0
github.com/tiagofur/eventosapp-backend/internal/repository/product_repo.go:117.2,117.25 1 0
github.com/tiagofur/eventosapp-backend/internal/repository/product_repo.go:120.130,121.26 1 1
github.com/tiagofur/eventosapp-backend/internal/repository/product_repo.go:121.26,123.3 1 0
github.com/tiagofur/eventosapp-backend/internal/repository/product_repo.go:124.2,129.16 3 1
github.com/tiagofur/eventosapp-backend/internal/repository/product_repo.go:129.16,131.3 1 1
github.com/tiagofur/eventosapp-backend/internal/repository/product_repo.go:132.2,135.18 3 0
github.com/tiagofur/eventosapp-backend/internal/repository/product_repo.go:135.18,138.75 2 0
github.com/tiagofur/eventosapp-backend/internal/repository/product_repo.go:138.75,140.4 1 0
github.com/tiagofur/eventosapp-backend/internal/repository/product_repo.go:141.3,141.40 1 0
github.com/tiagofur/eventosapp-backend/internal/repository/product_repo.go:143.2,143.35 1 0
github.com/tiagofur/eventosapp-backend/internal/repository/product_repo.go:143.35,145.3 1 0
github.com/tiagofur/eventosapp-backend/internal/repository/product_repo.go:146.2,146.25 1 0
github.com/tiagofur/eventosapp-backend/internal/repository/product_repo.go:149.129,151.16 2 1
github.com/tiagofur/eventosapp-backend/internal/repository/product_repo.go:151.16,153.3 1 1
github.com/tiagofur/eventosapp-backend/internal/repository/product_repo.go:154.2,156.106 2 0
github.com/tiagofur/eventosapp-backend/internal/repository/product_repo.go:156.106,158.3 1 0
github.com/tiagofur/eventosapp-backend/internal/repository/product_repo.go:160.2,160.34 1 0
github.com/tiagofur/eventosapp-backend/internal/repository/product_repo.go:160.34,165.17 2 0
github.com/tiagofur/eventosapp-backend/internal/repository/product_repo.go:165.17,167.4 1 0
github.com/tiagofur/eventosapp-backend/internal/repository/product_repo.go:170.2,170.23 1 0
github.com/tiagofur/eventosapp-backend/internal/repository/product_repo.go:174.108,175.26 1 0
github.com/tiagofur/eventosapp-backend/internal/repository/product_repo.go:175.26,177.3 1 0
github.com/tiagofur/eventosapp-backend/internal/repository/product_repo.go:178.2,180.85 3 0
github.com/tiagofur/eventosapp-backend/internal/repository/product_repo.go:180.85,182.3 1 0
github.com/tiagofur/eventosapp-backend/internal/repository/product_repo.go:183.2,183.30 1 0
github.com/tiagofur/eventosapp-backend/internal/repository/product_repo.go:183.30,185.3 1 0
github.com/tiagofur/eventosapp-backend/internal/repository/product_repo.go:186.2,186.12 1 0
github.com/tiagofur/eventosapp-backend/internal/repository/product_repo.go:190.109,203.16 4 0
github.com/tiagofur/eventosapp-backend/internal/repository/product_repo.go:203.16,205.3 1 0
github.com/tiagofur/eventosapp-backend/internal/repository/product_repo.go:206.2,209.18 3 0
github.com/tiagofur/eventosapp-backend/internal/repository/product_repo.go:209.18,212.81 2 0
github.com/tiagofur/eventosapp-backend/internal/repository/product_repo.go:212.81,214.4 1 0
github.com/tiagofur/eventosapp-backend/internal/repository/product_repo.go:215.3,215.33 1 0
github.com/tiagofur/eventosapp-backend/internal/repository/product_repo.go:217.2,217.35 1 0
github.com/tiagofur/eventosapp-backend/internal/repository/product_repo.go:217.35,219.3 1 0
github.com/tiagofur/eventosapp-backend/internal/repository/product_repo.go:221.2,221.21 1 0
github.com/tiagofur/eventosapp-backend/internal/repository/product_repo.go:221.21,223.3 1 0
github.com/tiagofur/eventosapp-backend/internal/repository/product_repo.go:225.2,225.22 1 0
github.com/tiagofur/eventosapp-backend/internal/repository/user_repo.go:16.48,18.2 1 1
github.com/tiagofur/eventosapp-backend/internal/repository/user_repo.go:20.73,28.2 2 0
github.com/tiagofur/eventosapp-backend/internal/repository/user_repo.go:30.88,41.16 4 1
github.com/tiagofur/eventosapp-backend/internal/repository/user_repo.go:41.16,43.3 1 1
github.com/tiagofur/eventosapp-backend/internal/repository/user_repo.go:44.2,44.18 1 0
github.com/tiagofur/eventosapp-backend/internal/repository/user_repo.go:47.85,58.16 4 1
github.com/tiagofur/eventosapp-backend/internal/repository/user_repo.go:58.16,60.3 1 1
github.com/tiagofur/eventosapp-backend/internal/repository/user_repo.go:61.2,61.18 1 0
github.com/tiagofur/eventosapp-backend/internal/repository/user_repo.go:65.82,88.16 4 1
github.com/tiagofur/eventosapp-backend/internal/repository/user_repo.go:88.16,90.3 1 1
github.com/tiagofur/eventosapp-backend/internal/repository/user_repo.go:91.2,91.18 1 0
github.com/tiagofur/eventosapp-backend/internal/repository/user_repo.go:95.122,104.2 3 0
github.com/tiagofur/eventosapp-backend/internal/repository/user_repo.go:108.114,115.16 3 0
github.com/tiagofur/eventosapp-backend/internal/repository/user_repo.go:115.16,117.3 1 0
github.com/tiagofur/eventosapp-backend/internal/repository/user_repo.go:118.2,118.29 1 0
github.com/tiagofur/eventosapp-backend/internal/repository/user_repo.go:118.29,120.3 1 0
github.com/tiagofur/eventosapp-backend/internal/repository/user_repo.go:121.2,121.12 1 0
github.com/tiagofur/eventosapp-backend/internal/repository/user_repo.go:125.101,132.16 3 0
github.com/tiagofur/eventosapp-backend/internal/repository/user_repo.go:132.16,134.3 1 0
github.com/tiagofur/eventosapp-backend/internal/repository/user_repo.go:135.2,135.29 1 0
github.com/tiagofur/eventosapp-backend/internal/repository/user_repo.go:135.29,137.3 1 0
github.com/tiagofur/eventosapp-backend/internal/repository/user_repo.go:138.2,138.12 1 0
github.com/tiagofur/eventosapp-backend/internal/database/database.go:12.57,14.16 2 1
github.com/tiagofur/eventosapp-backend/internal/database/database.go:14.16,16.3 1 1
github.com/tiagofur/eventosapp-backend/internal/database/database.go:18.2,27.16 8 1
github.com/tiagofur/eventosapp-backend/internal/database/database.go:27.16,29.3 1 0
github.com/tiagofur/eventosapp-backend/internal/database/database.go:31.2,31.38 1 1
github.com/tiagofur/eventosapp-backend/internal/database/database.go:31.38,34.3 2 1
github.com/tiagofur/eventosapp-backend/internal/database/database.go:36.2,37.18 2 1
github.com/tiagofur/eventosapp-backend/internal/database/migrate.go:19.40,29.16 3 0
github.com/tiagofur/eventosapp-backend/internal/database/migrate.go:29.16,31.3 1 0
github.com/tiagofur/eventosapp-backend/internal/database/migrate.go:34.2,35.16 2 0
github.com/tiagofur/eventosapp-backend/internal/database/migrate.go:35.16,37.3 1 0
github.com/tiagofur/eventosapp-backend/internal/database/migrate.go:38.2,41.18 3 0
github.com/tiagofur/eventosapp-backend/internal/database/migrate.go:41.18,43.45 2 0
github.com/tiagofur/eventosapp-backend/internal/database/migrate.go:43.45,45.4 1 0
github.com/tiagofur/eventosapp-backend/internal/database/migrate.go:46.3,46.26 1 0
github.com/tiagofur/eventosapp-backend/internal/database/migrate.go:48.2,48.35 1 0
github.com/tiagofur/eventosapp-backend/internal/database/migrate.go:48.35,50.3 1 0
github.com/tiagofur/eventosapp-backend/internal/database/migrate.go:53.2,54.16 2 0
github.com/tiagofur/eventosapp-backend/internal/database/migrate.go:54.16,56.3 1 0
github.com/tiagofur/eventosapp-backend/internal/database/migrate.go:59.2,60.32 2 0
github.com/tiagofur/eventosapp-backend/internal/database/migrate.go:60.32,61.49 1 0
github.com/tiagofur/eventosapp-backend/internal/database/migrate.go:61.49,63.4 1 0
github.com/tiagofur/eventosapp-backend/internal/database/migrate.go:65.2,68.35 2 0
github.com/tiagofur/eventosapp-backend/internal/database/migrate.go:68.35,70.23 2 0
github.com/tiagofur/eventosapp-backend/internal/database/migrate.go:70.23,71.12 1 0
github.com/tiagofur/eventosapp-backend/internal/database/migrate.go:74.3,77.17 3 0
github.com/tiagofur/eventosapp-backend/internal/database/migrate.go:77.17,79.4 1 0
github.com/tiagofur/eventosapp-backend/internal/database/migrate.go:81.3,82.17 2 0
github.com/tiagofur/eventosapp-backend/internal/database/migrate.go:82.17,84.4 1 0
github.com/tiagofur/eventosapp-backend/internal/database/migrate.go:86.3,86.58 1 0
github.com/tiagofur/eventosapp-backend/internal/database/migrate.go:86.58,87.47 1 0
github.com/tiagofur/eventosapp-backend/internal/database/migrate.go:87.47,89.5 1 0
github.com/tiagofur/eventosapp-backend/internal/database/migrate.go:90.4,90.72 1 0
github.com/tiagofur/eventosapp-backend/internal/database/migrate.go:93.3,93.105 1 0
github.com/tiagofur/eventosapp-backend/internal/database/migrate.go:93.105,94.47 1 0
github.com/tiagofur/eventosapp-backend/internal/database/migrate.go:94.47,96.5 1 0
github.com/tiagofur/eventosapp-backend/internal/database/migrate.go:97.4,97.73 1 0
github.com/tiagofur/eventosapp-backend/internal/database/migrate.go:100.3,100.40 1 0
github.com/tiagofur/eventosapp-backend/internal/database/migrate.go:100.40,102.4 1 0
github.com/tiagofur/eventosapp-backend/internal/database/migrate.go:104.3,104.53 1 0
github.com/tiagofur/eventosapp-backend/internal/database/migrate.go:107.2,108.12 2 0
github.com/tiagofur/eventosapp-backend/internal/router/router.go:15.90,26.64 6 1
github.com/tiagofur/eventosapp-backend/internal/router/router.go:26.64,30.3 3 1
github.com/tiagofur/eventosapp-backend/internal/router/router.go:33.2,33.37 1 1
github.com/tiagofur/eventosapp-backend/internal/router/router.go:33.37,36.39 1 1
github.com/tiagofur/eventosapp-backend/internal/router/router.go:36.39,46.31 8 1
github.com/tiagofur/eventosapp-backend/internal/router/router.go:46.31,49.5 2 1
github.com/tiagofur/eventosapp-backend/internal/router/router.go:53.3,53.48 1 1
github.com/tiagofur/eventosapp-backend/internal/router/router.go:53.48,59.31 3 1
github.com/tiagofur/eventosapp-backend/internal/router/router.go:59.31,66.5 6 1
github.com/tiagofur/eventosapp-backend/internal/router/router.go:70.3,71.68 2 1
github.com/tiagofur/eventosapp-backend/internal/router/router.go:71.68,74.4 2 1
github.com/tiagofur/eventosapp-backend/internal/router/router.go:77.3,77.30 1 1
github.com/tiagofur/eventosapp-backend/internal/router/router.go:77.30,87.43 4 1
github.com/tiagofur/eventosapp-backend/internal/router/router.go:87.43,93.5 5 1
github.com/tiagofur/eventosapp-backend/internal/router/router.go:96.4,96.42 1 1
github.com/tiagofur/eventosapp-backend/internal/router/router.go:96.42,109.5 11 1
github.com/tiagofur/eventosapp-backend/internal/router/router.go:112.4,112.44 1 1
github.com/tiagofur/eventosapp-backend/internal/router/router.go:112.44,121.5 8 1
github.com/tiagofur/eventosapp-backend/internal/router/router.go:124.4,124.45 1 1
github.com/tiagofur/eventosapp-backend/internal/router/router.go:124.45,130.5 5 1
github.com/tiagofur/eventosapp-backend/internal/router/router.go:133.4,133.44 1 1
github.com/tiagofur/eventosapp-backend/internal/router/router.go:133.44,138.5 4 1
github.com/tiagofur/eventosapp-backend/internal/router/router.go:141.4,141.31 1 1
github.com/tiagofur/eventosapp-backend/internal/router/router.go:141.31,144.5 2 1
github.com/tiagofur/eventosapp-backend/internal/router/router.go:148.2,148.10 1 1
github.com/tiagofur/eventosapp-backend/internal/handlers/auth_handler.go:23.137,29.2 1 0
github.com/tiagofur/eventosapp-backend/internal/handlers/auth_handler.go:47.72,49.44 2 1
github.com/tiagofur/eventosapp-backend/internal/handlers/auth_handler.go:49.44,52.3 2 1
github.com/tiagofur/eventosapp-backend/internal/handlers/auth_handler.go:54.2,57.61 3 1
github.com/tiagofur/eventosapp-backend/internal/handlers/auth_handler.go:57.61,60.3 2 1
github.com/tiagofur/eventosapp-backend/internal/handlers/auth_handler.go:62.2,62.64 1 1
github.com/tiagofur/eventosapp-backend/internal/handlers/auth_handler.go:62.64,65.3 2 0
github.com/tiagofur/eventosapp-backend/internal/handlers/auth_handler.go:67.2,67.25 1 1
github.com/tiagofur/eventosapp-backend/internal/handlers/auth_handler.go:67.25,70.3 2 0
github.com/tiagofur/eventosapp-backend/internal/handlers/auth_handler.go:72.2,72.27 1 1
github.com/tiagofur/eventosapp-backend/internal/handlers/auth_handler.go:72.27,75.3 2 1
github.com/tiagofur/eventosapp-backend/internal/handlers/auth_handler.go:78.2,79.21 2 1
github.com/tiagofur/eventosapp-backend/internal/handlers/auth_handler.go:79.21,82.3 2 0
github.com/tiagofur/eventosapp-backend/internal/handlers/auth_handler.go:85.2,86.16 2 1
github.com/tiagofur/eventosapp-backend/internal/handlers/auth_handler.go:86.16,90.3 3 1
github.com/tiagofur/eventosapp-backend/internal/handlers/auth_handler.go:93.2,100.61 2 1
github.com/tiagofur/eventosapp-backend/internal/handlers/auth_handler.go:100.61,104.3 3 1
github.com/tiagofur/eventosapp-backend/internal/handlers/auth_handler.go:107.2,108.16 2 0
github.com/tiagofur/eventosapp-backend/internal/handlers/auth_handler.go:108.16,112.3 3 0
github.com/tiagofur/eventosapp-backend/internal/handlers/auth_handler.go:115.2,130.4 2 0
github.com/tiagofur/eventosapp-backend/internal/handlers/auth_handler.go:134.69,136.44 2 1
github.com/tiagofur/eventosapp-backend/internal/handlers/auth_handler.go:136.44,139.3 2 1
github.com/tiagofur/eventosapp-backend/internal/handlers/auth_handler.go:141.2,143.43 2 1
github.com/tiagofur/eventosapp-backend/internal/handlers/auth_handler.go:143.43,146.3 2 1
github.com/tiagofur/eventosapp-backend/internal/handlers/auth_handler.go:149.2,150.31 2 1
github.com/tiagofur/eventosapp-backend/internal/handlers/auth_handler.go:150.31,153.3 2 1
github.com/tiagofur/eventosapp-backend/internal/handlers/auth_handler.go:156.2,156.67 1 0
github.com/tiagofur/eventosapp-backend/internal/handlers/auth_handler.go:156.67,159.3 2 0
github.com/tiagofur/eventosapp-backend/internal/handlers/auth_handler.go:162.2,163.16 2 0
github.com/tiagofur/eventosapp-backend/internal/handlers/auth_handler.go:163.16,167.3 3 0
github.com/tiagofur/eventosapp-backend/internal/handlers/auth_handler.go:170.2,185.4 2 0
github.com/tiagofur/eventosapp-backend/internal/handlers/auth_handler.go:189.66,193.16 3 0
github.com/tiagofur/eventosapp-backend/internal/handlers/auth_handler.go:193.16,196.3 2 0
github.com/tiagofur/eventosapp-backend/internal/handlers/auth_handler.go:198.2,198.35 1 0
github.com/tiagofur/eventosapp-backend/internal/handlers/auth_handler.go:202.76,206.44 2 1
github.com/tiagofur/eventosapp-backend/internal/handlers/auth_handler.go:206.44,209.3 2 1
github.com/tiagofur/eventosapp-backend/internal/handlers/auth_handler.go:211.2,212.16 2 1
github.com/tiagofur/eventosapp-backend/internal/handlers/auth_handler.go:212.16,215.3 2 1
github.com/tiagofur/eventosapp-backend/internal/handlers/auth_handler.go:217.2,218.16 2 1
github.com/tiagofur/eventosapp-backend/internal/handlers/auth_handler.go:218.16,222.3 3 0
github.com/tiagofur/eventosapp-backend/internal/handlers/auth_handler.go:225.2,236.37 2 1
github.com/tiagofur/eventosapp-backend/internal/handlers/auth_handler.go:240.70,255.2 2 0
github.com/tiagofur/eventosapp-backend/internal/handlers/auth_handler.go:258.78,260.44 2 1
github.com/tiagofur/eventosapp-backend/internal/handlers/auth_handler.go:260.44,263.3 2 1
github.com/tiagofur/eventosapp-backend/internal/handlers/auth_handler.go:266.2,267.31 2 0
github.com/tiagofur/eventosapp-backend/internal/handlers/auth_handler.go:267.31,270.17 2 0
github.com/tiagofur/eventosapp-backend/internal/handlers/auth_handler.go:270.17,276.4 3 0
github.com/tiagofur/eventosapp-backend/internal/handlers/auth_handler.go:279.3,279.88 1 0
github.com/tiagofur/eventosapp-backend/internal/handlers/auth_handler.go:279.88,282.4 1 0
github.com/tiagofur/eventosapp-backend/internal/handlers/auth_handler.go:282.9,284.4 1 0
github.com/tiagofur/eventosapp-backend/internal/handlers/auth_handler.go:287.2,289.4 1 0
github.com/tiagofur/eventosapp-backend/internal/handlers/auth_handler.go:298.77,300.44 2 0
github.com/tiagofur/eventosapp-backend/internal/handlers/auth_handler.go:300.44,303.3 2 0
github.com/tiagofur/eventosapp-backend/internal/handlers/auth_handler.go:306.2,306.46 1 0
github.com/tiagofur/eventosapp-backend/internal/handlers/auth_handler.go:306.46,309.3 2 0
github.com/tiagofur/eventosapp-backend/internal/handlers/auth_handler.go:311.2,311.30 1 0
github.com/tiagofur/eventosapp-backend/internal/handlers/auth_handler.go:311.30,314.3 2 0
github.com/tiagofur/eventosapp-backend/internal/handlers/auth_handler.go:317.2,318.16 2 0
github.com/tiagofur/eventosapp-backend/internal/handlers/auth_handler.go:318.16,321.3 2 0
github.com/tiagofur/eventosapp-backend/internal/handlers/auth_handler.go:324.2,325.31 2 0
github.com/tiagofur/eventosapp-backend/internal/handlers/auth_handler.go:325.31,328.3 2 0
github.com/tiagofur/eventosapp-backend/internal/handlers/auth_handler.go:331.2,332.16 2 0
github.com/tiagofur/eventosapp-backend/internal/handlers/auth_handler.go:332.16,336.3 3 0
github.com/tiagofur/eventosapp-backend/internal/handlers/auth_handler.go:339.2,339.78 1 0
github.com/tiagofur/eventosapp-backend/internal/handlers/auth_handler.go:339.78,343.3 3 0
github.com/tiagofur/eventosapp-backend/internal/handlers/auth_handler.go:345.2,349.4 2 0
github.com/tiagofur/eventosapp-backend/internal/handlers/auth_handler.go:353.77,367.44 3 1
github.com/tiagofur/eventosapp-backend/internal/handlers/auth_handler.go:367.44,370.3 2 1
github.com/tiagofur/eventosapp-backend/internal/handlers/auth_handler.go:372.2,376.16 2 1
github.com/tiagofur/eventosapp-backend/internal/handlers/auth_handler.go:376.16,380.3 3 1
github.com/tiagofur/eventosapp-backend/internal/handlers/auth_handler.go:382.2,382.35 1 0
github.com/tiagofur/eventosapp-backend/internal/handlers/crud_handler.go:34.16,43.2 1 1
github.com/tiagofur/eventosapp-backend/internal/handlers/crud_handler.go:49.75,52.16 3 1
github.com/tiagofur/eventosapp-backend/internal/handlers/crud_handler.go:52.16,55.3 2 1
github.com/tiagofur/eventosapp-backend/internal/handlers/crud_handler.go:56.2,56.38 1 0
github.com/tiagofur/eventosapp-backend/internal/handlers/crud_handler.go:59.73,62.16 3 1
github.com/tiagofur/eventosapp-backend/internal/handlers/crud_handler.go:62.16,65.3 2 1
github.com/tiagofur/eventosapp-backend/internal/handlers/crud_handler.go:66.2,67.16 2 0
github.com/tiagofur/eventosapp-backend/internal/handlers/crud_handler.go:67.16,70.3 2 0
github.com/tiagofur/eventosapp-backend/internal/handlers/crud_handler.go:71.2,71.37 1 0
github.com/tiagofur/eventosapp-backend/internal/handlers/crud_handler.go:74.76,77.47 3 1
github.com/tiagofur/eventosapp-backend/internal/handlers/crud_handler.go:77.47,80.3 2 1
github.com/tiagofur/eventosapp-backend/internal/handlers/crud_handler.go:82.2,83.16 2 1
github.com/tiagofur/eventosapp-backend/internal/handlers/crud_handler.go:83.16,86.3 2 1
github.com/tiagofur/eventosapp-backend/internal/handlers/crud_handler.go:88.2,88.26 1 0
github.com/tiagofur/eventosapp-backend/internal/handlers/crud_handler.go:88.26,90.17 2 0
github.com/tiagofur/eventosapp-backend/internal/handlers/crud_handler.go:90.17,93.4 2 0
github.com/tiagofur/eventosapp-backend/internal/handlers/crud_handler.go:94.3,94.18 1 0
github.com/tiagofur/eventosapp-backend/internal/handlers/crud_handler.go:94.18,97.4 2 0
github.com/tiagofur/eventosapp-backend/internal/handlers/crud_handler.go:100.2,101.66 2 0
github.com/tiagofur/eventosapp-backend/internal/handlers/crud_handler.go:101.66,104.3 2 0
github.com/tiagofur/eventosapp-backend/internal/handlers/crud_handler.go:105.2,105.42 1 0
github.com/tiagofur/eventosapp-backend/internal/handlers/crud_handler.go:108.76,111.16 3 1
github.com/tiagofur/eventosapp-backend/internal/handlers/crud_handler.go:111.16,114.3 2 1
github.com/tiagofur/eventosapp-backend/internal/handlers/crud_handler.go:115.2,116.47 2 1
github.com/tiagofur/eventosapp-backend/internal/handlers/crud_handler.go:116.47,119.3 2 0
github.com/tiagofur/eventosapp-backend/internal/handlers/crud_handler.go:120.2,122.66 3 1
github.com/tiagofur/eventosapp-backend/internal/handlers/crud_handler.go:122.66,125.3 2 1
github.com/tiagofur/eventosapp-backend/internal/handlers/crud_handler.go:126.2,126.37 1 0
github.com/tiagofur/eventosapp-backend/internal/handlers/crud_handler.go:129.76,132.16 3 1
github.com/tiagofur/eventosapp-backend/internal/handlers/crud_handler.go:132.16,135.3 2 0
github.com/tiagofur/eventosapp-backend/internal/handlers/crud_handler.go:136.2,136.69 1 1
github.com/tiagofur/eventosapp-backend/internal/handlers/crud_handler.go:136.69,139.3 2 1
github.com/tiagofur/eventosapp-backend/internal/handlers/crud_handler.go:140.2,140.37 1 0
github.com/tiagofur/eventosapp-backend/internal/handlers/crud_handler.go:147.74,153.20 5 1
github.com/tiagofur/eventosapp-backend/internal/handlers/crud_handler.go:153.20,155.17 2 1
github.com/tiagofur/eventosapp-backend/internal/handlers/crud_handler.go:155.17,158.4 2 1
github.com/tiagofur/eventosapp-backend/internal/handlers/crud_handler.go:159.3,160.17 2 0
github.com/tiagofur/eventosapp-backend/internal/handlers/crud_handler.go:160.17,163.4 2 0
github.com/tiagofur/eventosapp-backend/internal/handlers/crud_handler.go:164.3,165.9 2 0
github.com/tiagofur/eventosapp-backend/internal/handlers/crud_handler.go:168.2,168.30 1 1
github.com/tiagofur/eventosapp-backend/internal/handlers/crud_handler.go:168.30,170.17 2 1
github.com/tiagofur/eventosapp-backend/internal/handlers/crud_handler.go:170.17,173.4 2 1
github.com/tiagofur/eventosapp-backend/internal/handlers/crud_handler.go:174.3,175.17 2 1
github.com/tiagofur/eventosapp-backend/internal/handlers/crud_handler.go:175.17,178.4 2 1
github.com/tiagofur/eventosapp-backend/internal/handlers/crud_handler.go:179.3,180.17 2 0
github.com/tiagofur/eventosapp-backend/internal/handlers/crud_handler.go:180.17,183.4 2 0
github.com/tiagofur/eventosapp-backend/internal/handlers/crud_handler.go:184.3,185.9 2 0
github.com/tiagofur/eventosapp-backend/internal/handlers/crud_handler.go:188.2,189.16 2 1
github.com/tiagofur/eventosapp-backend/internal/handlers/crud_handler.go:189.16,192.3 2 1
github.com/tiagofur/eventosapp-backend/internal/handlers/crud_handler.go:193.2,193.37 1 0
github.com/tiagofur/eventosapp-backend/internal/handlers/crud_handler.go:196.81,199.46 3 1
github.com/tiagofur/eventosapp-backend/internal/handlers/crud_handler.go:199.46,200.63 1 0
github.com/tiagofur/eventosapp-backend/internal/handlers/crud_handler.go:200.63,202.4 1 0
github.com/tiagofur/eventosapp-backend/internal/handlers/crud_handler.go:204.2,205.16 2 1
github.com/tiagofur/eventosapp-backend/internal/handlers/crud_handler.go:205.16,208.3 2 1
github.com/tiagofur/eventosapp-backend/internal/handlers/crud_handler.go:209.2,209.37 1 0
github.com/tiagofur/eventosapp-backend/internal/handlers/crud_handler.go:212.72,215.16 3 1
github.com/tiagofur/eventosapp-backend/internal/handlers/crud_handler.go:215.16,218.3 2 1
github.com/tiagofur/eventosapp-backend/internal/handlers/crud_handler.go:219.2,220.16 2 1
github.com/tiagofur/eventosapp-backend/internal/handlers/crud_handler.go:220.16,223.3 2 1
github.com/tiagofur/eventosapp-backend/internal/handlers/crud_handler.go:224.2,224.36 1 0
github.com/tiagofur/eventosapp-backend/internal/handlers/crud_handler.go:227.75,230.46 3 1
github.com/tiagofur/eventosapp-backend/internal/handlers/crud_handler.go:230.46,233.3 2 0
github.com/tiagofur/eventosapp-backend/internal/handlers/crud_handler.go:236.2,236.46 1 1
github.com/tiagofur/eventosapp-backend/internal/handlers/crud_handler.go:236.46,239.3 2 0
github.com/tiagofur/eventosapp-backend/internal/handlers/crud_handler.go:242.2,243.16 2 1
github.com/tiagofur/eventosapp-backend/internal/handlers/crud_handler.go:243.16,246.3 2 1
github.com/tiagofur/eventosapp-backend/internal/handlers/crud_handler.go:248.2,248.26 1 0
github.com/tiagofur/eventosapp-backend/internal/handlers/crud_handler.go:248.26,250.17 2 0
github.com/tiagofur/eventosapp-backend/internal/handlers/crud_handler.go:250.17,253.4 2 0
github.com/tiagofur/eventosapp-backend/internal/handlers/crud_handler.go:254.3,254.17 1 0
github.com/tiagofur/eventosapp-backend/internal/handlers/crud_handler.go:254.17,258.4 2 0
github.com/tiagofur/eventosapp-backend/internal/handlers/crud_handler.go:261.2,262.64 2 0
github.com/tiagofur/eventosapp-backend/internal/handlers/crud_handler.go:262.64,265.3 2 0
github.com/tiagofur/eventosapp-backend/internal/handlers/crud_handler.go:267.2,267.83 1 0
github.com/tiagofur/eventosapp-backend/internal/handlers/crud_handler.go:267.83,269.3 1 0
github.com/tiagofur/eventosapp-backend/internal/handlers/crud_handler.go:270.2,270.41 1 0
github.com/tiagofur/eventosapp-backend/internal/handlers/crud_handler.go:273.75,276.16 3 1
github.com/tiagofur/eventosapp-backend/internal/handlers/crud_handler.go:276.16,279.3 2 1
github.com/tiagofur/eventosapp-backend/internal/handlers/crud_handler.go:282.2,283.16 2 1
github.com/tiagofur/eventosapp-backend/internal/handlers/crud_handler.go:283.16,286.3 2 1
github.com/tiagofur/eventosapp-backend/internal/handlers/crud_handler.go:288.2,291.48 2 0
github.com/tiagofur/eventosapp-backend/internal/handlers/crud_handler.go:291.48,294.3 2 0
github.com/tiagofur/eventosapp-backend/internal/handlers/crud_handler.go:296.2,300.48 3 0
github.com/tiagofur/eventosapp-backend/internal/handlers/crud_handler.go:300.48,303.3 2 0
github.com/tiagofur/eventosapp-backend/internal/handlers/crud_handler.go:305.2,305.66 1 0
github.com/tiagofur/eventosapp-backend/internal/handlers/crud_handler.go:305.66,308.3 2 0
github.com/tiagofur/eventosapp-backend/internal/handlers/crud_handler.go:311.2,311.86 1 0
github.com/tiagofur/eventosapp-backend/internal/handlers/crud_handler.go:311.86,313.3 1 0
github.com/tiagofur/eventosapp-backend/internal/handlers/crud_handler.go:314.2,314.38 1 0
github.com/tiagofur/eventosapp-backend/internal/handlers/crud_handler.go:314.38,315.81 1 0
github.com/tiagofur/eventosapp-backend/internal/handlers/crud_handler.go:315.81,317.4 1 0
github.com/tiagofur/eventosapp-backend/internal/handlers/crud_handler.go:320.2,320.39 1 0
github.com/tiagofur/eventosapp-backend/internal/handlers/crud_handler.go:323.75,326.16 3 1
github.com/tiagofur/eventosapp-backend/internal/handlers/crud_handler.go:326.16,329.3 2 0
github.com/tiagofur/eventosapp-backend/internal/handlers/crud_handler.go:331.2,332.16 2 1
github.com/tiagofur/eventosapp-backend/internal/handlers/crud_handler.go:332.16,335.3 2 1
github.com/tiagofur/eventosapp-backend/internal/handlers/crud_handler.go:336.2,336.68 1 0
github.com/tiagofur/eventosapp-backend/internal/handlers/crud_handler.go:336.68,339.3 2 0
github.com/tiagofur/eventosapp-backend/internal/handlers/crud_handler.go:340.2,340.83 1 0
github.com/tiagofur/eventosapp-backend/internal/handlers/crud_handler.go:340.83,342.3 1 0
github.com/tiagofur/eventosapp-backend/internal/handlers/crud_handler.go:343.2,343.37 1 0
github.com/tiagofur/eventosapp-backend/internal/handlers/crud_handler.go:346.80,349.16 3 1
github.com/tiagofur/eventosapp-backend/internal/handlers/crud_handler.go:349.16,352.3 2 0
github.com/tiagofur/eventosapp-backend/internal/handlers/crud_handler.go:354.2,354.77 1 1
github.com/tiagofur/eventosapp-backend/internal/handlers/crud_handler.go:354.77,357.3 2 1
github.com/tiagofur/eventosapp-backend/internal/handlers/crud_handler.go:358.2,359.16 2 0
github.com/tiagofur/eventosapp-backend/internal/handlers/crud_handler.go:359.16,362.3 2 0
github.com/tiagofur/eventosapp-backend/internal/handlers/crud_handler.go:363.2,363.39 1 0
github.com/tiagofur/eventosapp-backend/internal/handlers/crud_handler.go:366.78,369.16 3 1
github.com/tiagofur/eventosapp-backend/internal/handlers/crud_handler.go:369.16,372.3 2 0
github.com/tiagofur/eventosapp-backend/internal/handlers/crud_handler.go:374.2,374.77 1 1
github.com/tiagofur/eventosapp-backend/internal/handlers/crud_handler.go:374.77,377.3 2 1
github.com/tiagofur/eventosapp-backend/internal/handlers/crud_handler.go:378.2,379.16 2 0
github.com/tiagofur/eventosapp-backend/internal/handlers/crud_handler.go:379.16,382.3 2 0
github.com/tiagofur/eventosapp-backend/internal/handlers/crud_handler.go:383.2,383.37 1 0
github.com/tiagofur/eventosapp-backend/internal/handlers/crud_handler.go:386.80,389.16 3 1
github.com/tiagofur/eventosapp-backend/internal/handlers/crud_handler.go:389.16,392.3 2 1
github.com/tiagofur/eventosapp-backend/internal/handlers/crud_handler.go:394.2,394.77 1 1
github.com/tiagofur/eventosapp-backend/internal/handlers/crud_handler.go:394.77,397.3 2 1
github.com/tiagofur/eventosapp-backend/internal/handlers/crud_handler.go:399.2,403.44 2 0
github.com/tiagofur/eventosapp-backend/internal/handlers/crud_handler.go:403.44,406.3 2 0
github.com/tiagofur/eventosapp-backend/internal/handlers/crud_handler.go:409.2,409.39 1 0
github.com/tiagofur/eventosapp-backend/internal/handlers/crud_handler.go:409.39,410.56 1 0
github.com/tiagofur/eventosapp-backend/internal/handlers/crud_handler.go:410.56,413.4 2 0
github.com/tiagofur/eventosapp-backend/internal/handlers/crud_handler.go:417.2,417.35 1 0
github.com/tiagofur/eventosapp-backend/internal/handlers/crud_handler.go:417.35,418.52 1 0
github.com/tiagofur/eventosapp-backend/internal/handlers/crud_handler.go:418.52,421.4 2 0
github.com/tiagofur/eventosapp-backend/internal/handlers/crud_handler.go:424.2,424.101 1 0
github.com/tiagofur/eventosapp-backend/internal/handlers/crud_handler.go:424.101,427.3 2 0
github.com/tiagofur/eventosapp-backend/internal/handlers/crud_handler.go:428.2,428.64 1 0
github.com/tiagofur/eventosapp-backend/internal/handlers/crud_handler.go:435.76,438.16 3 1
github.com/tiagofur/eventosapp-backend/internal/handlers/crud_handler.go:438.16,441.3 2 1
github.com/tiagofur/eventosapp-backend/internal/handlers/crud_handler.go:442.2,442.39 1 0
github.com/tiagofur/eventosapp-backend/internal/handlers/crud_handler.go:445.74,448.16 3 1
github.com/tiagofur/eventosapp-backend/internal/handlers/crud_handler.go:448.16,451.3 2 1
github.com/tiagofur/eventosapp-backend/internal/handlers/crud_handler.go:452.2,453.16 2 0
github.com/tiagofur/eventosapp-backend/internal/handlers/crud_handler.go:453.16,456.3 2 0
github.com/tiagofur/eventosapp-backend/internal/handlers/crud_handler.go:457.2,457.38 1 0
github.com/tiagofur/eventosapp-backend/internal/handlers/crud_handler.go:460.77,463.48 3 1
github.com/tiagofur/eventosapp-backend/internal/handlers/crud_handler.go:463.48,466.3 2 1
github.com/tiagofur/eventosapp-backend/internal/handlers/crud_handler.go:469.2,469.50 1 1
github.com/tiagofur/eventosapp-backend/internal/handlers/crud_handler.go:469.50,472.3 2 0
github.com/tiagofur/eventosapp-backend/internal/handlers/crud_handler.go:475.2,476.16 2 1
github.com/tiagofur/eventosapp-backend/internal/handlers/crud_handler.go:476.16,479.3 2 1
github.com/tiagofur/eventosapp-backend/internal/handlers/crud_handler.go:481.2,481.26 1 0
github.com/tiagofur/eventosapp-backend/internal/handlers/crud_handler.go:481.26,483.17 2 0
github.com/tiagofur/eventosapp-backend/internal/handlers/crud_handler.go:483.17,486.4 2 0
github.com/tiagofur/eventosapp-backend/internal/handlers/crud_handler.go:487.3,488.17 2 0
github.com/tiagofur/eventosapp-backend/internal/handlers/crud_handler.go:488.17,491.4 2 0
github.com/tiagofur/eventosapp-backend/internal/handlers/crud_handler.go:492.3,492.40 1 0
github.com/tiagofur/eventosapp-backend/internal/handlers/crud_handler.go:492.40,495.4 2 0
github.com/tiagofur/eventosapp-backend/internal/handlers/crud_handler.go:498.2,499.68 2 0
github.com/tiagofur/eventosapp-backend/internal/handlers/crud_handler.go:499.68,502.3 2 0
github.com/tiagofur/eventosapp-backend/internal/handlers/crud_handler.go:503.2,503.43 1 0
github.com/tiagofur/eventosapp-backend/internal/handlers/crud_handler.go:506.77,509.16 3 1
github.com/tiagofur/eventosapp-backend/internal/handlers/crud_handler.go:509.16,512.3 2 0
github.com/tiagofur/eventosapp-backend/internal/handlers/crud_handler.go:513.2,514.48 2 1
github.com/tiagofur/eventosapp-backend/internal/handlers/crud_handler.go:514.48,517.3 2 0
github.com/tiagofur/eventosapp-backend/internal/handlers/crud_handler.go:520.2,520.50 1 1
github.com/tiagofur/eventosapp-backend/internal/handlers/crud_handler.go:520.50,523.3 2 0
github.com/tiagofur/eventosapp-backend/internal/handlers/crud_handler.go:525.2,527.68 3 1
github.com/tiagofur/eventosapp-backend/internal/handlers/crud_handler.go:527.68,530.3 2 1
github.com/tiagofur/eventosapp-backend/internal/handlers/crud_handler.go:531.2,531.38 1 0
github.com/tiagofur/eventosapp-backend/internal/handlers/crud_handler.go:534.77,537.16 3 1
github.com/tiagofur/eventosapp-backend/internal/handlers/crud_handler.go:537.16,540.3 2 0
github.com/tiagofur/eventosapp-backend/internal/handlers/crud_handler.go:541.2,541.70 1 1
github.com/tiagofur/eventosapp-backend/internal/handlers/crud_handler.go:541.70,544.3 2 1
github.com/tiagofur/eventosapp-backend/internal/handlers/crud_handler.go:545.2,545.37 1 0
github.com/tiagofur/eventosapp-backend/internal/handlers/crud_handler.go:548.85,551.16 3 1
github.com/tiagofur/eventosapp-backend/internal/handlers/crud_handler.go:551.16,554.3 2 0
github.com/tiagofur/eventosapp-backend/internal/handlers/crud_handler.go:556.2,556.74 1 1
github.com/tiagofur/eventosapp-backend/internal/handlers/crud_handler.go:556.74,559.3 2 1
github.com/tiagofur/eventosapp-backend/internal/handlers/crud_handler.go:560.2,561.16 2 0
github.com/tiagofur/eventosapp-backend/internal/handlers/crud_handler.go:561.16,564.3 2 0
github.com/tiagofur/eventosapp-backend/internal/handlers/crud_handler.go:565.2,565.42 1 0
github.com/tiagofur/eventosapp-backend/internal/handlers/crud_handler.go:568.88,571.16 3 1
github.com/tiagofur/eventosapp-backend/internal/handlers/crud_handler.go:571.16,574.3 2 0
github.com/tiagofur/eventosapp-backend/internal/handlers/crud_handler.go:576.2,576.74 1 1
github.com/tiagofur/eventosapp-backend/internal/handlers/crud_handler.go:576.74,579.3 2 1
github.com/tiagofur/eventosapp-backend/internal/handlers/crud_handler.go:580.2,583.44 2 0
github.com/tiagofur/eventosapp-backend/internal/handlers/crud_handler.go:583.44,586.3 2 0
github.com/tiagofur/eventosapp-backend/internal/handlers/crud_handler.go:589.2,589.45 1 0
github.com/tiagofur/eventosapp-backend/internal/handlers/crud_handler.go:589.45,590.64 1 0
github.com/tiagofur/eventosapp-backend/internal/handlers/crud_handler.go:590.64,593.4 2 0
github.com/tiagofur/eventosapp-backend/internal/handlers/crud_handler.go:596.2,596.90 1 0
github.com/tiagofur/eventosapp-backend/internal/handlers/crud_handler.go:596.90,599.3 2 0
github.com/tiagofur/eventosapp-backend/internal/handlers/crud_handler.go:600.2,600.64 1 0
github.com/tiagofur/eventosapp-backend/internal/handlers/crud_handler.go:603.90,608.44 3 0
github.com/tiagofur/eventosapp-backend/internal/handlers/crud_handler.go:608.44,611.3 2 0
github.com/tiagofur/eventosapp-backend/internal/handlers/crud_handler.go:612.2,612.30 1 0
github.com/tiagofur/eventosapp-backend/internal/handlers/crud_handler.go:612.30,615.3 2 0
github.com/tiagofur/eventosapp-backend/internal/handlers/crud_handler.go:616.2,616.31 1 0
github.com/tiagofur/eventosapp-backend/internal/handlers/crud_handler.go:616.31,619.3 2 0
github.com/tiagofur/eventosapp-backend/internal/handlers/crud_handler.go:622.2,623.39 2 0
github.com/tiagofur/eventosapp-backend/internal/handlers/crud_handler.go:623.39,625.17 2 0
github.com/tiagofur/eventosapp-backend/internal/handlers/crud_handler.go:625.17,628.4 2 0
github.com/tiagofur/eventosapp-backend/internal/handlers/crud_handler.go:629.3,629.42 1 0
github.com/tiagofur/eventosapp-backend/internal/handlers/crud_handler.go:633.2,633.89 1 0
github.com/tiagofur/eventosapp-backend/internal/handlers/crud_handler.go:633.89,636.3 2 0
github.com/tiagofur/eventosapp-backend/internal/handlers/crud_handler.go:638.2,639.16 2 0
github.com/tiagofur/eventosapp-backend/internal/handlers/crud_handler.go:639.16,642.3 2 0
github.com/tiagofur/eventosapp-backend/internal/handlers/crud_handler.go:643.2,643.42 1 0
github.com/tiagofur/eventosapp-backend/internal/handlers/crud_handler.go:650.77,653.16 3 1
github.com/tiagofur/eventosapp-backend/internal/handlers/crud_handler.go:653.16,656.3 2 1
github.com/tiagofur/eventosapp-backend/internal/handlers/crud_handler.go:657.2,657.36 1 0
github.com/tiagofur/eventosapp-backend/internal/handlers/crud_handler.go:660.80,663.16 3 1
github.com/tiagofur/eventosapp-backend/internal/handlers/crud_handler.go:663.16,666.3 2 1
github.com/tiagofur/eventosapp-backend/internal/handlers/crud_handler.go:667.2,668.16 2 0
github.com/tiagofur/eventosapp-backend/internal/handlers/crud_handler.go:668.16,671.3 2 0
github.com/tiagofur/eventosapp-backend/internal/handlers/crud_handler.go:672.2,672.35 1 0
github.com/tiagofur/eventosapp-backend/internal/handlers/crud_handler.go:675.83,678.45 3 1
github.com/tiagofur/eventosapp-backend/internal/handlers/crud_handler.go:678.45,681.3 2 1
github.com/tiagofur/eventosapp-backend/internal/handlers/crud_handler.go:684.2,684.53 1 1
github.com/tiagofur/eventosapp-backend/internal/handlers/crud_handler.go:684.53,687.3 2 0
github.com/tiagofur/eventosapp-backend/internal/handlers/crud_handler.go:690.2,691.16 2 1
github.com/tiagofur/eventosapp-backend/internal/handlers/crud_handler.go:691.16,694.3 2 1
github.com/tiagofur/eventosapp-backend/internal/handlers/crud_handler.go:696.2,696.26 1 0
github.com/tiagofur/eventosapp-backend/internal/handlers/crud_handler.go:696.26,698.17 2 0
github.com/tiagofur/eventosapp-backend/internal/handlers/crud_handler.go:698.17,701.4 2 0
github.com/tiagofur/eventosapp-backend/internal/handlers/crud_handler.go:702.3,703.17 2 0
github.com/tiagofur/eventosapp-backend/internal/handlers/crud_handler.go:703.17,706.4 2 0
github.com/tiagofur/eventosapp-backend/internal/handlers/crud_handler.go:707.3,707.40 1 0
github.com/tiagofur/eventosapp-backend/internal/handlers/crud_handler.go:707.40,710.4 2 0
github.com/tiagofur/eventosapp-backend/internal/handlers/crud_handler.go:713.2,714.67 2 0
github.com/tiagofur/eventosapp-backend/internal/handlers/crud_handler.go:714.67,717.3 2 0
github.com/tiagofur/eventosapp-backend/internal/handlers/crud_handler.go:718.2,718.40 1 0
github.com/tiagofur/eventosapp-backend/internal/handlers/crud_handler.go:721.83,724.16 3 1
github.com/tiagofur/eventosapp-backend/internal/handlers/crud_handler.go:724.16,727.3 2 0
github.com/tiagofur/eventosapp-backend/internal/handlers/crud_handler.go:728.2,729.45 2 1
github.com/tiagofur/eventosapp-backend/internal/handlers/crud_handler.go:729.45,732.3 2 0
github.com/tiagofur/eventosapp-backend/internal/handlers/crud_handler.go:735.2,735.53 1 1
github.com/tiagofur/eventosapp-backend/internal/handlers/crud_handler.go:735.53,738.3 2 0
github.com/tiagofur/eventosapp-backend/internal/handlers/crud_handler.go:740.2,742.67 3 1
github.com/tiagofur/eventosapp-backend/internal/handlers/crud_handler.go:742.67,745.3 2 1
github.com/tiagofur/eventosapp-backend/internal/handlers/crud_handler.go:746.2,746.35 1 0
github.com/tiagofur/eventosapp-backend/internal/handlers/crud_handler.go:749.83,752.16 3 1
github.com/tiagofur/eventosapp-backend/internal/handlers/crud_handler.go:752.16,755.3 2 0
github.com/tiagofur/eventosapp-backend/internal/handlers/crud_handler.go:756.2,756.72 1 1
github.com/tiagofur/eventosapp-backend/internal/handlers/crud_handler.go:756.72,759.3 2 1
github.com/tiagofur/eventosapp-backend/internal/handlers/crud_handler.go:760.2,760.37 1 0
github.com/tiagofur/eventosapp-backend/internal/handlers/crud_handler.go:767.76,774.19 6 1
github.com/tiagofur/eventosapp-backend/internal/handlers/crud_handler.go:774.19,776.17 2 1
github.com/tiagofur/eventosapp-backend/internal/handlers/crud_handler.go:776.17,779.4 2 1
github.com/tiagofur/eventosapp-backend/internal/handlers/crud_handler.go:780.3,781.17 2 1
github.com/tiagofur/eventosapp-backend/internal/handlers/crud_handler.go:781.17,784.4 2 1
github.com/tiagofur/eventosapp-backend/internal/handlers/crud_handler.go:785.3,786.9 2 0
github.com/tiagofur/eventosapp-backend/internal/handlers/crud_handler.go:789.2,789.30 1 1
github.com/tiagofur/eventosapp-backend/internal/handlers/crud_handler.go:789.30,791.17 2 0
github.com/tiagofur/eventosapp-backend/internal/handlers/crud_handler.go:791.17,794.4 2 0
github.com/tiagofur/eventosapp-backend/internal/handlers/crud_handler.go:795.3,796.9 2 0
github.com/tiagofur/eventosapp-backend/internal/handlers/crud_handler.go:799.2,799.20 1 1
github.com/tiagofur/eventosapp-backend/internal/handlers/crud_handler.go:799.20,802.40 2 1
github.com/tiagofur/eventosapp-backend/internal/handlers/crud_handler.go:802.40,804.18 2 1
github.com/tiagofur/eventosapp-backend/internal/handlers/crud_handler.go:804.18,807.5 2 1
github.com/tiagofur/eventosapp-backend/internal/handlers/crud_handler.go:808.4,808.25 1 0
github.com/tiagofur/eventosapp-backend/internal/handlers/crud_handler.go:810.3,810.20 1 1
github.com/tiagofur/eventosapp-backend/internal/handlers/crud_handler.go:810.20,813.4 2 1
github.com/tiagofur/eventosapp-backend/internal/handlers/crud_handler.go:814.3,815.17 2 0
github.com/tiagofur/eventosapp-backend/internal/handlers/crud_handler.go:815.17,818.4 2 0
github.com/tiagofur/eventosapp-backend/internal/handlers/crud_handler.go:819.3,820.9 2 0
github.com/tiagofur/eventosapp-backend/internal/handlers/crud_handler.go:823.2,824.16 2 0
github.com/tiagofur/eventosapp-backend/internal/handlers/crud_handler.go:824.16,827.3 2 0
github.com/tiagofur/eventosapp-backend/internal/handlers/crud_handler.go:828.2,828.39 1 0
github.com/tiagofur/eventosapp-backend/internal/handlers/crud_handler.go:831.77,834.48 3 1
github.com/tiagofur/eventosapp-backend/internal/handlers/crud_handler.go:834.48,837.3 2 1
github.com/tiagofur/eventosapp-backend/internal/handlers/crud_handler.go:840.2,840.50 1 1
github.com/tiagofur/eventosapp-backend/internal/handlers/crud_handler.go:840.50,843.3 2 0
github.com/tiagofur/eventosapp-backend/internal/handlers/crud_handler.go:845.2,846.68 2 1
github.com/tiagofur/eventosapp-backend/internal/handlers/crud_handler.go:846.68,849.3 2 1
github.com/tiagofur/eventosapp-backend/internal/handlers/crud_handler.go:850.2,850.43 1 0
github.com/tiagofur/eventosapp-backend/internal/handlers/crud_handler.go:853.77,856.16 3 1
github.com/tiagofur/eventosapp-backend/internal/handlers/crud_handler.go:856.16,859.3 2 1
github.com/tiagofur/eventosapp-backend/internal/handlers/crud_handler.go:860.2,861.48 2 1
github.com/tiagofur/eventosapp-backend/internal/handlers/crud_handler.go:861.48,864.3 2 0
github.com/tiagofur/eventosapp-backend/internal/handlers/crud_handler.go:867.2,867.50 1 1
github.com/tiagofur/eventosapp-backend/internal/handlers/crud_handler.go:867.50,870.3 2 0
github.com/tiagofur/eventosapp-backend/internal/handlers/crud_handler.go:872.2,873.76 2 1
github.com/tiagofur/eventosapp-backend/internal/handlers/crud_handler.go:873.76,876.3 2 1
github.com/tiagofur/eventosapp-backend/internal/handlers/crud_handler.go:877.2,877.38 1 0
github.com/tiagofur/eventosapp-backend/internal/handlers/crud_handler.go:880.77,883.16 3 1
github.com/tiagofur/eventosapp-backend/internal/handlers/crud_handler.go:883.16,886.3 2 1
github.com/tiagofur/eventosapp-backend/internal/handlers/crud_handler.go:887.2,887.70 1 0
github.com/tiagofur/eventosapp-backend/internal/handlers/crud_handler.go:887.70,890.3 2 0
github.com/tiagofur/eventosapp-backend/internal/handlers/crud_handler.go:891.2,891.37 1 0
github.com/tiagofur/eventosapp-backend/internal/handlers/crud_handler.go:895.34,897.37 2 1
github.com/tiagofur/eventosapp-backend/internal/handlers/crud_handler.go:897.37,899.20 2 1
github.com/tiagofur/eventosapp-backend/internal/handlers/crud_handler.go:899.20,901.4 1 1
github.com/tiagofur/eventosapp-backend/internal/handlers/crud_handler.go:903.2,903.15 1 1
github.com/tiagofur/eventosapp-backend/internal/handlers/crud_handler.go:906.36,908.2 1 1
github.com/tiagofur/eventosapp-backend/internal/handlers/crud_handler.go:910.28,912.2 1 1
github.com/tiagofur/eventosapp-backend/internal/handlers/crud_handler.go:914.55,915.17 1 1
github.com/tiagofur/eventosapp-backend/internal/handlers/crud_handler.go:915.17,917.3 1 0
github.com/tiagofur/eventosapp-backend/internal/handlers/crud_handler.go:918.2,918.59 1 1
github.com/tiagofur/eventosapp-backend/internal/handlers/crud_handler.go:918.59,920.3 1 1
github.com/tiagofur/eventosapp-backend/internal/handlers/crud_handler.go:921.2,921.59 1 1
github.com/tiagofur/eventosapp-backend/internal/handlers/crud_handler.go:921.59,923.3 1 1
github.com/tiagofur/eventosapp-backend/internal/handlers/crud_handler.go:924.2,924.46 1 1
github.com/tiagofur/eventosapp-backend/internal/handlers/event_payment_handler.go:28.24,35.2 2 0
github.com/tiagofur/eventosapp-backend/internal/handlers/event_payment_handler.go:39.98,40.33 1 0
github.com/tiagofur/eventosapp-backend/internal/handlers/event_payment_handler.go:40.33,43.3 2 0
github.com/tiagofur/eventosapp-backend/internal/handlers/event_payment_handler.go:45.2,47.16 3 0
github.com/tiagofur/eventosapp-backend/internal/handlers/event_payment_handler.go:47.16,50.3 2 0
github.com/tiagofur/eventosapp-backend/internal/handlers/event_payment_handler.go:53.2,54.16 2 0
github.com/tiagofur/eventosapp-backend/internal/handlers/event_payment_handler.go:54.16,58.3 3 0
github.com/tiagofur/eventosapp-backend/internal/handlers/event_payment_handler.go:61.2,61.33 1 0
github.com/tiagofur/eventosapp-backend/internal/handlers/event_payment_handler.go:61.33,64.3 2 0
github.com/tiagofur/eventosapp-backend/internal/handlers/event_payment_handler.go:66.2,66.28 1 0
github.com/tiagofur/eventosapp-backend/internal/handlers/event_payment_handler.go:66.28,69.3 2 0
github.com/tiagofur/eventosapp-backend/internal/handlers/event_payment_handler.go:72.2,76.27 3 0
github.com/tiagofur/eventosapp-backend/internal/handlers/event_payment_handler.go:76.27,78.3 1 0
github.com/tiagofur/eventosapp-backend/internal/handlers/event_payment_handler.go:81.2,108.83 2 0
github.com/tiagofur/eventosapp-backend/internal/handlers/event_payment_handler.go:108.83,110.3 1 0
github.com/tiagofur/eventosapp-backend/internal/handlers/event_payment_handler.go:112.2,113.16 2 0
github.com/tiagofur/eventosapp-backend/internal/handlers/event_payment_handler.go:113.16,117.3 3 0
github.com/tiagofur/eventosapp-backend/internal/handlers/event_payment_handler.go:119.2,128.4 2 0
github.com/tiagofur/eventosapp-backend/internal/handlers/event_payment_handler.go:133.97,135.21 2 0
github.com/tiagofur/eventosapp-backend/internal/handlers/event_payment_handler.go:135.21,138.3 2 0
github.com/tiagofur/eventosapp-backend/internal/handlers/event_payment_handler.go:140.2,142.16 3 0
github.com/tiagofur/eventosapp-backend/internal/handlers/event_payment_handler.go:142.16,145.3 2 0
github.com/tiagofur/eventosapp-backend/internal/handlers/event_payment_handler.go:148.2,149.16 2 0
github.com/tiagofur/eventosapp-backend/internal/handlers/event_payment_handler.go:149.16,153.3 3 0
github.com/tiagofur/eventosapp-backend/internal/handlers/event_payment_handler.go:156.2,156.51 1 0
github.com/tiagofur/eventosapp-backend/internal/handlers/event_payment_handler.go:156.51,159.3 2 0
github.com/tiagofur/eventosapp-backend/internal/handlers/event_payment_handler.go:161.2,161.49 1 0
github.com/tiagofur/eventosapp-backend/internal/handlers/event_payment_handler.go:161.49,164.3 2 0
github.com/tiagofur/eventosapp-backend/internal/handlers/event_payment_handler.go:166.2,171.4 1 0
github.com/tiagofur/eventosapp-backend/internal/handlers/helpers.go:10.69,13.56 3 1
github.com/tiagofur/eventosapp-backend/internal/handlers/helpers.go:13.56,15.3 1 0
github.com/tiagofur/eventosapp-backend/internal/handlers/helpers.go:19.68,21.2 1 1
github.com/tiagofur/eventosapp-backend/internal/handlers/helpers.go:24.57,29.2 4 1
github.com/tiagofur/eventosapp-backend/internal/handlers/search_handler.go:25.18,32.2 1 0
github.com/tiagofur/eventosapp-backend/internal/handlers/search_handler.go:35.75,40.17 4 0
github.com/tiagofur/eventosapp-backend/internal/handlers/search_handler.go:40.17,43.3 2 0
github.com/tiagofur/eventosapp-backend/internal/handlers/search_handler.go:46.2,67.12 6 0
github.com/tiagofur/eventosapp-backend/internal/handlers/search_handler.go:67.12,72.17 5 0
github.com/tiagofur/eventosapp-backend/internal/handlers/search_handler.go:72.17,75.4 2 0
github.com/tiagofur/eventosapp-backend/internal/handlers/search_handler.go:75.9,77.4 1 0
github.com/tiagofur/eventosapp-backend/internal/handlers/search_handler.go:81.2,82.12 2 0
github.com/tiagofur/eventosapp-backend/internal/handlers/search_handler.go:82.12,87.17 5 0
github.com/tiagofur/eventosapp-backend/internal/handlers/search_handler.go:87.17,90.4 2 0
github.com/tiagofur/eventosapp-backend/internal/handlers/search_handler.go:90.9,92.4 1 0
github.com/tiagofur/eventosapp-backend/internal/handlers/search_handler.go:96.2,97.12 2 0
github.com/tiagofur/eventosapp-backend/internal/handlers/search_handler.go:97.12,102.17 5 0
github.com/tiagofur/eventosapp-backend/internal/handlers/search_handler.go:102.17,105.4 2 0
github.com/tiagofur/eventosapp-backend/internal/handlers/search_handler.go:105.9,107.4 1 0
github.com/tiagofur/eventosapp-backend/internal/handlers/search_handler.go:111.2,112.12 2 0
github.com/tiagofur/eventosapp-backend/internal/handlers/search_handler.go:112.12,117.17 5 0
github.com/tiagofur/eventosapp-backend/internal/handlers/search_handler.go:117.17,120.4 2 0
github.com/tiagofur/eventosapp-backend/internal/handlers/search_handler.go:120.9,122.4 1 0
github.com/tiagofur/eventosapp-backend/internal/handlers/search_handler.go:125.2,128.29 2 0
github.com/tiagofur/eventosapp-backend/internal/handlers/search_handler.go:128.29,130.3 1 0
github.com/tiagofur/eventosapp-backend/internal/handlers/search_handler.go:131.2,131.30 1 0
github.com/tiagofur/eventosapp-backend/internal/handlers/search_handler.go:131.30,133.3 1 0
github.com/tiagofur/eventosapp-backend/internal/handlers/search_handler.go:134.2,134.31 1 0
github.com/tiagofur/eventosapp-backend/internal/handlers/search_handler.go:134.31,136.3 1 0
github.com/tiagofur/eventosapp-backend/internal/handlers/search_handler.go:137.2,137.28 1 0
github.com/tiagofur/eventosapp-backend/internal/handlers/search_handler.go:137.28,139.3 1 0
github.com/tiagofur/eventosapp-backend/internal/handlers/search_handler.go:142.2,147.4 1 0
github.com/tiagofur/eventosapp-backend/internal/handlers/subscription_handler.go:48.24,56.2 2 1
github.com/tiagofur/eventosapp-backend/internal/handlers/subscription_handler.go:63.93,64.65 1 1
github.com/tiagofur/eventosapp-backend/internal/handlers/subscription_handler.go:64.65,67.3 2 1
github.com/tiagofur/eventosapp-backend/internal/handlers/subscription_handler.go:69.2,71.16 3 1
github.com/tiagofur/eventosapp-backend/internal/handlers/subscription_handler.go:71.16,74.3 2 1
github.com/tiagofur/eventosapp-backend/internal/handlers/subscription_handler.go:76.2,92.66 3 0
github.com/tiagofur/eventosapp-backend/internal/handlers/subscription_handler.go:92.66,94.3 1 0
github.com/tiagofur/eventosapp-backend/internal/handlers/subscription_handler.go:94.8,96.3 1 0
github.com/tiagofur/eventosapp-backend/internal/handlers/subscription_handler.go:98.2,99.16 2 0
github.com/tiagofur/eventosapp-backend/internal/handlers/subscription_handler.go:99.16,103.3 3 0
github.com/tiagofur/eventosapp-backend/internal/handlers/subscription_handler.go:105.2,107.4 1 0
github.com/tiagofur/eventosapp-backend/internal/handlers/subscription_handler.go:115.91,116.33 1 1
github.com/tiagofur/eventosapp-backend/internal/handlers/subscription_handler.go:116.33,119.3 2 1
github.com/tiagofur/eventosapp-backend/internal/handlers/subscription_handler.go:121.2,123.16 3 1
github.com/tiagofur/eventosapp-backend/internal/handlers/subscription_handler.go:123.16,126.3 2 0
github.com/tiagofur/eventosapp-backend/internal/handlers/subscription_handler.go:128.2,128.66 1 1
github.com/tiagofur/eventosapp-backend/internal/handlers/subscription_handler.go:128.66,131.3 2 1
github.com/tiagofur/eventosapp-backend/internal/handlers/subscription_handler.go:133.2,137.38 2 0
github.com/tiagofur/eventosapp-backend/internal/handlers/subscription_handler.go:137.38,139.3 1 0
github.com/tiagofur/eventosapp-backend/internal/handlers/subscription_handler.go:141.2,142.16 2 0
github.com/tiagofur/eventosapp-backend/internal/handlers/subscription_handler.go:142.16,146.3 3 0
github.com/tiagofur/eventosapp-backend/internal/handlers/subscription_handler.go:148.2,150.4 1 0
github.com/tiagofur/eventosapp-backend/internal/handlers/subscription_handler.go:158.85,162.16 4 0
github.com/tiagofur/eventosapp-backend/internal/handlers/subscription_handler.go:162.16,165.3 2 0
github.com/tiagofur/eventosapp-backend/internal/handlers/subscription_handler.go:167.2,168.26 2 0
github.com/tiagofur/eventosapp-backend/internal/handlers/subscription_handler.go:168.26,172.3 3 0
github.com/tiagofur/eventosapp-backend/internal/handlers/subscription_handler.go:174.2,175.16 2 0
github.com/tiagofur/eventosapp-backend/internal/handlers/subscription_handler.go:175.16,179.3 3 0
github.com/tiagofur/eventosapp-backend/internal/handlers/subscription_handler.go:181.2,181.20 1 0
github.com/tiagofur/eventosapp-backend/internal/handlers/subscription_handler.go:182.36,184.60 2 0
github.com/tiagofur/eventosapp-backend/internal/handlers/subscription_handler.go:184.60,188.4 3 0
github.com/tiagofur/eventosapp-backend/internal/handlers/subscription_handler.go:191.3,193.37 2 0
github.com/tiagofur/eventosapp-backend/internal/handlers/subscription_handler.go:193.37,196.4 1 0
github.com/tiagofur/eventosapp-backend/internal/handlers/subscription_handler.go:196.9,196.39 1 0
github.com/tiagofur/eventosapp-backend/internal/handlers/subscription_handler.go:196.39,199.18 2 0
github.com/tiagofur/eventosapp-backend/internal/handlers/subscription_handler.go:199.18,201.10 2 0
github.com/tiagofur/eventosapp-backend/internal/handlers/subscription_handler.go:203.4,204.25 2 0
github.com/tiagofur/eventosapp-backend/internal/handlers/subscription_handler.go:204.25,206.5 1 0
github.com/tiagofur/eventosapp-backend/internal/handlers/subscription_handler.go:207.4,207.99 1 0
github.com/tiagofur/eventosapp-backend/internal/handlers/subscription_handler.go:207.99,209.5 1 0
github.com/tiagofur/eventosapp-backend/internal/handlers/subscription_handler.go:209.10,211.5 1 0
github.com/tiagofur/eventosapp-backend/internal/handlers/subscription_handler.go:214.39,216.62 2 0
github.com/tiagofur/eventosapp-backend/internal/handlers/subscription_handler.go:216.62,219.4 2 0
github.com/tiagofur/eventosapp-backend/internal/handlers/subscription_handler.go:221.3,221.94 1 0
github.com/tiagofur/eventosapp-backend/internal/handlers/subscription_handler.go:223.39,225.62 2 0
github.com/tiagofur/eventosapp-backend/internal/handlers/subscription_handler.go:225.62,228.4 2 0
github.com/tiagofur/eventosapp-backend/internal/handlers/subscription_handler.go:230.3,230.104 1 0
github.com/tiagofur/eventosapp-backend/internal/handlers/subscription_handler.go:230.104,232.4 1 0
github.com/tiagofur/eventosapp-backend/internal/handlers/subscription_handler.go:232.9,234.4 1 0
github.com/tiagofur/eventosapp-backend/internal/handlers/subscription_handler.go:237.2,237.30 1 0
github.com/tiagofur/eventosapp-backend/internal/handlers/subscription_handler.go:259.89,261.41 1 1
github.com/tiagofur/eventosapp-backend/internal/handlers/subscription_handler.go:261.41,265.3 3 0
github.com/tiagofur/eventosapp-backend/internal/handlers/subscription_handler.go:266.2,267.96 2 1
github.com/tiagofur/eventosapp-backend/internal/handlers/subscription_handler.go:267.96,271.3 3 1
github.com/tiagofur/eventosapp-backend/internal/handlers/subscription_handler.go:273.2,276.16 4 1
github.com/tiagofur/eventosapp-backend/internal/handlers/subscription_handler.go:276.16,279.3 2 0
github.com/tiagofur/eventosapp-backend/internal/handlers/subscription_handler.go:281.2,282.58 2 1
github.com/tiagofur/eventosapp-backend/internal/handlers/subscription_handler.go:282.58,286.3 3 0
github.com/tiagofur/eventosapp-backend/internal/handlers/subscription_handler.go:288.2,293.16 4 1
github.com/tiagofur/eventosapp-backend/internal/handlers/subscription_handler.go:293.16,298.3 3 0
github.com/tiagofur/eventosapp-backend/internal/handlers/subscription_handler.go:300.2,300.18 1 1
github.com/tiagofur/eventosapp-backend/internal/handlers/subscription_handler.go:301.55,303.91 1 1
github.com/tiagofur/eventosapp-backend/internal/handlers/subscription_handler.go:303.91,305.4 1 0
github.com/tiagofur/eventosapp-backend/internal/handlers/subscription_handler.go:305.9,307.4 1 1
github.com/tiagofur/eventosapp-backend/internal/handlers/subscription_handler.go:309.53,311.93 1 0
github.com/tiagofur/eventosapp-backend/internal/handlers/subscription_handler.go:311.93,313.4 1 0
github.com/tiagofur/eventosapp-backend/internal/handlers/subscription_handler.go:313.9,315.4 1 0
github.com/tiagofur/eventosapp-backend/internal/handlers/subscription_handler.go:317.24,318.89 1 0
github.com/tiagofur/eventosapp-backend/internal/handlers/subscription_handler.go:321.2,321.30 1 1
github.com/tiagofur/eventosapp-backend/internal/handlers/subscription_handler.go:329.84,330.39 1 1
github.com/tiagofur/eventosapp-backend/internal/handlers/subscription_handler.go:330.39,333.3 2 1
github.com/tiagofur/eventosapp-backend/internal/handlers/subscription_handler.go:335.2,337.16 3 1
github.com/tiagofur/eventosapp-backend/internal/handlers/subscription_handler.go:337.16,340.3 2 0
github.com/tiagofur/eventosapp-backend/internal/handlers/subscription_handler.go:342.2,344.4 1 1
github.com/tiagofur/eventosapp-backend/internal/handlers/subscription_handler.go:352.86,353.39 1 1
github.com/tiagofur/eventosapp-backend/internal/handlers/subscription_handler.go:353.39,356.3 2 0
github.com/tiagofur/eventosapp-backend/internal/handlers/subscription_handler.go:358.2,362.16 3 1
github.com/tiagofur/eventosapp-backend/internal/handlers/subscription_handler.go:362.16,365.3 2 0
github.com/tiagofur/eventosapp-backend/internal/handlers/subscription_handler.go:367.2,369.4 1 1
github.com/tiagofur/eventosapp-backend/internal/handlers/subscription_handler.go:374.93,377.16 3 1
github.com/tiagofur/eventosapp-backend/internal/handlers/subscription_handler.go:377.16,380.3 2 0
github.com/tiagofur/eventosapp-backend/internal/handlers/subscription_handler.go:382.2,390.4 2 1
github.com/tiagofur/eventosapp-backend/internal/handlers/subscription_handler.go:394.104,398.41 3 0
github.com/tiagofur/eventosapp-backend/internal/handlers/subscription_handler.go:398.41,401.3 2 0
github.com/tiagofur/eventosapp-backend/internal/handlers/subscription_handler.go:403.2,404.16 2 0
github.com/tiagofur/eventosapp-backend/internal/handlers/subscription_handler.go:404.16,407.3 2 0
github.com/tiagofur/eventosapp-backend/internal/handlers/subscription_handler.go:409.2,410.16 2 0
github.com/tiagofur/eventosapp-backend/internal/handlers/subscription_handler.go:410.16,413.3 2 0
github.com/tiagofur/eventosapp-backend/internal/handlers/subscription_handler.go:416.2,417.16 2 0
github.com/tiagofur/eventosapp-backend/internal/handlers/subscription_handler.go:417.16,420.3 2 0
github.com/tiagofur/eventosapp-backend/internal/handlers/subscription_handler.go:423.2,435.59 4 0
github.com/tiagofur/eventosapp-backend/internal/handlers/subscription_handler.go:435.59,438.3 2 0
github.com/tiagofur/eventosapp-backend/internal/handlers/subscription_handler.go:441.2,441.30 1 0
github.com/tiagofur/eventosapp-backend/internal/handlers/subscription_handler.go:441.30,443.56 2 0
github.com/tiagofur/eventosapp-backend/internal/handlers/subscription_handler.go:443.56,445.4 1 0
github.com/tiagofur/eventosapp-backend/internal/handlers/subscription_handler.go:448.2,453.3 1 0
github.com/tiagofur/eventosapp-backend/internal/handlers/subscription_handler.go:457.34,459.2 1 0
github.com/tiagofur/eventosapp-backend/internal/handlers/upload_handler.go:24.56,26.52 1 0
github.com/tiagofur/eventosapp-backend/internal/handlers/upload_handler.go:26.52,28.48 2 0
github.com/tiagofur/eventosapp-backend/internal/handlers/upload_handler.go:28.48,30.4 1 0
github.com/tiagofur/eventosapp-backend/internal/handlers/upload_handler.go:32.2,32.45 1 0
github.com/tiagofur/eventosapp-backend/internal/handlers/upload_handler.go:38.77,44.55 3 0
github.com/tiagofur/eventosapp-backend/internal/handlers/upload_handler.go:44.55,47.3 2 0
github.com/tiagofur/eventosapp-backend/internal/handlers/upload_handler.go:49.2,50.16 2 0
github.com/tiagofur/eventosapp-backend/internal/handlers/upload_handler.go:50.16,53.3 2 0
github.com/tiagofur/eventosapp-backend/internal/handlers/upload_handler.go:54.2,58.47 3 0
github.com/tiagofur/eventosapp-backend/internal/handlers/upload_handler.go:58.47,61.3 2 0
github.com/tiagofur/eventosapp-backend/internal/handlers/upload_handler.go:64.2,65.15 2 0
github.com/tiagofur/eventosapp-backend/internal/handlers/upload_handler.go:65.15,67.3 1 0
github.com/tiagofur/eventosapp-backend/internal/handlers/upload_handler.go:68.2,73.16 4 0
github.com/tiagofur/eventosapp-backend/internal/handlers/upload_handler.go:73.16,77.3 3 0
github.com/tiagofur/eventosapp-backend/internal/handlers/upload_handler.go:78.2,80.46 2 0
github.com/tiagofur/eventosapp-backend/internal/handlers/upload_handler.go:80.46,84.3 3 0
github.com/tiagofur/eventosapp-backend/internal/handlers/upload_handler.go:87.2,94.4 3 0
github.com/tiagofur/eventosapp-backend/internal/handlers/upload_handler.go:97.75,99.16 2 0
github.com/tiagofur/eventosapp-backend/internal/handlers/upload_handler.go:99.16,102.3 2 0
github.com/tiagofur/eventosapp-backend/internal/handlers/upload_handler.go:103.2,106.16 3 0
github.com/tiagofur/eventosapp-backend/internal/handlers/upload_handler.go:106.16,109.3 2 0
github.com/tiagofur/eventosapp-backend/internal/handlers/upload_handler.go:112.2,117.17 5 0
github.com/tiagofur/eventosapp-backend/internal/handlers/upload_handler.go:117.17,120.3 2 0
github.com/tiagofur/eventosapp-backend/internal/handlers/upload_handler.go:120.8,123.3 2 0
github.com/tiagofur/eventosapp-backend/internal/handlers/upload_handler.go:124.2,124.14 1 0
github.com/tiagofur/eventosapp-backend/internal/handlers/upload_handler.go:124.14,126.3 1 0
github.com/tiagofur/eventosapp-backend/internal/handlers/upload_handler.go:127.2,127.14 1 0
github.com/tiagofur/eventosapp-backend/internal/handlers/upload_handler.go:127.14,129.3 1 0
github.com/tiagofur/eventosapp-backend/internal/handlers/upload_handler.go:131.2,136.16 5 0
github.com/tiagofur/eventosapp-backend/internal/handlers/upload_handler.go:136.16,139.3 2 0
github.com/tiagofur/eventosapp-backend/internal/handlers/upload_handler.go:140.2,142.82 2 0
github.com/tiagofur/eventosapp-backend/internal/handlers/upload_handler.go:142.82,144.3 1 0
github.com/tiagofur/eventosapp-backend/internal/handlers/validation.go:15.41,17.2 1 1
github.com/tiagofur/eventosapp-backend/internal/handlers/validation.go:20.47,22.25 1 1
github.com/tiagofur/eventosapp-backend/internal/handlers/validation.go:22.25,24.3 1 1
github.com/tiagofur/eventosapp-backend/internal/handlers/validation.go:27.2,27.48 1 1
github.com/tiagofur/eventosapp-backend/internal/handlers/validation.go:27.48,29.3 1 1
github.com/tiagofur/eventosapp-backend/internal/handlers/validation.go:32.2,32.46 1 1
github.com/tiagofur/eventosapp-backend/internal/handlers/validation.go:32.46,34.3 1 1
github.com/tiagofur/eventosapp-backend/internal/handlers/validation.go:37.2,37.27 1 1
github.com/tiagofur/eventosapp-backend/internal/handlers/validation.go:37.27,39.3 1 1
github.com/tiagofur/eventosapp-backend/internal/handlers/validation.go:42.2,42.33 1 1
github.com/tiagofur/eventosapp-backend/internal/handlers/validation.go:42.33,43.63 1 1
github.com/tiagofur/eventosapp-backend/internal/handlers/validation.go:43.63,45.4 1 1
github.com/tiagofur/eventosapp-backend/internal/handlers/validation.go:49.2,49.35 1 1
github.com/tiagofur/eventosapp-backend/internal/handlers/validation.go:49.35,50.34 1 1
github.com/tiagofur/eventosapp-backend/internal/handlers/validation.go:50.34,52.4 1 1
github.com/tiagofur/eventosapp-backend/internal/handlers/validation.go:56.2,56.32 1 1
github.com/tiagofur/eventosapp-backend/internal/handlers/validation.go:56.32,57.61 1 1
github.com/tiagofur/eventosapp-backend/internal/handlers/validation.go:57.61,59.4 1 1
github.com/tiagofur/eventosapp-backend/internal/handlers/validation.go:63.2,69.34 2 1
github.com/tiagofur/eventosapp-backend/internal/handlers/validation.go:69.34,71.3 1 1
github.com/tiagofur/eventosapp-backend/internal/handlers/validation.go:73.2,73.12 1 1
github.com/tiagofur/eventosapp-backend/internal/handlers/validation.go:77.53,79.25 1 1
github.com/tiagofur/eventosapp-backend/internal/handlers/validation.go:79.25,81.3 1 1
github.com/tiagofur/eventosapp-backend/internal/handlers/validation.go:84.2,84.33 1 1
github.com/tiagofur/eventosapp-backend/internal/handlers/validation.go:84.33,86.3 1 1
github.com/tiagofur/eventosapp-backend/internal/handlers/validation.go:88.2,88.12 1 1
github.com/tiagofur/eventosapp-backend/internal/handlers/validation.go:92.58,94.22 1 1
github.com/tiagofur/eventosapp-backend/internal/handlers/validation.go:94.22,96.3 1 1
github.com/tiagofur/eventosapp-backend/internal/handlers/validation.go:99.2,99.22 1 1
github.com/tiagofur/eventosapp-backend/internal/handlers/validation.go:99.22,101.3 1 1
github.com/tiagofur/eventosapp-backend/internal/handlers/validation.go:104.2,104.42 1 1
github.com/tiagofur/eventosapp-backend/internal/handlers/validation.go:104.42,106.3 1 1
github.com/tiagofur/eventosapp-backend/internal/handlers/validation.go:108.2,108.12 1 1
github.com/tiagofur/eventosapp-backend/internal/handlers/validation.go:112.54,114.17 1 1
github.com/tiagofur/eventosapp-backend/internal/handlers/validation.go:114.17,116.3 1 1
github.com/tiagofur/eventosapp-backend/internal/handlers/validation.go:119.2,119.18 1 1
github.com/tiagofur/eventosapp-backend/internal/handlers/validation.go:119.18,121.3 1 1
github.com/tiagofur/eventosapp-backend/internal/handlers/validation.go:124.2,124.26 1 1
github.com/tiagofur/eventosapp-backend/internal/handlers/validation.go:124.26,126.3 1 1
github.com/tiagofur/eventosapp-backend/internal/handlers/validation.go:128.2,128.12 1 1
github.com/tiagofur/eventosapp-backend/internal/handlers/validation.go:132.53,134.24 1 1
github.com/tiagofur/eventosapp-backend/internal/handlers/validation.go:134.24,136.3 1 1
github.com/tiagofur/eventosapp-backend/internal/handlers/validation.go:139.2,139.28 1 1
github.com/tiagofur/eventosapp-backend/internal/handlers/validation.go:139.28,141.3 1 1
github.com/tiagofur/eventosapp-backend/internal/handlers/validation.go:144.2,144.27 1 1
github.com/tiagofur/eventosapp-backend/internal/handlers/validation.go:144.27,146.3 1 1
github.com/tiagofur/eventosapp-backend/internal/handlers/validation.go:148.2,148.12 1 1
github.com/tiagofur/eventosapp-backend/internal/handlers/validation.go:152.62,154.31 1 1
github.com/tiagofur/eventosapp-backend/internal/handlers/validation.go:154.31,156.3 1 1
github.com/tiagofur/eventosapp-backend/internal/handlers/validation.go:159.2,159.27 1 1
github.com/tiagofur/eventosapp-backend/internal/handlers/validation.go:159.27,161.3 1 1
github.com/tiagofur/eventosapp-backend/internal/handlers/validation.go:164.2,164.27 1 1
github.com/tiagofur/eventosapp-backend/internal/handlers/validation.go:164.27,166.3 1 1
github.com/tiagofur/eventosapp-backend/internal/handlers/validation.go:169.2,169.21 1 1
github.com/tiagofur/eventosapp-backend/internal/handlers/validation.go:169.21,171.3 1 1
github.com/tiagofur/eventosapp-backend/internal/handlers/validation.go:174.2,174.26 1 1
github.com/tiagofur/eventosapp-backend/internal/handlers/validation.go:174.26,175.25 1 1
github.com/tiagofur/eventosapp-backend/internal/handlers/validation.go:175.25,177.4 1 1
github.com/tiagofur/eventosapp-backend/internal/handlers/validation.go:181.2,185.28 2 1
github.com/tiagofur/eventosapp-backend/internal/handlers/validation.go:185.28,187.3 1 1
github.com/tiagofur/eventosapp-backend/internal/handlers/validation.go:189.2,189.12 1 1
github.com/tiagofur/eventosapp-backend/internal/handlers/validation.go:193.68,195.30 1 1
github.com/tiagofur/eventosapp-backend/internal/handlers/validation.go:195.30,197.3 1 1
github.com/tiagofur/eventosapp-backend/internal/handlers/validation.go:199.2,199.12 1 1
github.com/tiagofur/eventosapp-backend/cmd/server/main.go:21.13,29.16 3 0
github.com/tiagofur/eventosapp-backend/cmd/server/main.go:29.16,32.3 2 0
github.com/tiagofur/eventosapp-backend/cmd/server/main.go:34.2,38.16 3 0
github.com/tiagofur/eventosapp-backend/cmd/server/main.go:38.16,41.3 2 0
github.com/tiagofur/eventosapp-backend/cmd/server/main.go:42.2,45.47 2 0
github.com/tiagofur/eventosapp-backend/cmd/server/main.go:45.47,48.3 2 0
github.com/tiagofur/eventosapp-backend/cmd/server/main.go:51.2,86.12 19 0
github.com/tiagofur/eventosapp-backend/cmd/server/main.go:86.12,87.77 1 0
github.com/tiagofur/eventosapp-backend/cmd/server/main.go:87.77,90.4 2 0
github.com/tiagofur/eventosapp-backend/cmd/server/main.go:93.2,101.42 6 0
github.com/tiagofur/eventosapp-backend/cmd/server/main.go:101.42,103.3 1 0
github.com/tiagofur/eventosapp-backend/cmd/server/main.go:105.2,105.29 1 0
github.com/tiagofur/eventosapp-backend/internal/config/config.go:36.30,56.27 3 1
github.com/tiagofur/eventosapp-backend/internal/config/config.go:56.27,58.3 1 1
github.com/tiagofur/eventosapp-backend/internal/config/config.go:60.2,60.25 1 1
github.com/tiagofur/eventosapp-backend/internal/config/config.go:60.25,62.3 1 1
github.com/tiagofur/eventosapp-backend/internal/config/config.go:64.2,65.16 2 1
github.com/tiagofur/eventosapp-backend/internal/config/config.go:65.16,67.3 1 1
github.com/tiagofur/eventosapp-backend/internal/config/config.go:68.2,73.17 4 1
github.com/tiagofur/eventosapp-backend/internal/config/config.go:76.42,77.40 1 1
github.com/tiagofur/eventosapp-backend/internal/config/config.go:77.40,79.3 1 1
github.com/tiagofur/eventosapp-backend/internal/config/config.go:80.2,80.17 1 1
