mode: set
github.com/tiagofur/solennix-backend/cmd/server/main.go:23.13,31.16 3 0
github.com/tiagofur/solennix-backend/cmd/server/main.go:31.16,34.3 2 0
github.com/tiagofur/solennix-backend/cmd/server/main.go:37.2,43.16 4 0
github.com/tiagofur/solennix-backend/cmd/server/main.go:43.16,46.3 2 0
github.com/tiagofur/solennix-backend/cmd/server/main.go:47.2,50.47 2 0
github.com/tiagofur/solennix-backend/cmd/server/main.go:50.47,53.3 2 0
github.com/tiagofur/solennix-backend/cmd/server/main.go:56.2,56.35 1 0
github.com/tiagofur/solennix-backend/cmd/server/main.go:56.35,59.17 3 0
github.com/tiagofur/solennix-backend/cmd/server/main.go:59.17,61.4 1 0
github.com/tiagofur/solennix-backend/cmd/server/main.go:65.2,105.29 32 0
github.com/tiagofur/solennix-backend/cmd/server/main.go:106.12,114.17 2 0
github.com/tiagofur/solennix-backend/cmd/server/main.go:114.17,117.4 2 0
github.com/tiagofur/solennix-backend/cmd/server/main.go:117.9,119.4 1 0
github.com/tiagofur/solennix-backend/cmd/server/main.go:120.10,121.79 1 0
github.com/tiagofur/solennix-backend/cmd/server/main.go:124.2,137.12 9 0
github.com/tiagofur/solennix-backend/cmd/server/main.go:137.12,138.23 1 0
github.com/tiagofur/solennix-backend/cmd/server/main.go:138.23,140.18 2 0
github.com/tiagofur/solennix-backend/cmd/server/main.go:140.18,142.5 1 0
github.com/tiagofur/solennix-backend/cmd/server/main.go:142.10,142.24 1 0
github.com/tiagofur/solennix-backend/cmd/server/main.go:142.24,144.5 1 0
github.com/tiagofur/solennix-backend/cmd/server/main.go:146.3,149.22 4 0
github.com/tiagofur/solennix-backend/cmd/server/main.go:149.22,151.4 1 0
github.com/tiagofur/solennix-backend/cmd/server/main.go:156.2,156.12 1 0
github.com/tiagofur/solennix-backend/cmd/server/main.go:156.12,159.22 3 0
github.com/tiagofur/solennix-backend/cmd/server/main.go:159.22,161.4 1 0
github.com/tiagofur/solennix-backend/cmd/server/main.go:166.2,166.12 1 0
github.com/tiagofur/solennix-backend/cmd/server/main.go:166.12,167.21 1 0
github.com/tiagofur/solennix-backend/cmd/server/main.go:167.21,169.18 2 0
github.com/tiagofur/solennix-backend/cmd/server/main.go:169.18,171.5 1 0
github.com/tiagofur/solennix-backend/cmd/server/main.go:171.10,171.24 1 0
github.com/tiagofur/solennix-backend/cmd/server/main.go:171.24,173.5 1 0
github.com/tiagofur/solennix-backend/cmd/server/main.go:175.4,176.25 2 0
github.com/tiagofur/solennix-backend/cmd/server/main.go:176.25,178.5 1 0
github.com/tiagofur/solennix-backend/cmd/server/main.go:178.10,178.31 1 0
github.com/tiagofur/solennix-backend/cmd/server/main.go:178.31,180.5 1 0
github.com/tiagofur/solennix-backend/cmd/server/main.go:182.3,185.22 4 0
github.com/tiagofur/solennix-backend/cmd/server/main.go:185.22,187.4 1 0
github.com/tiagofur/solennix-backend/cmd/server/main.go:191.2,203.12 4 0
github.com/tiagofur/solennix-backend/cmd/server/main.go:203.12,204.77 1 0
github.com/tiagofur/solennix-backend/cmd/server/main.go:204.77,207.4 2 0
github.com/tiagofur/solennix-backend/cmd/server/main.go:210.2,218.42 6 0
github.com/tiagofur/solennix-backend/cmd/server/main.go:218.42,220.3 1 0
github.com/tiagofur/solennix-backend/cmd/server/main.go:222.2,222.29 1 0
github.com/tiagofur/solennix-backend/internal/config/config.go:59.30,95.27 3 1
github.com/tiagofur/solennix-backend/internal/config/config.go:95.27,97.3 1 1
github.com/tiagofur/solennix-backend/internal/config/config.go:99.2,99.25 1 1
github.com/tiagofur/solennix-backend/internal/config/config.go:99.25,101.3 1 1
github.com/tiagofur/solennix-backend/internal/config/config.go:103.2,103.29 1 1
github.com/tiagofur/solennix-backend/internal/config/config.go:103.29,105.3 1 1
github.com/tiagofur/solennix-backend/internal/config/config.go:107.2,108.16 2 1
github.com/tiagofur/solennix-backend/internal/config/config.go:108.16,110.3 1 1
github.com/tiagofur/solennix-backend/internal/config/config.go:111.2,118.21 5 1
github.com/tiagofur/solennix-backend/internal/config/config.go:118.21,119.52 1 1
github.com/tiagofur/solennix-backend/internal/config/config.go:119.52,121.16 2 1
github.com/tiagofur/solennix-backend/internal/config/config.go:121.16,123.5 1 1
github.com/tiagofur/solennix-backend/internal/config/config.go:127.2,127.17 1 1
github.com/tiagofur/solennix-backend/internal/config/config.go:130.42,131.40 1 1
github.com/tiagofur/solennix-backend/internal/config/config.go:131.40,133.3 1 1
github.com/tiagofur/solennix-backend/internal/config/config.go:134.2,134.17 1 1
github.com/tiagofur/solennix-backend/internal/database/database.go:12.57,14.16 2 1
github.com/tiagofur/solennix-backend/internal/database/database.go:14.16,16.3 1 1
github.com/tiagofur/solennix-backend/internal/database/database.go:18.2,27.16 8 1
github.com/tiagofur/solennix-backend/internal/database/database.go:27.16,29.3 1 0
github.com/tiagofur/solennix-backend/internal/database/database.go:31.2,31.38 1 1
github.com/tiagofur/solennix-backend/internal/database/database.go:31.38,34.3 2 1
github.com/tiagofur/solennix-backend/internal/database/database.go:36.2,37.18 2 0
github.com/tiagofur/solennix-backend/internal/database/migrate.go:19.40,29.16 3 1
github.com/tiagofur/solennix-backend/internal/database/migrate.go:29.16,31.3 1 1
github.com/tiagofur/solennix-backend/internal/database/migrate.go:34.2,35.16 2 0
github.com/tiagofur/solennix-backend/internal/database/migrate.go:35.16,37.3 1 0
github.com/tiagofur/solennix-backend/internal/database/migrate.go:38.2,41.18 3 0
github.com/tiagofur/solennix-backend/internal/database/migrate.go:41.18,43.45 2 0
github.com/tiagofur/solennix-backend/internal/database/migrate.go:43.45,45.4 1 0
github.com/tiagofur/solennix-backend/internal/database/migrate.go:46.3,46.26 1 0
github.com/tiagofur/solennix-backend/internal/database/migrate.go:48.2,48.35 1 0
github.com/tiagofur/solennix-backend/internal/database/migrate.go:48.35,50.3 1 0
github.com/tiagofur/solennix-backend/internal/database/migrate.go:53.2,54.16 2 0
github.com/tiagofur/solennix-backend/internal/database/migrate.go:54.16,56.3 1 0
github.com/tiagofur/solennix-backend/internal/database/migrate.go:59.2,60.32 2 0
github.com/tiagofur/solennix-backend/internal/database/migrate.go:60.32,61.49 1 0
github.com/tiagofur/solennix-backend/internal/database/migrate.go:61.49,63.4 1 0
github.com/tiagofur/solennix-backend/internal/database/migrate.go:65.2,68.35 2 0
github.com/tiagofur/solennix-backend/internal/database/migrate.go:68.35,70.23 2 0
github.com/tiagofur/solennix-backend/internal/database/migrate.go:70.23,71.12 1 0
github.com/tiagofur/solennix-backend/internal/database/migrate.go:74.3,77.17 3 0
github.com/tiagofur/solennix-backend/internal/database/migrate.go:77.17,79.4 1 0
github.com/tiagofur/solennix-backend/internal/database/migrate.go:81.3,82.17 2 0
github.com/tiagofur/solennix-backend/internal/database/migrate.go:82.17,84.4 1 0
github.com/tiagofur/solennix-backend/internal/database/migrate.go:86.3,86.58 1 0
github.com/tiagofur/solennix-backend/internal/database/migrate.go:86.58,87.47 1 0
github.com/tiagofur/solennix-backend/internal/database/migrate.go:87.47,89.5 1 0
github.com/tiagofur/solennix-backend/internal/database/migrate.go:90.4,90.72 1 0
github.com/tiagofur/solennix-backend/internal/database/migrate.go:93.3,93.105 1 0
github.com/tiagofur/solennix-backend/internal/database/migrate.go:93.105,94.47 1 0
github.com/tiagofur/solennix-backend/internal/database/migrate.go:94.47,96.5 1 0
github.com/tiagofur/solennix-backend/internal/database/migrate.go:97.4,97.73 1 0
github.com/tiagofur/solennix-backend/internal/database/migrate.go:100.3,100.40 1 0
github.com/tiagofur/solennix-backend/internal/database/migrate.go:100.40,102.4 1 0
github.com/tiagofur/solennix-backend/internal/database/migrate.go:104.3,104.53 1 0
github.com/tiagofur/solennix-backend/internal/database/migrate.go:107.2,108.12 2 0
github.com/tiagofur/solennix-backend/internal/repository/admin_repo.go:17.50,19.2 1 1
github.com/tiagofur/solennix-backend/internal/repository/admin_repo.go:66.83,71.16 3 1
github.com/tiagofur/solennix-backend/internal/repository/admin_repo.go:71.16,73.3 1 1
github.com/tiagofur/solennix-backend/internal/repository/admin_repo.go:75.2,76.16 2 0
github.com/tiagofur/solennix-backend/internal/repository/admin_repo.go:76.16,78.3 1 0
github.com/tiagofur/solennix-backend/internal/repository/admin_repo.go:80.2,81.16 2 0
github.com/tiagofur/solennix-backend/internal/repository/admin_repo.go:81.16,83.3 1 0
github.com/tiagofur/solennix-backend/internal/repository/admin_repo.go:85.2,86.16 2 0
github.com/tiagofur/solennix-backend/internal/repository/admin_repo.go:86.16,88.3 1 0
github.com/tiagofur/solennix-backend/internal/repository/admin_repo.go:91.2,92.16 2 0
github.com/tiagofur/solennix-backend/internal/repository/admin_repo.go:92.16,94.3 1 0
github.com/tiagofur/solennix-backend/internal/repository/admin_repo.go:96.2,97.16 2 0
github.com/tiagofur/solennix-backend/internal/repository/admin_repo.go:97.16,99.3 1 0
github.com/tiagofur/solennix-backend/internal/repository/admin_repo.go:101.2,102.16 2 0
github.com/tiagofur/solennix-backend/internal/repository/admin_repo.go:102.16,104.3 1 0
github.com/tiagofur/solennix-backend/internal/repository/admin_repo.go:107.2,113.16 6 0
github.com/tiagofur/solennix-backend/internal/repository/admin_repo.go:113.16,115.3 1 0
github.com/tiagofur/solennix-backend/internal/repository/admin_repo.go:117.2,118.16 2 0
github.com/tiagofur/solennix-backend/internal/repository/admin_repo.go:118.16,120.3 1 0
github.com/tiagofur/solennix-backend/internal/repository/admin_repo.go:122.2,123.16 2 0
github.com/tiagofur/solennix-backend/internal/repository/admin_repo.go:123.16,125.3 1 0
github.com/tiagofur/solennix-backend/internal/repository/admin_repo.go:128.2,129.16 2 0
github.com/tiagofur/solennix-backend/internal/repository/admin_repo.go:129.16,131.3 1 0
github.com/tiagofur/solennix-backend/internal/repository/admin_repo.go:133.2,133.19 1 0
github.com/tiagofur/solennix-backend/internal/repository/admin_repo.go:137.75,153.16 3 1
github.com/tiagofur/solennix-backend/internal/repository/admin_repo.go:153.16,155.3 1 1
github.com/tiagofur/solennix-backend/internal/repository/admin_repo.go:156.2,159.18 3 0
github.com/tiagofur/solennix-backend/internal/repository/admin_repo.go:159.18,167.17 3 0
github.com/tiagofur/solennix-backend/internal/repository/admin_repo.go:167.17,169.4 1 0
github.com/tiagofur/solennix-backend/internal/repository/admin_repo.go:170.3,170.27 1 0
github.com/tiagofur/solennix-backend/internal/repository/admin_repo.go:172.2,172.35 1 0
github.com/tiagofur/solennix-backend/internal/repository/admin_repo.go:172.35,174.3 1 0
github.com/tiagofur/solennix-backend/internal/repository/admin_repo.go:176.2,176.19 1 0
github.com/tiagofur/solennix-backend/internal/repository/admin_repo.go:180.88,202.16 4 1
github.com/tiagofur/solennix-backend/internal/repository/admin_repo.go:202.16,204.3 1 1
github.com/tiagofur/solennix-backend/internal/repository/admin_repo.go:206.2,206.16 1 0
github.com/tiagofur/solennix-backend/internal/repository/admin_repo.go:211.112,214.16 3 1
github.com/tiagofur/solennix-backend/internal/repository/admin_repo.go:214.16,216.3 1 1
github.com/tiagofur/solennix-backend/internal/repository/admin_repo.go:217.2,217.29 1 0
github.com/tiagofur/solennix-backend/internal/repository/admin_repo.go:217.29,219.3 1 0
github.com/tiagofur/solennix-backend/internal/repository/admin_repo.go:220.2,220.12 1 0
github.com/tiagofur/solennix-backend/internal/repository/admin_repo.go:226.73,238.16 3 1
github.com/tiagofur/solennix-backend/internal/repository/admin_repo.go:238.16,240.3 1 1
github.com/tiagofur/solennix-backend/internal/repository/admin_repo.go:241.2,241.37 1 0
github.com/tiagofur/solennix-backend/internal/repository/admin_repo.go:245.96,253.16 4 1
github.com/tiagofur/solennix-backend/internal/repository/admin_repo.go:253.16,255.3 1 1
github.com/tiagofur/solennix-backend/internal/repository/admin_repo.go:256.2,256.21 1 0
github.com/tiagofur/solennix-backend/internal/repository/admin_repo.go:260.97,264.16 3 1
github.com/tiagofur/solennix-backend/internal/repository/admin_repo.go:264.16,266.3 1 1
github.com/tiagofur/solennix-backend/internal/repository/admin_repo.go:268.2,269.16 2 0
github.com/tiagofur/solennix-backend/internal/repository/admin_repo.go:269.16,271.3 1 0
github.com/tiagofur/solennix-backend/internal/repository/admin_repo.go:273.2,274.16 2 0
github.com/tiagofur/solennix-backend/internal/repository/admin_repo.go:274.16,276.3 1 0
github.com/tiagofur/solennix-backend/internal/repository/admin_repo.go:278.2,279.16 2 0
github.com/tiagofur/solennix-backend/internal/repository/admin_repo.go:279.16,281.3 1 0
github.com/tiagofur/solennix-backend/internal/repository/admin_repo.go:283.2,284.16 2 0
github.com/tiagofur/solennix-backend/internal/repository/admin_repo.go:284.16,286.3 1 0
github.com/tiagofur/solennix-backend/internal/repository/admin_repo.go:288.2,289.16 2 0
github.com/tiagofur/solennix-backend/internal/repository/admin_repo.go:289.16,291.3 1 0
github.com/tiagofur/solennix-backend/internal/repository/admin_repo.go:293.2,294.16 2 0
github.com/tiagofur/solennix-backend/internal/repository/admin_repo.go:294.16,296.3 1 0
github.com/tiagofur/solennix-backend/internal/repository/admin_repo.go:298.2,298.22 1 0
github.com/tiagofur/solennix-backend/internal/repository/audit_repo.go:18.50,20.2 1 0
github.com/tiagofur/solennix-backend/internal/repository/audit_repo.go:23.77,30.16 3 0
github.com/tiagofur/solennix-backend/internal/repository/audit_repo.go:30.16,32.3 1 0
github.com/tiagofur/solennix-backend/internal/repository/audit_repo.go:33.2,33.12 1 0
github.com/tiagofur/solennix-backend/internal/repository/audit_repo.go:37.121,40.78 3 0
github.com/tiagofur/solennix-backend/internal/repository/audit_repo.go:40.78,42.3 1 0
github.com/tiagofur/solennix-backend/internal/repository/audit_repo.go:44.2,49.16 3 0
github.com/tiagofur/solennix-backend/internal/repository/audit_repo.go:49.16,51.3 1 0
github.com/tiagofur/solennix-backend/internal/repository/audit_repo.go:52.2,55.18 3 0
github.com/tiagofur/solennix-backend/internal/repository/audit_repo.go:55.18,58.70 2 0
github.com/tiagofur/solennix-backend/internal/repository/audit_repo.go:58.70,60.4 1 0
github.com/tiagofur/solennix-backend/internal/repository/audit_repo.go:61.3,61.25 1 0
github.com/tiagofur/solennix-backend/internal/repository/audit_repo.go:63.2,63.35 1 0
github.com/tiagofur/solennix-backend/internal/repository/audit_repo.go:63.35,65.3 1 0
github.com/tiagofur/solennix-backend/internal/repository/audit_repo.go:66.2,66.25 1 0
github.com/tiagofur/solennix-backend/internal/repository/audit_repo.go:70.144,75.16 3 0
github.com/tiagofur/solennix-backend/internal/repository/audit_repo.go:75.16,77.3 1 0
github.com/tiagofur/solennix-backend/internal/repository/audit_repo.go:78.2,81.18 3 0
github.com/tiagofur/solennix-backend/internal/repository/audit_repo.go:81.18,84.70 2 0
github.com/tiagofur/solennix-backend/internal/repository/audit_repo.go:84.70,86.4 1 0
github.com/tiagofur/solennix-backend/internal/repository/audit_repo.go:87.3,87.25 1 0
github.com/tiagofur/solennix-backend/internal/repository/audit_repo.go:89.2,89.35 1 0
github.com/tiagofur/solennix-backend/internal/repository/audit_repo.go:89.35,91.3 1 0
github.com/tiagofur/solennix-backend/internal/repository/audit_repo.go:92.2,92.18 1 0
github.com/tiagofur/solennix-backend/internal/repository/audit_repo.go:96.100,99.70 3 0
github.com/tiagofur/solennix-backend/internal/repository/audit_repo.go:99.70,101.3 1 0
github.com/tiagofur/solennix-backend/internal/repository/audit_repo.go:103.2,108.16 3 0
github.com/tiagofur/solennix-backend/internal/repository/audit_repo.go:108.16,110.3 1 0
github.com/tiagofur/solennix-backend/internal/repository/audit_repo.go:111.2,114.18 3 0
github.com/tiagofur/solennix-backend/internal/repository/audit_repo.go:114.18,117.70 2 0
github.com/tiagofur/solennix-backend/internal/repository/audit_repo.go:117.70,119.4 1 0
github.com/tiagofur/solennix-backend/internal/repository/audit_repo.go:120.3,120.25 1 0
github.com/tiagofur/solennix-backend/internal/repository/audit_repo.go:122.2,122.35 1 0
github.com/tiagofur/solennix-backend/internal/repository/audit_repo.go:122.35,124.3 1 0
github.com/tiagofur/solennix-backend/internal/repository/audit_repo.go:125.2,125.25 1 0
github.com/tiagofur/solennix-backend/internal/repository/client_repo.go:16.52,18.2 1 1
github.com/tiagofur/solennix-backend/internal/repository/client_repo.go:19.88,24.2 4 1
github.com/tiagofur/solennix-backend/internal/repository/client_repo.go:26.93,31.16 3 1
github.com/tiagofur/solennix-backend/internal/repository/client_repo.go:31.16,33.3 1 1
github.com/tiagofur/solennix-backend/internal/repository/client_repo.go:34.2,37.18 3 0
github.com/tiagofur/solennix-backend/internal/repository/client_repo.go:37.18,41.44 2 0
github.com/tiagofur/solennix-backend/internal/repository/client_repo.go:41.44,43.4 1 0
github.com/tiagofur/solennix-backend/internal/repository/client_repo.go:44.3,44.31 1 0
github.com/tiagofur/solennix-backend/internal/repository/client_repo.go:46.2,46.35 1 0
github.com/tiagofur/solennix-backend/internal/repository/client_repo.go:46.35,48.3 1 0
github.com/tiagofur/solennix-backend/internal/repository/client_repo.go:49.2,49.21 1 0
github.com/tiagofur/solennix-backend/internal/repository/client_repo.go:52.149,55.78 3 0
github.com/tiagofur/solennix-backend/internal/repository/client_repo.go:55.78,57.3 1 0
github.com/tiagofur/solennix-backend/internal/repository/client_repo.go:59.2,63.16 3 0
github.com/tiagofur/solennix-backend/internal/repository/client_repo.go:63.16,65.3 1 0
github.com/tiagofur/solennix-backend/internal/repository/client_repo.go:66.2,69.18 3 0
github.com/tiagofur/solennix-backend/internal/repository/client_repo.go:69.18,73.44 2 0
github.com/tiagofur/solennix-backend/internal/repository/client_repo.go:73.44,75.4 1 0
github.com/tiagofur/solennix-backend/internal/repository/client_repo.go:76.3,76.31 1 0
github.com/tiagofur/solennix-backend/internal/repository/client_repo.go:78.2,78.35 1 0
github.com/tiagofur/solennix-backend/internal/repository/client_repo.go:78.35,80.3 1 0
github.com/tiagofur/solennix-backend/internal/repository/client_repo.go:81.2,81.28 1 0
github.com/tiagofur/solennix-backend/internal/repository/client_repo.go:84.97,93.16 4 1
github.com/tiagofur/solennix-backend/internal/repository/client_repo.go:93.16,95.3 1 1
github.com/tiagofur/solennix-backend/internal/repository/client_repo.go:96.2,96.15 1 0
github.com/tiagofur/solennix-backend/internal/repository/client_repo.go:99.74,106.2 2 1
github.com/tiagofur/solennix-backend/internal/repository/client_repo.go:108.74,115.2 2 1
github.com/tiagofur/solennix-backend/internal/repository/client_repo.go:117.78,119.16 2 1
github.com/tiagofur/solennix-backend/internal/repository/client_repo.go:119.16,121.3 1 1
github.com/tiagofur/solennix-backend/internal/repository/client_repo.go:122.2,122.29 1 0
github.com/tiagofur/solennix-backend/internal/repository/client_repo.go:122.29,124.3 1 0
github.com/tiagofur/solennix-backend/internal/repository/client_repo.go:125.2,125.12 1 0
github.com/tiagofur/solennix-backend/internal/repository/client_repo.go:129.107,145.16 3 1
github.com/tiagofur/solennix-backend/internal/repository/client_repo.go:145.16,147.3 1 1
github.com/tiagofur/solennix-backend/internal/repository/client_repo.go:148.2,151.18 3 0
github.com/tiagofur/solennix-backend/internal/repository/client_repo.go:151.18,155.44 2 0
github.com/tiagofur/solennix-backend/internal/repository/client_repo.go:155.44,157.4 1 0
github.com/tiagofur/solennix-backend/internal/repository/client_repo.go:158.3,158.31 1 0
github.com/tiagofur/solennix-backend/internal/repository/client_repo.go:160.2,160.35 1 0
github.com/tiagofur/solennix-backend/internal/repository/client_repo.go:160.35,162.3 1 0
github.com/tiagofur/solennix-backend/internal/repository/client_repo.go:164.2,164.20 1 0
github.com/tiagofur/solennix-backend/internal/repository/client_repo.go:164.20,166.3 1 0
github.com/tiagofur/solennix-backend/internal/repository/client_repo.go:168.2,168.21 1 0
github.com/tiagofur/solennix-backend/internal/repository/dashboard_repo.go:64.58,66.2 1 0
github.com/tiagofur/solennix-backend/internal/repository/dashboard_repo.go:69.96,78.16 3 0
github.com/tiagofur/solennix-backend/internal/repository/dashboard_repo.go:78.16,80.3 1 0
github.com/tiagofur/solennix-backend/internal/repository/dashboard_repo.go:83.2,88.16 2 0
github.com/tiagofur/solennix-backend/internal/repository/dashboard_repo.go:88.16,90.3 1 0
github.com/tiagofur/solennix-backend/internal/repository/dashboard_repo.go:93.2,97.16 2 0
github.com/tiagofur/solennix-backend/internal/repository/dashboard_repo.go:97.16,99.3 1 0
github.com/tiagofur/solennix-backend/internal/repository/dashboard_repo.go:102.2,106.16 2 0
github.com/tiagofur/solennix-backend/internal/repository/dashboard_repo.go:106.16,108.3 1 0
github.com/tiagofur/solennix-backend/internal/repository/dashboard_repo.go:111.2,117.16 2 0
github.com/tiagofur/solennix-backend/internal/repository/dashboard_repo.go:117.16,119.3 1 0
github.com/tiagofur/solennix-backend/internal/repository/dashboard_repo.go:122.2,126.16 2 0
github.com/tiagofur/solennix-backend/internal/repository/dashboard_repo.go:126.16,128.3 1 0
github.com/tiagofur/solennix-backend/internal/repository/dashboard_repo.go:131.2,135.16 2 0
github.com/tiagofur/solennix-backend/internal/repository/dashboard_repo.go:135.16,137.3 1 0
github.com/tiagofur/solennix-backend/internal/repository/dashboard_repo.go:139.2,139.18 1 0
github.com/tiagofur/solennix-backend/internal/repository/dashboard_repo.go:144.123,146.16 2 0
github.com/tiagofur/solennix-backend/internal/repository/dashboard_repo.go:147.15,148.13 1 0
github.com/tiagofur/solennix-backend/internal/repository/dashboard_repo.go:149.17,150.13 1 0
github.com/tiagofur/solennix-backend/internal/repository/dashboard_repo.go:151.14,152.14 1 0
github.com/tiagofur/solennix-backend/internal/repository/dashboard_repo.go:155.2,168.16 3 0
github.com/tiagofur/solennix-backend/internal/repository/dashboard_repo.go:168.16,170.3 1 0
github.com/tiagofur/solennix-backend/internal/repository/dashboard_repo.go:171.2,174.18 3 0
github.com/tiagofur/solennix-backend/internal/repository/dashboard_repo.go:174.18,176.75 2 0
github.com/tiagofur/solennix-backend/internal/repository/dashboard_repo.go:176.75,178.4 1 0
github.com/tiagofur/solennix-backend/internal/repository/dashboard_repo.go:179.3,179.30 1 0
github.com/tiagofur/solennix-backend/internal/repository/dashboard_repo.go:181.2,181.35 1 0
github.com/tiagofur/solennix-backend/internal/repository/dashboard_repo.go:181.35,183.3 1 0
github.com/tiagofur/solennix-backend/internal/repository/dashboard_repo.go:185.2,185.19 1 0
github.com/tiagofur/solennix-backend/internal/repository/dashboard_repo.go:185.19,187.3 1 0
github.com/tiagofur/solennix-backend/internal/repository/dashboard_repo.go:188.2,188.20 1 0
github.com/tiagofur/solennix-backend/internal/repository/dashboard_repo.go:192.110,201.16 3 0
github.com/tiagofur/solennix-backend/internal/repository/dashboard_repo.go:201.16,203.3 1 0
github.com/tiagofur/solennix-backend/internal/repository/dashboard_repo.go:204.2,207.18 3 0
github.com/tiagofur/solennix-backend/internal/repository/dashboard_repo.go:207.18,209.60 2 0
github.com/tiagofur/solennix-backend/internal/repository/dashboard_repo.go:209.60,211.4 1 0
github.com/tiagofur/solennix-backend/internal/repository/dashboard_repo.go:212.3,212.31 1 0
github.com/tiagofur/solennix-backend/internal/repository/dashboard_repo.go:214.2,214.35 1 0
github.com/tiagofur/solennix-backend/internal/repository/dashboard_repo.go:214.35,216.3 1 0
github.com/tiagofur/solennix-backend/internal/repository/dashboard_repo.go:218.2,218.19 1 0
github.com/tiagofur/solennix-backend/internal/repository/dashboard_repo.go:218.19,220.3 1 0
github.com/tiagofur/solennix-backend/internal/repository/dashboard_repo.go:221.2,221.20 1 0
github.com/tiagofur/solennix-backend/internal/repository/dashboard_repo.go:225.110,226.16 1 0
github.com/tiagofur/solennix-backend/internal/repository/dashboard_repo.go:226.16,228.3 1 0
github.com/tiagofur/solennix-backend/internal/repository/dashboard_repo.go:230.2,238.16 3 0
github.com/tiagofur/solennix-backend/internal/repository/dashboard_repo.go:238.16,240.3 1 0
github.com/tiagofur/solennix-backend/internal/repository/dashboard_repo.go:241.2,244.18 3 0
github.com/tiagofur/solennix-backend/internal/repository/dashboard_repo.go:244.18,246.86 2 0
github.com/tiagofur/solennix-backend/internal/repository/dashboard_repo.go:246.86,248.4 1 0
github.com/tiagofur/solennix-backend/internal/repository/dashboard_repo.go:249.3,249.30 1 0
github.com/tiagofur/solennix-backend/internal/repository/dashboard_repo.go:251.2,251.35 1 0
github.com/tiagofur/solennix-backend/internal/repository/dashboard_repo.go:251.35,253.3 1 0
github.com/tiagofur/solennix-backend/internal/repository/dashboard_repo.go:255.2,255.19 1 0
github.com/tiagofur/solennix-backend/internal/repository/dashboard_repo.go:255.19,257.3 1 0
github.com/tiagofur/solennix-backend/internal/repository/dashboard_repo.go:258.2,258.20 1 0
github.com/tiagofur/solennix-backend/internal/repository/dashboard_repo.go:262.110,274.16 3 0
github.com/tiagofur/solennix-backend/internal/repository/dashboard_repo.go:274.16,276.3 1 0
github.com/tiagofur/solennix-backend/internal/repository/dashboard_repo.go:277.2,280.18 3 0
github.com/tiagofur/solennix-backend/internal/repository/dashboard_repo.go:280.18,282.86 2 0
github.com/tiagofur/solennix-backend/internal/repository/dashboard_repo.go:282.86,284.4 1 0
github.com/tiagofur/solennix-backend/internal/repository/dashboard_repo.go:285.3,285.30 1 0
github.com/tiagofur/solennix-backend/internal/repository/dashboard_repo.go:287.2,287.35 1 0
github.com/tiagofur/solennix-backend/internal/repository/dashboard_repo.go:287.35,289.3 1 0
github.com/tiagofur/solennix-backend/internal/repository/dashboard_repo.go:291.2,291.19 1 0
github.com/tiagofur/solennix-backend/internal/repository/dashboard_repo.go:291.19,293.3 1 0
github.com/tiagofur/solennix-backend/internal/repository/dashboard_repo.go:294.2,294.20 1 0
github.com/tiagofur/solennix-backend/internal/repository/dashboard_repo.go:298.105,312.16 3 0
github.com/tiagofur/solennix-backend/internal/repository/dashboard_repo.go:312.16,314.3 1 0
github.com/tiagofur/solennix-backend/internal/repository/dashboard_repo.go:315.2,318.18 3 0
github.com/tiagofur/solennix-backend/internal/repository/dashboard_repo.go:318.18,320.89 2 0
github.com/tiagofur/solennix-backend/internal/repository/dashboard_repo.go:320.89,322.4 1 0
github.com/tiagofur/solennix-backend/internal/repository/dashboard_repo.go:323.3,323.30 1 0
github.com/tiagofur/solennix-backend/internal/repository/dashboard_repo.go:325.2,325.35 1 0
github.com/tiagofur/solennix-backend/internal/repository/dashboard_repo.go:325.35,327.3 1 0
github.com/tiagofur/solennix-backend/internal/repository/dashboard_repo.go:329.2,329.19 1 0
github.com/tiagofur/solennix-backend/internal/repository/dashboard_repo.go:329.19,331.3 1 0
github.com/tiagofur/solennix-backend/internal/repository/dashboard_repo.go:332.2,332.20 1 0
github.com/tiagofur/solennix-backend/internal/repository/device_repo.go:16.52,18.2 1 1
github.com/tiagofur/solennix-backend/internal/repository/device_repo.go:22.123,35.16 4 1
github.com/tiagofur/solennix-backend/internal/repository/device_repo.go:35.16,37.3 1 1
github.com/tiagofur/solennix-backend/internal/repository/device_repo.go:38.2,38.20 1 0
github.com/tiagofur/solennix-backend/internal/repository/device_repo.go:42.92,45.16 3 1
github.com/tiagofur/solennix-backend/internal/repository/device_repo.go:45.16,47.3 1 1
github.com/tiagofur/solennix-backend/internal/repository/device_repo.go:48.2,48.29 1 0
github.com/tiagofur/solennix-backend/internal/repository/device_repo.go:48.29,50.3 1 0
github.com/tiagofur/solennix-backend/internal/repository/device_repo.go:51.2,51.12 1 0
github.com/tiagofur/solennix-backend/internal/repository/device_repo.go:55.103,63.16 3 1
github.com/tiagofur/solennix-backend/internal/repository/device_repo.go:63.16,65.3 1 1
github.com/tiagofur/solennix-backend/internal/repository/device_repo.go:66.2,69.18 3 0
github.com/tiagofur/solennix-backend/internal/repository/device_repo.go:69.18,71.104 2 0
github.com/tiagofur/solennix-backend/internal/repository/device_repo.go:71.104,73.4 1 0
github.com/tiagofur/solennix-backend/internal/repository/device_repo.go:74.3,74.31 1 0
github.com/tiagofur/solennix-backend/internal/repository/device_repo.go:76.2,76.21 1 0
github.com/tiagofur/solennix-backend/internal/repository/device_repo.go:80.88,83.16 3 1
github.com/tiagofur/solennix-backend/internal/repository/device_repo.go:83.16,85.3 1 1
github.com/tiagofur/solennix-backend/internal/repository/device_repo.go:86.2,86.12 1 0
github.com/tiagofur/solennix-backend/internal/repository/event_repo.go:19.50,21.2 1 1
github.com/tiagofur/solennix-backend/internal/repository/event_repo.go:32.52,42.2 3 0
github.com/tiagofur/solennix-backend/internal/repository/event_repo.go:44.61,56.23 5 1
github.com/tiagofur/solennix-backend/internal/repository/event_repo.go:56.23,58.25 2 0
github.com/tiagofur/solennix-backend/internal/repository/event_repo.go:58.25,60.4 1 0
github.com/tiagofur/solennix-backend/internal/repository/event_repo.go:62.2,62.15 1 1
github.com/tiagofur/solennix-backend/internal/repository/event_repo.go:65.91,70.16 3 1
github.com/tiagofur/solennix-backend/internal/repository/event_repo.go:70.16,72.3 1 1
github.com/tiagofur/solennix-backend/internal/repository/event_repo.go:73.2,76.18 3 0
github.com/tiagofur/solennix-backend/internal/repository/event_repo.go:76.18,78.17 2 0
github.com/tiagofur/solennix-backend/internal/repository/event_repo.go:78.17,80.4 1 0
github.com/tiagofur/solennix-backend/internal/repository/event_repo.go:81.3,81.29 1 0
github.com/tiagofur/solennix-backend/internal/repository/event_repo.go:83.2,83.35 1 0
github.com/tiagofur/solennix-backend/internal/repository/event_repo.go:83.35,85.3 1 0
github.com/tiagofur/solennix-backend/internal/repository/event_repo.go:86.2,86.20 1 0
github.com/tiagofur/solennix-backend/internal/repository/event_repo.go:89.147,92.78 3 0
github.com/tiagofur/solennix-backend/internal/repository/event_repo.go:92.78,94.3 1 0
github.com/tiagofur/solennix-backend/internal/repository/event_repo.go:96.2,100.16 3 0
github.com/tiagofur/solennix-backend/internal/repository/event_repo.go:100.16,102.3 1 0
github.com/tiagofur/solennix-backend/internal/repository/event_repo.go:103.2,106.18 3 0
github.com/tiagofur/solennix-backend/internal/repository/event_repo.go:106.18,108.17 2 0
github.com/tiagofur/solennix-backend/internal/repository/event_repo.go:108.17,110.4 1 0
github.com/tiagofur/solennix-backend/internal/repository/event_repo.go:111.3,111.29 1 0
github.com/tiagofur/solennix-backend/internal/repository/event_repo.go:113.2,113.35 1 0
github.com/tiagofur/solennix-backend/internal/repository/event_repo.go:113.35,115.3 1 0
github.com/tiagofur/solennix-backend/internal/repository/event_repo.go:116.2,116.27 1 0
github.com/tiagofur/solennix-backend/internal/repository/event_repo.go:119.118,125.16 3 1
github.com/tiagofur/solennix-backend/internal/repository/event_repo.go:125.16,127.3 1 1
github.com/tiagofur/solennix-backend/internal/repository/event_repo.go:128.2,131.18 3 0
github.com/tiagofur/solennix-backend/internal/repository/event_repo.go:131.18,133.17 2 0
github.com/tiagofur/solennix-backend/internal/repository/event_repo.go:133.17,135.4 1 0
github.com/tiagofur/solennix-backend/internal/repository/event_repo.go:136.3,136.29 1 0
github.com/tiagofur/solennix-backend/internal/repository/event_repo.go:138.2,138.35 1 0
github.com/tiagofur/solennix-backend/internal/repository/event_repo.go:138.35,140.3 1 0
github.com/tiagofur/solennix-backend/internal/repository/event_repo.go:141.2,141.20 1 0
github.com/tiagofur/solennix-backend/internal/repository/event_repo.go:144.108,148.16 3 1
github.com/tiagofur/solennix-backend/internal/repository/event_repo.go:148.16,150.3 1 1
github.com/tiagofur/solennix-backend/internal/repository/event_repo.go:151.2,154.18 3 0
github.com/tiagofur/solennix-backend/internal/repository/event_repo.go:154.18,163.17 3 0
github.com/tiagofur/solennix-backend/internal/repository/event_repo.go:163.17,165.4 1 0
github.com/tiagofur/solennix-backend/internal/repository/event_repo.go:166.3,166.29 1 0
github.com/tiagofur/solennix-backend/internal/repository/event_repo.go:168.2,168.35 1 0
github.com/tiagofur/solennix-backend/internal/repository/event_repo.go:168.35,170.3 1 0
github.com/tiagofur/solennix-backend/internal/repository/event_repo.go:171.2,171.20 1 0
github.com/tiagofur/solennix-backend/internal/repository/event_repo.go:174.95,179.16 3 1
github.com/tiagofur/solennix-backend/internal/repository/event_repo.go:179.16,181.3 1 1
github.com/tiagofur/solennix-backend/internal/repository/event_repo.go:182.2,182.16 1 0
github.com/tiagofur/solennix-backend/internal/repository/event_repo.go:185.107,191.16 3 1
github.com/tiagofur/solennix-backend/internal/repository/event_repo.go:191.16,193.3 1 1
github.com/tiagofur/solennix-backend/internal/repository/event_repo.go:194.2,197.18 3 0
github.com/tiagofur/solennix-backend/internal/repository/event_repo.go:197.18,199.17 2 0
github.com/tiagofur/solennix-backend/internal/repository/event_repo.go:199.17,201.4 1 0
github.com/tiagofur/solennix-backend/internal/repository/event_repo.go:202.3,202.29 1 0
github.com/tiagofur/solennix-backend/internal/repository/event_repo.go:204.2,204.35 1 0
github.com/tiagofur/solennix-backend/internal/repository/event_repo.go:204.35,206.3 1 0
github.com/tiagofur/solennix-backend/internal/repository/event_repo.go:207.2,207.20 1 0
github.com/tiagofur/solennix-backend/internal/repository/event_repo.go:210.91,217.16 4 1
github.com/tiagofur/solennix-backend/internal/repository/event_repo.go:217.16,219.3 1 1
github.com/tiagofur/solennix-backend/internal/repository/event_repo.go:220.2,220.19 1 0
github.com/tiagofur/solennix-backend/internal/repository/event_repo.go:223.72,226.46 2 1
github.com/tiagofur/solennix-backend/internal/repository/event_repo.go:226.46,228.3 1 1
github.com/tiagofur/solennix-backend/internal/repository/event_repo.go:229.2,229.42 1 1
github.com/tiagofur/solennix-backend/internal/repository/event_repo.go:229.42,231.3 1 1
github.com/tiagofur/solennix-backend/internal/repository/event_repo.go:233.2,233.26 1 1
github.com/tiagofur/solennix-backend/internal/repository/event_repo.go:233.26,235.3 1 1
github.com/tiagofur/solennix-backend/internal/repository/event_repo.go:236.2,248.16 3 1
github.com/tiagofur/solennix-backend/internal/repository/event_repo.go:248.16,251.3 2 1
github.com/tiagofur/solennix-backend/internal/repository/event_repo.go:252.2,252.12 1 0
github.com/tiagofur/solennix-backend/internal/repository/event_repo.go:255.72,258.46 2 1
github.com/tiagofur/solennix-backend/internal/repository/event_repo.go:258.46,260.3 1 1
github.com/tiagofur/solennix-backend/internal/repository/event_repo.go:261.2,261.42 1 1
github.com/tiagofur/solennix-backend/internal/repository/event_repo.go:261.42,263.3 1 1
github.com/tiagofur/solennix-backend/internal/repository/event_repo.go:265.2,265.26 1 1
github.com/tiagofur/solennix-backend/internal/repository/event_repo.go:265.26,267.3 1 1
github.com/tiagofur/solennix-backend/internal/repository/event_repo.go:268.2,279.36 2 1
github.com/tiagofur/solennix-backend/internal/repository/event_repo.go:282.77,284.16 2 1
github.com/tiagofur/solennix-backend/internal/repository/event_repo.go:284.16,286.3 1 1
github.com/tiagofur/solennix-backend/internal/repository/event_repo.go:287.2,287.29 1 0
github.com/tiagofur/solennix-backend/internal/repository/event_repo.go:287.29,289.3 1 0
github.com/tiagofur/solennix-backend/internal/repository/event_repo.go:290.2,290.12 1 0
github.com/tiagofur/solennix-backend/internal/repository/event_repo.go:295.86,302.2 3 1
github.com/tiagofur/solennix-backend/internal/repository/event_repo.go:306.104,312.16 3 1
github.com/tiagofur/solennix-backend/internal/repository/event_repo.go:312.16,314.3 1 1
github.com/tiagofur/solennix-backend/internal/repository/event_repo.go:315.2,318.18 3 0
github.com/tiagofur/solennix-backend/internal/repository/event_repo.go:318.18,321.93 2 0
github.com/tiagofur/solennix-backend/internal/repository/event_repo.go:321.93,323.4 1 0
github.com/tiagofur/solennix-backend/internal/repository/event_repo.go:324.3,324.34 1 0
github.com/tiagofur/solennix-backend/internal/repository/event_repo.go:326.2,326.35 1 0
github.com/tiagofur/solennix-backend/internal/repository/event_repo.go:326.35,328.3 1 0
github.com/tiagofur/solennix-backend/internal/repository/event_repo.go:329.2,329.22 1 0
github.com/tiagofur/solennix-backend/internal/repository/event_repo.go:332.100,336.16 3 1
github.com/tiagofur/solennix-backend/internal/repository/event_repo.go:336.16,338.3 1 1
github.com/tiagofur/solennix-backend/internal/repository/event_repo.go:339.2,342.18 3 0
github.com/tiagofur/solennix-backend/internal/repository/event_repo.go:342.18,345.86 2 0
github.com/tiagofur/solennix-backend/internal/repository/event_repo.go:345.86,347.4 1 0
github.com/tiagofur/solennix-backend/internal/repository/event_repo.go:348.3,348.30 1 0
github.com/tiagofur/solennix-backend/internal/repository/event_repo.go:350.2,350.35 1 0
github.com/tiagofur/solennix-backend/internal/repository/event_repo.go:350.35,352.3 1 0
github.com/tiagofur/solennix-backend/internal/repository/event_repo.go:353.2,353.20 1 0
github.com/tiagofur/solennix-backend/internal/repository/event_repo.go:359.136,362.16 2 1
github.com/tiagofur/solennix-backend/internal/repository/event_repo.go:362.16,364.3 1 1
github.com/tiagofur/solennix-backend/internal/repository/event_repo.go:365.2,368.97 2 0
github.com/tiagofur/solennix-backend/internal/repository/event_repo.go:368.97,370.3 1 0
github.com/tiagofur/solennix-backend/internal/repository/event_repo.go:371.2,371.95 1 0
github.com/tiagofur/solennix-backend/internal/repository/event_repo.go:371.95,373.3 1 0
github.com/tiagofur/solennix-backend/internal/repository/event_repo.go:376.2,376.29 1 0
github.com/tiagofur/solennix-backend/internal/repository/event_repo.go:376.29,381.17 2 0
github.com/tiagofur/solennix-backend/internal/repository/event_repo.go:381.17,383.4 1 0
github.com/tiagofur/solennix-backend/internal/repository/event_repo.go:387.2,387.27 1 0
github.com/tiagofur/solennix-backend/internal/repository/event_repo.go:387.27,392.17 2 0
github.com/tiagofur/solennix-backend/internal/repository/event_repo.go:392.17,394.4 1 0
github.com/tiagofur/solennix-backend/internal/repository/event_repo.go:398.2,398.22 1 0
github.com/tiagofur/solennix-backend/internal/repository/event_repo.go:398.22,399.99 1 0
github.com/tiagofur/solennix-backend/internal/repository/event_repo.go:399.99,401.4 1 0
github.com/tiagofur/solennix-backend/internal/repository/event_repo.go:402.3,402.33 1 0
github.com/tiagofur/solennix-backend/internal/repository/event_repo.go:402.33,407.18 2 0
github.com/tiagofur/solennix-backend/internal/repository/event_repo.go:407.18,409.5 1 0
github.com/tiagofur/solennix-backend/internal/repository/event_repo.go:414.2,414.21 1 0
github.com/tiagofur/solennix-backend/internal/repository/event_repo.go:414.21,415.98 1 0
github.com/tiagofur/solennix-backend/internal/repository/event_repo.go:415.98,417.4 1 0
github.com/tiagofur/solennix-backend/internal/repository/event_repo.go:418.3,418.31 1 0
github.com/tiagofur/solennix-backend/internal/repository/event_repo.go:418.31,421.30 2 0
github.com/tiagofur/solennix-backend/internal/repository/event_repo.go:421.30,423.5 1 0
github.com/tiagofur/solennix-backend/internal/repository/event_repo.go:424.4,428.18 2 0
github.com/tiagofur/solennix-backend/internal/repository/event_repo.go:428.18,430.5 1 0
github.com/tiagofur/solennix-backend/internal/repository/event_repo.go:434.2,434.23 1 0
github.com/tiagofur/solennix-backend/internal/repository/event_repo.go:439.107,445.16 3 1
github.com/tiagofur/solennix-backend/internal/repository/event_repo.go:445.16,447.3 1 1
github.com/tiagofur/solennix-backend/internal/repository/event_repo.go:448.2,451.18 3 0
github.com/tiagofur/solennix-backend/internal/repository/event_repo.go:451.18,454.89 2 0
github.com/tiagofur/solennix-backend/internal/repository/event_repo.go:454.89,456.4 1 0
github.com/tiagofur/solennix-backend/internal/repository/event_repo.go:457.3,457.28 1 0
github.com/tiagofur/solennix-backend/internal/repository/event_repo.go:459.2,459.35 1 0
github.com/tiagofur/solennix-backend/internal/repository/event_repo.go:459.35,461.3 1 0
github.com/tiagofur/solennix-backend/internal/repository/event_repo.go:462.2,462.19 1 0
github.com/tiagofur/solennix-backend/internal/repository/event_repo.go:466.137,468.28 1 1
github.com/tiagofur/solennix-backend/internal/repository/event_repo.go:468.28,470.3 1 1
github.com/tiagofur/solennix-backend/internal/repository/event_repo.go:476.2,491.27 4 1
github.com/tiagofur/solennix-backend/internal/repository/event_repo.go:491.27,495.3 3 1
github.com/tiagofur/solennix-backend/internal/repository/event_repo.go:498.2,498.40 1 1
github.com/tiagofur/solennix-backend/internal/repository/event_repo.go:498.40,505.3 2 1
github.com/tiagofur/solennix-backend/internal/repository/event_repo.go:507.2,508.16 2 1
github.com/tiagofur/solennix-backend/internal/repository/event_repo.go:508.16,510.3 1 1
github.com/tiagofur/solennix-backend/internal/repository/event_repo.go:511.2,514.18 3 0
github.com/tiagofur/solennix-backend/internal/repository/event_repo.go:514.18,517.73 2 0
github.com/tiagofur/solennix-backend/internal/repository/event_repo.go:517.73,519.4 1 0
github.com/tiagofur/solennix-backend/internal/repository/event_repo.go:521.3,521.45 1 0
github.com/tiagofur/solennix-backend/internal/repository/event_repo.go:521.45,523.4 1 0
github.com/tiagofur/solennix-backend/internal/repository/event_repo.go:523.9,523.48 1 0
github.com/tiagofur/solennix-backend/internal/repository/event_repo.go:523.48,525.4 1 0
github.com/tiagofur/solennix-backend/internal/repository/event_repo.go:525.9,527.4 1 0
github.com/tiagofur/solennix-backend/internal/repository/event_repo.go:528.3,528.35 1 0
github.com/tiagofur/solennix-backend/internal/repository/event_repo.go:530.2,530.35 1 0
github.com/tiagofur/solennix-backend/internal/repository/event_repo.go:530.35,532.3 1 0
github.com/tiagofur/solennix-backend/internal/repository/event_repo.go:533.2,533.23 1 0
github.com/tiagofur/solennix-backend/internal/repository/event_repo.go:548.162,549.24 1 1
github.com/tiagofur/solennix-backend/internal/repository/event_repo.go:549.24,551.3 1 1
github.com/tiagofur/solennix-backend/internal/repository/event_repo.go:553.2,555.29 3 1
github.com/tiagofur/solennix-backend/internal/repository/event_repo.go:555.29,558.3 2 1
github.com/tiagofur/solennix-backend/internal/repository/event_repo.go:562.2,574.16 3 1
github.com/tiagofur/solennix-backend/internal/repository/event_repo.go:574.16,576.3 1 1
github.com/tiagofur/solennix-backend/internal/repository/event_repo.go:577.2,594.18 5 0
github.com/tiagofur/solennix-backend/internal/repository/event_repo.go:594.18,597.63 2 0
github.com/tiagofur/solennix-backend/internal/repository/event_repo.go:597.63,599.4 1 0
github.com/tiagofur/solennix-backend/internal/repository/event_repo.go:601.3,602.45 2 0
github.com/tiagofur/solennix-backend/internal/repository/event_repo.go:602.45,605.4 1 0
github.com/tiagofur/solennix-backend/internal/repository/event_repo.go:605.9,608.4 1 0
github.com/tiagofur/solennix-backend/internal/repository/event_repo.go:610.3,610.33 1 0
github.com/tiagofur/solennix-backend/internal/repository/event_repo.go:610.33,612.4 1 0
github.com/tiagofur/solennix-backend/internal/repository/event_repo.go:612.9,622.4 2 0
github.com/tiagofur/solennix-backend/internal/repository/event_repo.go:624.2,624.35 1 0
github.com/tiagofur/solennix-backend/internal/repository/event_repo.go:624.35,626.3 1 0
github.com/tiagofur/solennix-backend/internal/repository/event_repo.go:628.2,629.27 2 0
github.com/tiagofur/solennix-backend/internal/repository/event_repo.go:629.27,631.3 1 0
github.com/tiagofur/solennix-backend/internal/repository/event_repo.go:632.2,632.20 1 0
github.com/tiagofur/solennix-backend/internal/repository/event_repo.go:637.103,644.16 3 1
github.com/tiagofur/solennix-backend/internal/repository/event_repo.go:644.16,646.3 1 1
github.com/tiagofur/solennix-backend/internal/repository/event_repo.go:647.2,650.18 3 0
github.com/tiagofur/solennix-backend/internal/repository/event_repo.go:650.18,654.57 2 0
github.com/tiagofur/solennix-backend/internal/repository/event_repo.go:654.57,656.4 1 0
github.com/tiagofur/solennix-backend/internal/repository/event_repo.go:657.3,657.27 1 0
github.com/tiagofur/solennix-backend/internal/repository/event_repo.go:659.2,659.35 1 0
github.com/tiagofur/solennix-backend/internal/repository/event_repo.go:659.35,661.3 1 0
github.com/tiagofur/solennix-backend/internal/repository/event_repo.go:662.2,662.19 1 0
github.com/tiagofur/solennix-backend/internal/repository/event_repo.go:668.156,669.24 1 1
github.com/tiagofur/solennix-backend/internal/repository/event_repo.go:669.24,671.3 1 1
github.com/tiagofur/solennix-backend/internal/repository/event_repo.go:673.2,674.29 2 1
github.com/tiagofur/solennix-backend/internal/repository/event_repo.go:674.29,676.3 1 1
github.com/tiagofur/solennix-backend/internal/repository/event_repo.go:678.2,689.16 3 1
github.com/tiagofur/solennix-backend/internal/repository/event_repo.go:689.16,691.3 1 1
github.com/tiagofur/solennix-backend/internal/repository/event_repo.go:692.2,697.18 4 0
github.com/tiagofur/solennix-backend/internal/repository/event_repo.go:697.18,701.82 4 0
github.com/tiagofur/solennix-backend/internal/repository/event_repo.go:701.82,703.4 1 0
github.com/tiagofur/solennix-backend/internal/repository/event_repo.go:705.3,705.30 1 0
github.com/tiagofur/solennix-backend/internal/repository/event_repo.go:705.30,707.4 1 0
github.com/tiagofur/solennix-backend/internal/repository/event_repo.go:707.9,717.4 2 0
github.com/tiagofur/solennix-backend/internal/repository/event_repo.go:719.2,719.35 1 0
github.com/tiagofur/solennix-backend/internal/repository/event_repo.go:719.35,721.3 1 0
github.com/tiagofur/solennix-backend/internal/repository/event_repo.go:723.2,724.27 2 0
github.com/tiagofur/solennix-backend/internal/repository/event_repo.go:724.27,726.3 1 0
github.com/tiagofur/solennix-backend/internal/repository/event_repo.go:727.2,727.20 1 0
github.com/tiagofur/solennix-backend/internal/repository/event_repo.go:731.85,741.2 3 1
github.com/tiagofur/solennix-backend/internal/repository/event_repo.go:744.105,762.16 3 1
github.com/tiagofur/solennix-backend/internal/repository/event_repo.go:762.16,764.3 1 1
github.com/tiagofur/solennix-backend/internal/repository/event_repo.go:765.2,768.18 3 0
github.com/tiagofur/solennix-backend/internal/repository/event_repo.go:768.18,774.29 3 0
github.com/tiagofur/solennix-backend/internal/repository/event_repo.go:774.29,776.4 1 0
github.com/tiagofur/solennix-backend/internal/repository/event_repo.go:777.3,777.24 1 0
github.com/tiagofur/solennix-backend/internal/repository/event_repo.go:777.24,781.4 1 0
github.com/tiagofur/solennix-backend/internal/repository/event_repo.go:782.3,782.29 1 0
github.com/tiagofur/solennix-backend/internal/repository/event_repo.go:784.2,784.35 1 0
github.com/tiagofur/solennix-backend/internal/repository/event_repo.go:784.35,786.3 1 0
github.com/tiagofur/solennix-backend/internal/repository/event_repo.go:788.2,788.19 1 0
github.com/tiagofur/solennix-backend/internal/repository/event_repo.go:788.19,790.3 1 0
github.com/tiagofur/solennix-backend/internal/repository/event_repo.go:792.2,792.20 1 0
github.com/tiagofur/solennix-backend/internal/repository/event_repo.go:806.133,814.25 4 0
github.com/tiagofur/solennix-backend/internal/repository/event_repo.go:814.25,823.3 3 0
github.com/tiagofur/solennix-backend/internal/repository/event_repo.go:825.2,825.26 1 0
github.com/tiagofur/solennix-backend/internal/repository/event_repo.go:825.26,829.3 3 0
github.com/tiagofur/solennix-backend/internal/repository/event_repo.go:831.2,831.28 1 0
github.com/tiagofur/solennix-backend/internal/repository/event_repo.go:831.28,835.3 3 0
github.com/tiagofur/solennix-backend/internal/repository/event_repo.go:837.2,837.26 1 0
github.com/tiagofur/solennix-backend/internal/repository/event_repo.go:837.26,841.3 3 0
github.com/tiagofur/solennix-backend/internal/repository/event_repo.go:843.2,843.29 1 0
github.com/tiagofur/solennix-backend/internal/repository/event_repo.go:843.29,847.3 3 0
github.com/tiagofur/solennix-backend/internal/repository/event_repo.go:849.2,852.16 3 0
github.com/tiagofur/solennix-backend/internal/repository/event_repo.go:852.16,854.3 1 0
github.com/tiagofur/solennix-backend/internal/repository/event_repo.go:855.2,858.18 3 0
github.com/tiagofur/solennix-backend/internal/repository/event_repo.go:858.18,860.17 2 0
github.com/tiagofur/solennix-backend/internal/repository/event_repo.go:860.17,862.4 1 0
github.com/tiagofur/solennix-backend/internal/repository/event_repo.go:863.3,863.29 1 0
github.com/tiagofur/solennix-backend/internal/repository/event_repo.go:865.2,865.35 1 0
github.com/tiagofur/solennix-backend/internal/repository/event_repo.go:865.35,867.3 1 0
github.com/tiagofur/solennix-backend/internal/repository/event_repo.go:869.2,869.19 1 0
github.com/tiagofur/solennix-backend/internal/repository/event_repo.go:869.19,871.3 1 0
github.com/tiagofur/solennix-backend/internal/repository/event_repo.go:873.2,873.20 1 0
github.com/tiagofur/solennix-backend/internal/repository/inventory_repo.go:16.58,18.2 1 1
github.com/tiagofur/solennix-backend/internal/repository/inventory_repo.go:19.91,24.2 4 1
github.com/tiagofur/solennix-backend/internal/repository/inventory_repo.go:26.103,30.16 3 1
github.com/tiagofur/solennix-backend/internal/repository/inventory_repo.go:30.16,32.3 1 1
github.com/tiagofur/solennix-backend/internal/repository/inventory_repo.go:33.2,36.18 3 0
github.com/tiagofur/solennix-backend/internal/repository/inventory_repo.go:36.18,39.80 2 0
github.com/tiagofur/solennix-backend/internal/repository/inventory_repo.go:39.80,41.4 1 0
github.com/tiagofur/solennix-backend/internal/repository/inventory_repo.go:42.3,42.27 1 0
github.com/tiagofur/solennix-backend/internal/repository/inventory_repo.go:44.2,44.35 1 0
github.com/tiagofur/solennix-backend/internal/repository/inventory_repo.go:44.35,46.3 1 0
github.com/tiagofur/solennix-backend/internal/repository/inventory_repo.go:47.2,47.19 1 0
github.com/tiagofur/solennix-backend/internal/repository/inventory_repo.go:50.159,53.78 3 0
github.com/tiagofur/solennix-backend/internal/repository/inventory_repo.go:53.78,55.3 1 0
github.com/tiagofur/solennix-backend/internal/repository/inventory_repo.go:57.2,60.16 3 0
github.com/tiagofur/solennix-backend/internal/repository/inventory_repo.go:60.16,62.3 1 0
github.com/tiagofur/solennix-backend/internal/repository/inventory_repo.go:63.2,66.18 3 0
github.com/tiagofur/solennix-backend/internal/repository/inventory_repo.go:66.18,69.80 2 0
github.com/tiagofur/solennix-backend/internal/repository/inventory_repo.go:69.80,71.4 1 0
github.com/tiagofur/solennix-backend/internal/repository/inventory_repo.go:72.3,72.27 1 0
github.com/tiagofur/solennix-backend/internal/repository/inventory_repo.go:74.2,74.35 1 0
github.com/tiagofur/solennix-backend/internal/repository/inventory_repo.go:74.35,76.3 1 0
github.com/tiagofur/solennix-backend/internal/repository/inventory_repo.go:77.2,77.26 1 0
github.com/tiagofur/solennix-backend/internal/repository/inventory_repo.go:80.107,87.16 4 1
github.com/tiagofur/solennix-backend/internal/repository/inventory_repo.go:87.16,89.3 1 1
github.com/tiagofur/solennix-backend/internal/repository/inventory_repo.go:90.2,90.15 1 0
github.com/tiagofur/solennix-backend/internal/repository/inventory_repo.go:93.84,100.2 2 1
github.com/tiagofur/solennix-backend/internal/repository/inventory_repo.go:102.84,111.2 2 1
github.com/tiagofur/solennix-backend/internal/repository/inventory_repo.go:113.81,115.16 2 1
github.com/tiagofur/solennix-backend/internal/repository/inventory_repo.go:115.16,117.3 1 1
github.com/tiagofur/solennix-backend/internal/repository/inventory_repo.go:118.2,118.29 1 0
github.com/tiagofur/solennix-backend/internal/repository/inventory_repo.go:118.29,120.3 1 0
github.com/tiagofur/solennix-backend/internal/repository/inventory_repo.go:121.2,121.12 1 0
github.com/tiagofur/solennix-backend/internal/repository/inventory_repo.go:125.117,139.16 3 1
github.com/tiagofur/solennix-backend/internal/repository/inventory_repo.go:139.16,141.3 1 1
github.com/tiagofur/solennix-backend/internal/repository/inventory_repo.go:142.2,145.18 3 0
github.com/tiagofur/solennix-backend/internal/repository/inventory_repo.go:145.18,149.35 2 0
github.com/tiagofur/solennix-backend/internal/repository/inventory_repo.go:149.35,151.4 1 0
github.com/tiagofur/solennix-backend/internal/repository/inventory_repo.go:152.3,152.30 1 0
github.com/tiagofur/solennix-backend/internal/repository/inventory_repo.go:154.2,154.35 1 0
github.com/tiagofur/solennix-backend/internal/repository/inventory_repo.go:154.35,156.3 1 0
github.com/tiagofur/solennix-backend/internal/repository/inventory_repo.go:158.2,158.18 1 0
github.com/tiagofur/solennix-backend/internal/repository/inventory_repo.go:158.18,160.3 1 0
github.com/tiagofur/solennix-backend/internal/repository/inventory_repo.go:162.2,162.19 1 0
github.com/tiagofur/solennix-backend/internal/repository/payment_repo.go:20.54,22.2 1 1
github.com/tiagofur/solennix-backend/internal/repository/payment_repo.go:24.95,28.2 2 1
github.com/tiagofur/solennix-backend/internal/repository/payment_repo.go:30.151,33.78 3 0
github.com/tiagofur/solennix-backend/internal/repository/payment_repo.go:33.78,35.3 1 0
github.com/tiagofur/solennix-backend/internal/repository/payment_repo.go:37.2,40.16 3 0
github.com/tiagofur/solennix-backend/internal/repository/payment_repo.go:40.16,42.3 1 0
github.com/tiagofur/solennix-backend/internal/repository/payment_repo.go:43.2,43.29 1 0
github.com/tiagofur/solennix-backend/internal/repository/payment_repo.go:46.110,50.2 2 1
github.com/tiagofur/solennix-backend/internal/repository/payment_repo.go:52.122,56.2 2 1
github.com/tiagofur/solennix-backend/internal/repository/payment_repo.go:58.124,59.24 1 1
github.com/tiagofur/solennix-backend/internal/repository/payment_repo.go:59.24,61.3 1 1
github.com/tiagofur/solennix-backend/internal/repository/payment_repo.go:62.2,64.54 2 1
github.com/tiagofur/solennix-backend/internal/repository/payment_repo.go:67.76,74.2 2 1
github.com/tiagofur/solennix-backend/internal/repository/payment_repo.go:76.94,83.2 2 1
github.com/tiagofur/solennix-backend/internal/repository/payment_repo.go:85.79,87.16 2 1
github.com/tiagofur/solennix-backend/internal/repository/payment_repo.go:87.16,89.3 1 1
github.com/tiagofur/solennix-backend/internal/repository/payment_repo.go:90.2,90.29 1 0
github.com/tiagofur/solennix-backend/internal/repository/payment_repo.go:90.29,92.3 1 0
github.com/tiagofur/solennix-backend/internal/repository/payment_repo.go:93.2,93.12 1 0
github.com/tiagofur/solennix-backend/internal/repository/payment_repo.go:96.119,98.16 2 1
github.com/tiagofur/solennix-backend/internal/repository/payment_repo.go:98.16,100.3 1 1
github.com/tiagofur/solennix-backend/internal/repository/payment_repo.go:101.2,104.18 3 0
github.com/tiagofur/solennix-backend/internal/repository/payment_repo.go:104.18,107.74 2 0
github.com/tiagofur/solennix-backend/internal/repository/payment_repo.go:107.74,109.4 1 0
github.com/tiagofur/solennix-backend/internal/repository/payment_repo.go:110.3,110.33 1 0
github.com/tiagofur/solennix-backend/internal/repository/payment_repo.go:112.2,112.35 1 0
github.com/tiagofur/solennix-backend/internal/repository/payment_repo.go:112.35,114.3 1 0
github.com/tiagofur/solennix-backend/internal/repository/payment_repo.go:115.2,115.22 1 0
github.com/tiagofur/solennix-backend/internal/repository/product_repo.go:16.54,18.2 1 1
github.com/tiagofur/solennix-backend/internal/repository/product_repo.go:19.89,24.2 4 1
github.com/tiagofur/solennix-backend/internal/repository/product_repo.go:26.95,30.16 3 1
github.com/tiagofur/solennix-backend/internal/repository/product_repo.go:30.16,32.3 1 1
github.com/tiagofur/solennix-backend/internal/repository/product_repo.go:33.2,36.18 3 0
github.com/tiagofur/solennix-backend/internal/repository/product_repo.go:36.18,39.81 2 0
github.com/tiagofur/solennix-backend/internal/repository/product_repo.go:39.81,41.4 1 0
github.com/tiagofur/solennix-backend/internal/repository/product_repo.go:42.3,42.33 1 0
github.com/tiagofur/solennix-backend/internal/repository/product_repo.go:44.2,44.35 1 0
github.com/tiagofur/solennix-backend/internal/repository/product_repo.go:44.35,46.3 1 0
github.com/tiagofur/solennix-backend/internal/repository/product_repo.go:47.2,47.22 1 0
github.com/tiagofur/solennix-backend/internal/repository/product_repo.go:50.151,53.78 3 0
github.com/tiagofur/solennix-backend/internal/repository/product_repo.go:53.78,55.3 1 0
github.com/tiagofur/solennix-backend/internal/repository/product_repo.go:57.2,60.16 3 0
github.com/tiagofur/solennix-backend/internal/repository/product_repo.go:60.16,62.3 1 0
github.com/tiagofur/solennix-backend/internal/repository/product_repo.go:63.2,66.18 3 0
github.com/tiagofur/solennix-backend/internal/repository/product_repo.go:66.18,69.81 2 0
github.com/tiagofur/solennix-backend/internal/repository/product_repo.go:69.81,71.4 1 0
github.com/tiagofur/solennix-backend/internal/repository/product_repo.go:72.3,72.33 1 0
github.com/tiagofur/solennix-backend/internal/repository/product_repo.go:74.2,74.35 1 0
github.com/tiagofur/solennix-backend/internal/repository/product_repo.go:74.35,76.3 1 0
github.com/tiagofur/solennix-backend/internal/repository/product_repo.go:77.2,77.29 1 0
github.com/tiagofur/solennix-backend/internal/repository/product_repo.go:80.99,87.16 4 1
github.com/tiagofur/solennix-backend/internal/repository/product_repo.go:87.16,89.3 1 1
github.com/tiagofur/solennix-backend/internal/repository/product_repo.go:90.2,90.15 1 0
github.com/tiagofur/solennix-backend/internal/repository/product_repo.go:93.76,100.2 2 1
github.com/tiagofur/solennix-backend/internal/repository/product_repo.go:102.76,109.2 2 1
github.com/tiagofur/solennix-backend/internal/repository/product_repo.go:111.79,113.16 2 1
github.com/tiagofur/solennix-backend/internal/repository/product_repo.go:113.16,115.3 1 1
github.com/tiagofur/solennix-backend/internal/repository/product_repo.go:116.2,116.29 1 0
github.com/tiagofur/solennix-backend/internal/repository/product_repo.go:116.29,118.3 1 0
github.com/tiagofur/solennix-backend/internal/repository/product_repo.go:119.2,119.12 1 0
github.com/tiagofur/solennix-backend/internal/repository/product_repo.go:124.116,130.16 3 1
github.com/tiagofur/solennix-backend/internal/repository/product_repo.go:130.16,132.3 1 1
github.com/tiagofur/solennix-backend/internal/repository/product_repo.go:133.2,136.18 3 0
github.com/tiagofur/solennix-backend/internal/repository/product_repo.go:136.18,139.85 2 0
github.com/tiagofur/solennix-backend/internal/repository/product_repo.go:139.85,141.4 1 0
github.com/tiagofur/solennix-backend/internal/repository/product_repo.go:142.3,142.40 1 0
github.com/tiagofur/solennix-backend/internal/repository/product_repo.go:144.2,144.35 1 0
github.com/tiagofur/solennix-backend/internal/repository/product_repo.go:144.35,146.3 1 0
github.com/tiagofur/solennix-backend/internal/repository/product_repo.go:147.2,147.25 1 0
github.com/tiagofur/solennix-backend/internal/repository/product_repo.go:150.130,151.26 1 1
github.com/tiagofur/solennix-backend/internal/repository/product_repo.go:151.26,153.3 1 1
github.com/tiagofur/solennix-backend/internal/repository/product_repo.go:154.2,159.16 3 1
github.com/tiagofur/solennix-backend/internal/repository/product_repo.go:159.16,161.3 1 1
github.com/tiagofur/solennix-backend/internal/repository/product_repo.go:162.2,165.18 3 0
github.com/tiagofur/solennix-backend/internal/repository/product_repo.go:165.18,168.85 2 0
github.com/tiagofur/solennix-backend/internal/repository/product_repo.go:168.85,170.4 1 0
github.com/tiagofur/solennix-backend/internal/repository/product_repo.go:171.3,171.40 1 0
github.com/tiagofur/solennix-backend/internal/repository/product_repo.go:173.2,173.35 1 0
github.com/tiagofur/solennix-backend/internal/repository/product_repo.go:173.35,175.3 1 0
github.com/tiagofur/solennix-backend/internal/repository/product_repo.go:176.2,176.25 1 0
github.com/tiagofur/solennix-backend/internal/repository/product_repo.go:179.129,181.16 2 1
github.com/tiagofur/solennix-backend/internal/repository/product_repo.go:181.16,183.3 1 1
github.com/tiagofur/solennix-backend/internal/repository/product_repo.go:184.2,186.106 2 0
github.com/tiagofur/solennix-backend/internal/repository/product_repo.go:186.106,188.3 1 0
github.com/tiagofur/solennix-backend/internal/repository/product_repo.go:190.2,190.34 1 0
github.com/tiagofur/solennix-backend/internal/repository/product_repo.go:190.34,195.17 2 0
github.com/tiagofur/solennix-backend/internal/repository/product_repo.go:195.17,197.4 1 0
github.com/tiagofur/solennix-backend/internal/repository/product_repo.go:200.2,200.23 1 0
github.com/tiagofur/solennix-backend/internal/repository/product_repo.go:204.108,205.26 1 1
github.com/tiagofur/solennix-backend/internal/repository/product_repo.go:205.26,207.3 1 1
github.com/tiagofur/solennix-backend/internal/repository/product_repo.go:208.2,210.85 3 1
github.com/tiagofur/solennix-backend/internal/repository/product_repo.go:210.85,212.3 1 1
github.com/tiagofur/solennix-backend/internal/repository/product_repo.go:213.2,213.30 1 0
github.com/tiagofur/solennix-backend/internal/repository/product_repo.go:213.30,215.3 1 0
github.com/tiagofur/solennix-backend/internal/repository/product_repo.go:216.2,216.12 1 0
github.com/tiagofur/solennix-backend/internal/repository/product_repo.go:220.109,233.16 3 1
github.com/tiagofur/solennix-backend/internal/repository/product_repo.go:233.16,235.3 1 1
github.com/tiagofur/solennix-backend/internal/repository/product_repo.go:236.2,239.18 3 0
github.com/tiagofur/solennix-backend/internal/repository/product_repo.go:239.18,242.81 2 0
github.com/tiagofur/solennix-backend/internal/repository/product_repo.go:242.81,244.4 1 0
github.com/tiagofur/solennix-backend/internal/repository/product_repo.go:245.3,245.33 1 0
github.com/tiagofur/solennix-backend/internal/repository/product_repo.go:247.2,247.35 1 0
github.com/tiagofur/solennix-backend/internal/repository/product_repo.go:247.35,249.3 1 0
github.com/tiagofur/solennix-backend/internal/repository/product_repo.go:251.2,251.21 1 0
github.com/tiagofur/solennix-backend/internal/repository/product_repo.go:251.21,253.3 1 0
github.com/tiagofur/solennix-backend/internal/repository/product_repo.go:255.2,255.22 1 0
github.com/tiagofur/solennix-backend/internal/repository/refresh_token_repo.go:17.64,19.2 1 0
github.com/tiagofur/solennix-backend/internal/repository/refresh_token_repo.go:22.128,27.2 2 0
github.com/tiagofur/solennix-backend/internal/repository/refresh_token_repo.go:31.105,37.16 4 0
github.com/tiagofur/solennix-backend/internal/repository/refresh_token_repo.go:37.16,39.3 1 0
github.com/tiagofur/solennix-backend/internal/repository/refresh_token_repo.go:40.2,40.10 1 0
github.com/tiagofur/solennix-backend/internal/repository/refresh_token_repo.go:40.10,43.3 1 0
github.com/tiagofur/solennix-backend/internal/repository/refresh_token_repo.go:45.2,47.30 2 0
github.com/tiagofur/solennix-backend/internal/repository/refresh_token_repo.go:51.88,55.2 2 0
github.com/tiagofur/solennix-backend/internal/repository/refresh_token_repo.go:58.90,62.2 2 0
github.com/tiagofur/solennix-backend/internal/repository/refresh_token_repo.go:65.77,67.16 2 0
github.com/tiagofur/solennix-backend/internal/repository/refresh_token_repo.go:67.16,69.3 1 0
github.com/tiagofur/solennix-backend/internal/repository/refresh_token_repo.go:70.2,70.37 1 0
github.com/tiagofur/solennix-backend/internal/repository/subscription_repo.go:17.64,19.2 1 1
github.com/tiagofur/solennix-backend/internal/repository/subscription_repo.go:22.88,39.2 2 1
github.com/tiagofur/solennix-backend/internal/repository/subscription_repo.go:42.109,57.16 4 1
github.com/tiagofur/solennix-backend/internal/repository/subscription_repo.go:57.16,59.3 1 1
github.com/tiagofur/solennix-backend/internal/repository/subscription_repo.go:60.2,60.17 1 0
github.com/tiagofur/solennix-backend/internal/repository/subscription_repo.go:64.155,73.16 3 1
github.com/tiagofur/solennix-backend/internal/repository/subscription_repo.go:73.16,75.3 1 1
github.com/tiagofur/solennix-backend/internal/repository/subscription_repo.go:76.2,76.29 1 0
github.com/tiagofur/solennix-backend/internal/repository/subscription_repo.go:76.29,78.3 1 0
github.com/tiagofur/solennix-backend/internal/repository/subscription_repo.go:79.2,79.12 1 0
github.com/tiagofur/solennix-backend/internal/repository/subscription_repo.go:83.109,91.2 3 1
github.com/tiagofur/solennix-backend/internal/repository/token_repo.go:15.64,17.2 1 0
github.com/tiagofur/solennix-backend/internal/repository/token_repo.go:20.101,25.2 2 0
github.com/tiagofur/solennix-backend/internal/repository/token_repo.go:28.82,33.16 3 0
github.com/tiagofur/solennix-backend/internal/repository/token_repo.go:33.16,35.3 1 0
github.com/tiagofur/solennix-backend/internal/repository/token_repo.go:36.2,36.15 1 0
github.com/tiagofur/solennix-backend/internal/repository/token_repo.go:40.77,43.16 2 0
github.com/tiagofur/solennix-backend/internal/repository/token_repo.go:43.16,45.3 1 0
github.com/tiagofur/solennix-backend/internal/repository/token_repo.go:46.2,46.37 1 0
github.com/tiagofur/solennix-backend/internal/repository/unavailable_date_repo.go:16.70,18.2 1 0
github.com/tiagofur/solennix-backend/internal/repository/unavailable_date_repo.go:20.92,25.2 2 0
github.com/tiagofur/solennix-backend/internal/repository/unavailable_date_repo.go:27.138,33.16 3 0
github.com/tiagofur/solennix-backend/internal/repository/unavailable_date_repo.go:33.16,35.3 1 0
github.com/tiagofur/solennix-backend/internal/repository/unavailable_date_repo.go:36.2,39.18 3 0
github.com/tiagofur/solennix-backend/internal/repository/unavailable_date_repo.go:39.18,41.118 2 0
github.com/tiagofur/solennix-backend/internal/repository/unavailable_date_repo.go:41.118,43.4 1 0
github.com/tiagofur/solennix-backend/internal/repository/unavailable_date_repo.go:44.3,44.27 1 0
github.com/tiagofur/solennix-backend/internal/repository/unavailable_date_repo.go:47.2,47.21 1 0
github.com/tiagofur/solennix-backend/internal/repository/unavailable_date_repo.go:47.21,49.3 1 0
github.com/tiagofur/solennix-backend/internal/repository/unavailable_date_repo.go:50.2,50.19 1 0
github.com/tiagofur/solennix-backend/internal/repository/unavailable_date_repo.go:53.87,55.16 2 0
github.com/tiagofur/solennix-backend/internal/repository/unavailable_date_repo.go:55.16,57.3 1 0
github.com/tiagofur/solennix-backend/internal/repository/unavailable_date_repo.go:58.2,58.29 1 0
github.com/tiagofur/solennix-backend/internal/repository/unavailable_date_repo.go:58.29,60.3 1 0
github.com/tiagofur/solennix-backend/internal/repository/unavailable_date_repo.go:61.2,61.12 1 0
github.com/tiagofur/solennix-backend/internal/repository/user_repo.go:16.48,18.2 1 1
github.com/tiagofur/solennix-backend/internal/repository/user_repo.go:20.73,25.21 2 1
github.com/tiagofur/solennix-backend/internal/repository/user_repo.go:25.21,27.3 1 1
github.com/tiagofur/solennix-backend/internal/repository/user_repo.go:28.2,30.52 1 1
github.com/tiagofur/solennix-backend/internal/repository/user_repo.go:33.88,46.16 4 1
github.com/tiagofur/solennix-backend/internal/repository/user_repo.go:46.16,48.3 1 1
github.com/tiagofur/solennix-backend/internal/repository/user_repo.go:49.2,49.18 1 0
github.com/tiagofur/solennix-backend/internal/repository/user_repo.go:52.85,65.16 4 1
github.com/tiagofur/solennix-backend/internal/repository/user_repo.go:65.16,67.3 1 1
github.com/tiagofur/solennix-backend/internal/repository/user_repo.go:68.2,68.18 1 0
github.com/tiagofur/solennix-backend/internal/repository/user_repo.go:72.108,98.16 4 1
github.com/tiagofur/solennix-backend/internal/repository/user_repo.go:98.16,100.3 1 1
github.com/tiagofur/solennix-backend/internal/repository/user_repo.go:101.2,101.18 1 0
github.com/tiagofur/solennix-backend/internal/repository/user_repo.go:106.83,109.16 3 0
github.com/tiagofur/solennix-backend/internal/repository/user_repo.go:109.16,111.3 1 0
github.com/tiagofur/solennix-backend/internal/repository/user_repo.go:112.2,112.18 1 0
github.com/tiagofur/solennix-backend/internal/repository/user_repo.go:116.122,125.2 3 1
github.com/tiagofur/solennix-backend/internal/repository/user_repo.go:129.114,136.16 3 1
github.com/tiagofur/solennix-backend/internal/repository/user_repo.go:136.16,138.3 1 1
github.com/tiagofur/solennix-backend/internal/repository/user_repo.go:139.2,139.29 1 0
github.com/tiagofur/solennix-backend/internal/repository/user_repo.go:139.29,141.3 1 0
github.com/tiagofur/solennix-backend/internal/repository/user_repo.go:142.2,142.12 1 0
github.com/tiagofur/solennix-backend/internal/repository/user_repo.go:147.110,160.16 4 1
github.com/tiagofur/solennix-backend/internal/repository/user_repo.go:160.16,162.3 1 1
github.com/tiagofur/solennix-backend/internal/repository/user_repo.go:163.2,163.18 1 0
github.com/tiagofur/solennix-backend/internal/repository/user_repo.go:167.101,174.16 3 1
github.com/tiagofur/solennix-backend/internal/repository/user_repo.go:174.16,176.3 1 1
github.com/tiagofur/solennix-backend/internal/repository/user_repo.go:177.2,177.29 1 0
github.com/tiagofur/solennix-backend/internal/repository/user_repo.go:177.29,179.3 1 0
github.com/tiagofur/solennix-backend/internal/repository/user_repo.go:180.2,180.12 1 0
github.com/tiagofur/solennix-backend/internal/repository/user_repo.go:184.102,197.16 4 1
github.com/tiagofur/solennix-backend/internal/repository/user_repo.go:197.16,199.3 1 1
github.com/tiagofur/solennix-backend/internal/repository/user_repo.go:200.2,200.18 1 0
github.com/tiagofur/solennix-backend/internal/repository/user_repo.go:204.100,217.16 4 1
github.com/tiagofur/solennix-backend/internal/repository/user_repo.go:217.16,219.3 1 1
github.com/tiagofur/solennix-backend/internal/repository/user_repo.go:220.2,220.18 1 0
github.com/tiagofur/solennix-backend/internal/repository/user_repo.go:224.82,229.21 2 1
github.com/tiagofur/solennix-backend/internal/repository/user_repo.go:229.21,231.3 1 1
github.com/tiagofur/solennix-backend/internal/repository/user_repo.go:232.2,232.21 1 1
github.com/tiagofur/solennix-backend/internal/repository/user_repo.go:232.21,234.3 1 1
github.com/tiagofur/solennix-backend/internal/repository/user_repo.go:235.2,237.52 1 1
github.com/tiagofur/solennix-backend/internal/repository/user_repo.go:241.104,248.16 3 1
github.com/tiagofur/solennix-backend/internal/repository/user_repo.go:248.16,250.3 1 1
github.com/tiagofur/solennix-backend/internal/repository/user_repo.go:251.2,251.29 1 0
github.com/tiagofur/solennix-backend/internal/repository/user_repo.go:251.29,253.3 1 0
github.com/tiagofur/solennix-backend/internal/repository/user_repo.go:254.2,254.12 1 0
github.com/tiagofur/solennix-backend/internal/repository/user_repo.go:258.102,265.16 3 1
github.com/tiagofur/solennix-backend/internal/repository/user_repo.go:265.16,267.3 1 1
github.com/tiagofur/solennix-backend/internal/repository/user_repo.go:268.2,268.29 1 0
github.com/tiagofur/solennix-backend/internal/repository/user_repo.go:268.29,270.3 1 0
github.com/tiagofur/solennix-backend/internal/repository/user_repo.go:271.2,271.12 1 0
github.com/tiagofur/solennix-backend/internal/middleware/admin.go:19.72,20.46 1 1
github.com/tiagofur/solennix-backend/internal/middleware/admin.go:20.46,21.72 1 1
github.com/tiagofur/solennix-backend/internal/middleware/admin.go:21.72,23.26 2 1
github.com/tiagofur/solennix-backend/internal/middleware/admin.go:23.26,28.5 4 1
github.com/tiagofur/solennix-backend/internal/middleware/admin.go:30.4,31.18 2 1
github.com/tiagofur/solennix-backend/internal/middleware/admin.go:31.18,36.5 4 1
github.com/tiagofur/solennix-backend/internal/middleware/admin.go:38.4,38.28 1 1
github.com/tiagofur/solennix-backend/internal/middleware/admin.go:38.28,43.5 4 1
github.com/tiagofur/solennix-backend/internal/middleware/admin.go:45.4,45.24 1 1
github.com/tiagofur/solennix-backend/internal/middleware/audit.go:23.64,24.46 1 0
github.com/tiagofur/solennix-backend/internal/middleware/audit.go:24.46,25.72 1 0
github.com/tiagofur/solennix-backend/internal/middleware/audit.go:25.72,27.98 1 0
github.com/tiagofur/solennix-backend/internal/middleware/audit.go:27.98,30.5 2 0
github.com/tiagofur/solennix-backend/internal/middleware/audit.go:33.4,37.43 3 0
github.com/tiagofur/solennix-backend/internal/middleware/audit.go:37.43,39.5 1 0
github.com/tiagofur/solennix-backend/internal/middleware/audit.go:42.4,43.26 2 0
github.com/tiagofur/solennix-backend/internal/middleware/audit.go:43.26,45.5 1 0
github.com/tiagofur/solennix-backend/internal/middleware/audit.go:48.4,54.26 3 0
github.com/tiagofur/solennix-backend/internal/middleware/audit.go:54.26,56.5 1 0
github.com/tiagofur/solennix-backend/internal/middleware/audit.go:58.4,63.14 3 0
github.com/tiagofur/solennix-backend/internal/middleware/audit.go:63.14,72.19 2 0
github.com/tiagofur/solennix-backend/internal/middleware/audit.go:72.19,75.6 1 0
github.com/tiagofur/solennix-backend/internal/middleware/audit.go:88.48,89.20 1 0
github.com/tiagofur/solennix-backend/internal/middleware/audit.go:89.20,92.3 2 0
github.com/tiagofur/solennix-backend/internal/middleware/audit.go:93.2,93.38 1 0
github.com/tiagofur/solennix-backend/internal/middleware/audit.go:96.53,97.20 1 0
github.com/tiagofur/solennix-backend/internal/middleware/audit.go:97.20,99.3 1 0
github.com/tiagofur/solennix-backend/internal/middleware/audit.go:100.2,100.34 1 0
github.com/tiagofur/solennix-backend/internal/middleware/audit.go:104.38,105.16 1 0
github.com/tiagofur/solennix-backend/internal/middleware/audit.go:106.23,107.18 1 0
github.com/tiagofur/solennix-backend/internal/middleware/audit.go:108.22,109.18 1 0
github.com/tiagofur/solennix-backend/internal/middleware/audit.go:110.25,111.18 1 0
github.com/tiagofur/solennix-backend/internal/middleware/audit.go:112.10,113.19 1 0
github.com/tiagofur/solennix-backend/internal/middleware/audit.go:140.60,142.17 2 0
github.com/tiagofur/solennix-backend/internal/middleware/audit.go:142.17,144.3 1 0
github.com/tiagofur/solennix-backend/internal/middleware/audit.go:147.2,148.19 2 0
github.com/tiagofur/solennix-backend/internal/middleware/audit.go:148.19,150.3 1 0
github.com/tiagofur/solennix-backend/internal/middleware/audit.go:153.2,157.21 4 0
github.com/tiagofur/solennix-backend/internal/middleware/audit.go:157.21,159.3 1 0
github.com/tiagofur/solennix-backend/internal/middleware/audit.go:162.2,162.28 1 0
github.com/tiagofur/solennix-backend/internal/middleware/audit.go:162.28,164.3 1 0
github.com/tiagofur/solennix-backend/internal/middleware/audit.go:167.2,168.9 2 0
github.com/tiagofur/solennix-backend/internal/middleware/audit.go:168.9,170.3 1 0
github.com/tiagofur/solennix-backend/internal/middleware/audit.go:178.2,178.43 1 0
github.com/tiagofur/solennix-backend/internal/middleware/audit.go:178.43,179.19 1 0
github.com/tiagofur/solennix-backend/internal/middleware/audit.go:180.19,181.34 1 0
github.com/tiagofur/solennix-backend/internal/middleware/audit.go:182.17,183.32 1 0
github.com/tiagofur/solennix-backend/internal/middleware/audit.go:184.16,185.32 1 0
github.com/tiagofur/solennix-backend/internal/middleware/audit.go:186.20,187.36 1 0
github.com/tiagofur/solennix-backend/internal/middleware/audit.go:188.19,189.33 1 0
github.com/tiagofur/solennix-backend/internal/middleware/audit.go:190.17,191.32 1 0
github.com/tiagofur/solennix-backend/internal/middleware/audit.go:196.2,196.69 1 0
github.com/tiagofur/solennix-backend/internal/middleware/audit.go:196.69,197.19 1 0
github.com/tiagofur/solennix-backend/internal/middleware/audit.go:198.22,199.39 1 0
github.com/tiagofur/solennix-backend/internal/middleware/audit.go:204.2,205.49 2 0
github.com/tiagofur/solennix-backend/internal/middleware/audit.go:205.49,206.47 1 0
github.com/tiagofur/solennix-backend/internal/middleware/audit.go:206.47,208.4 1 0
github.com/tiagofur/solennix-backend/internal/middleware/audit.go:211.2,211.33 1 0
github.com/tiagofur/solennix-backend/internal/middleware/auth.go:28.43,30.2 1 0
github.com/tiagofur/solennix-backend/internal/middleware/auth.go:33.41,35.2 1 0
github.com/tiagofur/solennix-backend/internal/middleware/auth.go:42.81,45.2 2 1
github.com/tiagofur/solennix-backend/internal/middleware/auth.go:47.100,50.2 2 0
github.com/tiagofur/solennix-backend/internal/middleware/auth.go:59.78,60.46 1 1
github.com/tiagofur/solennix-backend/internal/middleware/auth.go:60.46,61.72 1 1
github.com/tiagofur/solennix-backend/internal/middleware/auth.go:61.72,65.57 2 1
github.com/tiagofur/solennix-backend/internal/middleware/auth.go:65.57,67.5 1 1
github.com/tiagofur/solennix-backend/internal/middleware/auth.go:70.4,70.19 1 1
github.com/tiagofur/solennix-backend/internal/middleware/auth.go:70.19,72.25 2 1
github.com/tiagofur/solennix-backend/internal/middleware/auth.go:72.25,74.66 2 1
github.com/tiagofur/solennix-backend/internal/middleware/auth.go:74.66,76.7 1 1
github.com/tiagofur/solennix-backend/internal/middleware/auth.go:81.4,81.19 1 1
github.com/tiagofur/solennix-backend/internal/middleware/auth.go:81.19,84.5 2 1
github.com/tiagofur/solennix-backend/internal/middleware/auth.go:87.4,88.64 2 1
github.com/tiagofur/solennix-backend/internal/middleware/auth.go:88.64,91.5 2 0
github.com/tiagofur/solennix-backend/internal/middleware/auth.go:94.4,95.18 2 1
github.com/tiagofur/solennix-backend/internal/middleware/auth.go:95.18,98.5 2 1
github.com/tiagofur/solennix-backend/internal/middleware/auth.go:101.4,103.41 3 1
github.com/tiagofur/solennix-backend/internal/middleware/auth.go:109.33,112.2 2 1
github.com/tiagofur/solennix-backend/internal/middleware/auth.go:114.72,118.2 3 1
github.com/tiagofur/solennix-backend/internal/middleware/auth.go:121.47,124.2 2 1
github.com/tiagofur/solennix-backend/internal/middleware/auth.go:127.47,130.2 2 1
github.com/tiagofur/solennix-backend/internal/middleware/cors.go:9.68,11.35 2 1
github.com/tiagofur/solennix-backend/internal/middleware/cors.go:11.35,13.3 1 1
github.com/tiagofur/solennix-backend/internal/middleware/cors.go:15.2,15.46 1 1
github.com/tiagofur/solennix-backend/internal/middleware/cors.go:15.46,16.72 1 1
github.com/tiagofur/solennix-backend/internal/middleware/cors.go:16.72,19.26 2 1
github.com/tiagofur/solennix-backend/internal/middleware/cors.go:19.26,22.5 2 1
github.com/tiagofur/solennix-backend/internal/middleware/cors.go:24.4,28.38 4 1
github.com/tiagofur/solennix-backend/internal/middleware/cors.go:28.38,31.5 2 1
github.com/tiagofur/solennix-backend/internal/middleware/cors.go:33.4,33.24 1 1
github.com/tiagofur/solennix-backend/internal/middleware/csrf.go:13.43,14.71 1 1
github.com/tiagofur/solennix-backend/internal/middleware/csrf.go:14.71,16.98 1 1
github.com/tiagofur/solennix-backend/internal/middleware/csrf.go:16.98,20.4 3 1
github.com/tiagofur/solennix-backend/internal/middleware/csrf.go:23.3,23.42 1 1
github.com/tiagofur/solennix-backend/internal/middleware/csrf.go:23.42,26.4 2 1
github.com/tiagofur/solennix-backend/internal/middleware/csrf.go:29.3,29.51 1 1
github.com/tiagofur/solennix-backend/internal/middleware/csrf.go:29.51,32.4 2 1
github.com/tiagofur/solennix-backend/internal/middleware/csrf.go:35.3,35.32 1 1
github.com/tiagofur/solennix-backend/internal/middleware/csrf.go:35.32,38.4 2 0
github.com/tiagofur/solennix-backend/internal/middleware/csrf.go:41.3,41.29 1 1
[...]
github.com/tiagofur/solennix-backend/internal/handlers/subscription_handler.go:601.35,604.5 2 1
github.com/tiagofur/solennix-backend/internal/handlers/subscription_handler.go:607.4,607.96 1 1
github.com/tiagofur/solennix-backend/internal/handlers/subscription_handler.go:607.96,615.63 5 1
github.com/tiagofur/solennix-backend/internal/handlers/subscription_handler.go:615.63,620.6 3 1
github.com/tiagofur/solennix-backend/internal/handlers/subscription_handler.go:620.11,622.80 1 1
github.com/tiagofur/solennix-backend/internal/handlers/subscription_handler.go:622.80,635.7 6 1
github.com/tiagofur/solennix-backend/internal/handlers/subscription_handler.go:639.4,639.28 1 1
github.com/tiagofur/solennix-backend/internal/handlers/subscription_handler.go:643.2,643.35 1 1
github.com/tiagofur/solennix-backend/internal/handlers/subscription_handler.go:647.104,651.41 3 1
github.com/tiagofur/solennix-backend/internal/handlers/subscription_handler.go:651.41,654.3 2 1
github.com/tiagofur/solennix-backend/internal/handlers/subscription_handler.go:656.2,657.16 2 1
github.com/tiagofur/solennix-backend/internal/handlers/subscription_handler.go:657.16,660.3 2 1
github.com/tiagofur/solennix-backend/internal/handlers/subscription_handler.go:662.2,663.16 2 1
github.com/tiagofur/solennix-backend/internal/handlers/subscription_handler.go:663.16,666.3 2 1
github.com/tiagofur/solennix-backend/internal/handlers/subscription_handler.go:669.2,670.16 2 1
github.com/tiagofur/solennix-backend/internal/handlers/subscription_handler.go:670.16,673.3 2 1
github.com/tiagofur/solennix-backend/internal/handlers/subscription_handler.go:676.2,688.59 4 1
github.com/tiagofur/solennix-backend/internal/handlers/subscription_handler.go:688.59,691.3 2 1
github.com/tiagofur/solennix-backend/internal/handlers/subscription_handler.go:694.2,694.30 1 1
github.com/tiagofur/solennix-backend/internal/handlers/subscription_handler.go:694.30,696.56 2 1
github.com/tiagofur/solennix-backend/internal/handlers/subscription_handler.go:696.56,698.4 1 1
github.com/tiagofur/solennix-backend/internal/handlers/subscription_handler.go:701.2,702.36 2 1
github.com/tiagofur/solennix-backend/internal/handlers/subscription_handler.go:702.36,704.3 1 1
github.com/tiagofur/solennix-backend/internal/handlers/subscription_handler.go:706.2,711.3 1 1
github.com/tiagofur/solennix-backend/internal/handlers/subscription_handler.go:715.34,717.2 1 1
github.com/tiagofur/solennix-backend/internal/handlers/unavailable_date_handler.go:17.88,19.2 1 1
github.com/tiagofur/solennix-backend/internal/handlers/unavailable_date_handler.go:21.94,26.36 4 1
github.com/tiagofur/solennix-backend/internal/handlers/unavailable_date_handler.go:26.36,29.3 2 1
github.com/tiagofur/solennix-backend/internal/handlers/unavailable_date_handler.go:32.2,32.62 1 1
github.com/tiagofur/solennix-backend/internal/handlers/unavailable_date_handler.go:32.62,35.3 2 1
github.com/tiagofur/solennix-backend/internal/handlers/unavailable_date_handler.go:36.2,36.60 1 1
github.com/tiagofur/solennix-backend/internal/handlers/unavailable_date_handler.go:36.60,39.3 2 1
github.com/tiagofur/solennix-backend/internal/handlers/unavailable_date_handler.go:41.2,42.16 2 1
github.com/tiagofur/solennix-backend/internal/handlers/unavailable_date_handler.go:42.16,45.3 2 1
github.com/tiagofur/solennix-backend/internal/handlers/unavailable_date_handler.go:46.2,46.36 1 1
github.com/tiagofur/solennix-backend/internal/handlers/unavailable_date_handler.go:49.96,57.45 3 1
github.com/tiagofur/solennix-backend/internal/handlers/unavailable_date_handler.go:57.45,60.3 2 1
github.com/tiagofur/solennix-backend/internal/handlers/unavailable_date_handler.go:63.2,63.48 1 1
github.com/tiagofur/solennix-backend/internal/handlers/unavailable_date_handler.go:63.48,66.3 2 1
github.com/tiagofur/solennix-backend/internal/handlers/unavailable_date_handler.go:68.2,69.16 2 1
github.com/tiagofur/solennix-backend/internal/handlers/unavailable_date_handler.go:69.16,72.3 2 1
github.com/tiagofur/solennix-backend/internal/handlers/unavailable_date_handler.go:73.2,74.16 2 1
github.com/tiagofur/solennix-backend/internal/handlers/unavailable_date_handler.go:74.16,77.3 2 1
github.com/tiagofur/solennix-backend/internal/handlers/unavailable_date_handler.go:79.2,79.23 1 1
github.com/tiagofur/solennix-backend/internal/handlers/unavailable_date_handler.go:79.23,82.3 2 1
github.com/tiagofur/solennix-backend/internal/handlers/unavailable_date_handler.go:84.2,85.23 2 1
github.com/tiagofur/solennix-backend/internal/handlers/unavailable_date_handler.go:85.23,87.3 1 1
github.com/tiagofur/solennix-backend/internal/handlers/unavailable_date_handler.go:89.2,96.55 2 1
github.com/tiagofur/solennix-backend/internal/handlers/unavailable_date_handler.go:96.55,99.3 2 1
github.com/tiagofur/solennix-backend/internal/handlers/unavailable_date_handler.go:101.2,101.38 1 1
github.com/tiagofur/solennix-backend/internal/handlers/unavailable_date_handler.go:104.96,109.16 4 1
github.com/tiagofur/solennix-backend/internal/handlers/unavailable_date_handler.go:109.16,112.3 2 1
github.com/tiagofur/solennix-backend/internal/handlers/unavailable_date_handler.go:114.2,114.63 1 1
github.com/tiagofur/solennix-backend/internal/handlers/unavailable_date_handler.go:114.63,117.3 2 1
github.com/tiagofur/solennix-backend/internal/handlers/unavailable_date_handler.go:119.2,119.37 1 1
github.com/tiagofur/solennix-backend/internal/handlers/upload_handler.go:23.81,25.53 1 1
github.com/tiagofur/solennix-backend/internal/handlers/upload_handler.go:25.53,27.3 1 0
github.com/tiagofur/solennix-backend/internal/handlers/upload_handler.go:28.2,32.3 1 1
github.com/tiagofur/solennix-backend/internal/handlers/upload_handler.go:36.64,38.2 1 1
github.com/tiagofur/solennix-backend/internal/handlers/upload_handler.go:41.41,42.14 1 0
github.com/tiagofur/solennix-backend/internal/handlers/upload_handler.go:43.13,44.13 1 0
github.com/tiagofur/solennix-backend/internal/handlers/upload_handler.go:45.10,46.12 1 0
github.com/tiagofur/solennix-backend/internal/handlers/upload_handler.go:51.43,53.16 2 0
github.com/tiagofur/solennix-backend/internal/handlers/upload_handler.go:53.16,55.3 1 0
github.com/tiagofur/solennix-backend/internal/handlers/upload_handler.go:56.2,57.28 2 0
github.com/tiagofur/solennix-backend/internal/handlers/upload_handler.go:57.28,58.17 1 0
github.com/tiagofur/solennix-backend/internal/handlers/upload_handler.go:58.17,60.4 1 0
github.com/tiagofur/solennix-backend/internal/handlers/upload_handler.go:62.2,62.14 1 0
github.com/tiagofur/solennix-backend/internal/handlers/upload_handler.go:69.77,73.23 2 1
github.com/tiagofur/solennix-backend/internal/handlers/upload_handler.go:73.23,75.17 2 0
github.com/tiagofur/solennix-backend/internal/handlers/upload_handler.go:75.17,78.4 2 0
github.com/tiagofur/solennix-backend/internal/handlers/upload_handler.go:79.3,82.33 4 0
github.com/tiagofur/solennix-backend/internal/handlers/upload_handler.go:82.33,86.4 2 0
github.com/tiagofur/solennix-backend/internal/handlers/upload_handler.go:90.2,92.55 2 1
github.com/tiagofur/solennix-backend/internal/handlers/upload_handler.go:92.55,93.52 1 1
github.com/tiagofur/solennix-backend/internal/handlers/upload_handler.go:93.52,95.4 1 1
github.com/tiagofur/solennix-backend/internal/handlers/upload_handler.go:95.9,97.4 1 1
github.com/tiagofur/solennix-backend/internal/handlers/upload_handler.go:98.3,98.9 1 1
github.com/tiagofur/solennix-backend/internal/handlers/upload_handler.go:101.2,102.16 2 1
github.com/tiagofur/solennix-backend/internal/handlers/upload_handler.go:102.16,105.3 2 1
github.com/tiagofur/solennix-backend/internal/handlers/upload_handler.go:106.2,111.33 4 1
github.com/tiagofur/solennix-backend/internal/handlers/upload_handler.go:111.33,114.3 2 0
github.com/tiagofur/solennix-backend/internal/handlers/upload_handler.go:115.2,116.48 2 1
github.com/tiagofur/solennix-backend/internal/handlers/upload_handler.go:116.48,119.3 2 1
github.com/tiagofur/solennix-backend/internal/handlers/upload_handler.go:121.2,121.40 1 1
github.com/tiagofur/solennix-backend/internal/handlers/upload_handler.go:121.40,123.3 1 1
github.com/tiagofur/solennix-backend/internal/handlers/upload_handler.go:126.2,126.22 1 1
github.com/tiagofur/solennix-backend/internal/handlers/upload_handler.go:126.22,128.17 2 1
github.com/tiagofur/solennix-backend/internal/handlers/upload_handler.go:128.17,132.4 3 1
github.com/tiagofur/solennix-backend/internal/handlers/upload_handler.go:133.3,139.9 3 1
github.com/tiagofur/solennix-backend/internal/handlers/upload_handler.go:143.2,144.73 2 0
github.com/tiagofur/solennix-backend/internal/handlers/validation.go:27.38,29.2 1 1
github.com/tiagofur/solennix-backend/internal/handlers/validation.go:32.48,33.14 1 1
github.com/tiagofur/solennix-backend/internal/handlers/validation.go:33.14,35.3 1 1
github.com/tiagofur/solennix-backend/internal/handlers/validation.go:36.2,37.21 2 1
github.com/tiagofur/solennix-backend/internal/handlers/validation.go:37.21,39.3 1 1
github.com/tiagofur/solennix-backend/internal/handlers/validation.go:40.2,40.19 1 1
github.com/tiagofur/solennix-backend/internal/handlers/validation.go:44.66,45.25 1 1
github.com/tiagofur/solennix-backend/internal/handlers/validation.go:45.25,47.3 1 1
github.com/tiagofur/solennix-backend/internal/handlers/validation.go:48.2,48.12 1 1
github.com/tiagofur/solennix-backend/internal/handlers/validation.go:57.41,59.2 1 1
github.com/tiagofur/solennix-backend/internal/handlers/validation.go:62.47,64.25 1 1
github.com/tiagofur/solennix-backend/internal/handlers/validation.go:64.25,66.3 1 1
github.com/tiagofur/solennix-backend/internal/handlers/validation.go:69.2,69.24 1 1
github.com/tiagofur/solennix-backend/internal/handlers/validation.go:69.24,71.3 1 1
github.com/tiagofur/solennix-backend/internal/handlers/validation.go:72.2,72.59 1 1
github.com/tiagofur/solennix-backend/internal/handlers/validation.go:72.59,74.3 1 1
github.com/tiagofur/solennix-backend/internal/handlers/validation.go:77.2,77.46 1 1
github.com/tiagofur/solennix-backend/internal/handlers/validation.go:77.46,79.3 1 1
github.com/tiagofur/solennix-backend/internal/handlers/validation.go:82.2,82.27 1 1
github.com/tiagofur/solennix-backend/internal/handlers/validation.go:82.27,84.3 1 1
github.com/tiagofur/solennix-backend/internal/handlers/validation.go:87.2,87.33 1 1
github.com/tiagofur/solennix-backend/internal/handlers/validation.go:87.33,88.63 1 1
github.com/tiagofur/solennix-backend/internal/handlers/validation.go:88.63,90.4 1 1
github.com/tiagofur/solennix-backend/internal/handlers/validation.go:94.2,94.35 1 1
github.com/tiagofur/solennix-backend/internal/handlers/validation.go:94.35,95.34 1 1
github.com/tiagofur/solennix-backend/internal/handlers/validation.go:95.34,97.4 1 1
github.com/tiagofur/solennix-backend/internal/handlers/validation.go:101.2,101.32 1 1
github.com/tiagofur/solennix-backend/internal/handlers/validation.go:101.32,102.61 1 1
github.com/tiagofur/solennix-backend/internal/handlers/validation.go:102.61,104.4 1 1
github.com/tiagofur/solennix-backend/internal/handlers/validation.go:108.2,114.34 2 1
github.com/tiagofur/solennix-backend/internal/handlers/validation.go:114.34,116.3 1 1
github.com/tiagofur/solennix-backend/internal/handlers/validation.go:119.2,119.102 1 1
github.com/tiagofur/solennix-backend/internal/handlers/validation.go:119.102,121.3 1 1
github.com/tiagofur/solennix-backend/internal/handlers/validation.go:122.2,122.27 1 1
github.com/tiagofur/solennix-backend/internal/handlers/validation.go:122.27,123.94 1 0
github.com/tiagofur/solennix-backend/internal/handlers/validation.go:123.94,125.4 1 0
github.com/tiagofur/solennix-backend/internal/handlers/validation.go:127.2,127.23 1 1
github.com/tiagofur/solennix-backend/internal/handlers/validation.go:127.23,128.82 1 0
github.com/tiagofur/solennix-backend/internal/handlers/validation.go:128.82,130.4 1 0
github.com/tiagofur/solennix-backend/internal/handlers/validation.go:132.2,132.24 1 1
github.com/tiagofur/solennix-backend/internal/handlers/validation.go:132.24,133.85 1 1
github.com/tiagofur/solennix-backend/internal/handlers/validation.go:133.85,135.4 1 0
github.com/tiagofur/solennix-backend/internal/handlers/validation.go:139.2,143.12 4 1
github.com/tiagofur/solennix-backend/internal/handlers/validation.go:147.53,149.25 1 1
github.com/tiagofur/solennix-backend/internal/handlers/validation.go:149.25,151.3 1 1
github.com/tiagofur/solennix-backend/internal/handlers/validation.go:154.2,154.33 1 1
github.com/tiagofur/solennix-backend/internal/handlers/validation.go:154.33,156.3 1 1
github.com/tiagofur/solennix-backend/internal/handlers/validation.go:159.2,162.42 2 1
github.com/tiagofur/solennix-backend/internal/handlers/validation.go:162.42,164.3 1 1
github.com/tiagofur/solennix-backend/internal/handlers/validation.go:166.2,166.26 1 1
github.com/tiagofur/solennix-backend/internal/handlers/validation.go:166.26,167.87 1 1
github.com/tiagofur/solennix-backend/internal/handlers/validation.go:167.87,169.4 1 0
github.com/tiagofur/solennix-backend/internal/handlers/validation.go:170.3,170.56 1 1
github.com/tiagofur/solennix-backend/internal/handlers/validation.go:173.2,173.12 1 1
github.com/tiagofur/solennix-backend/internal/handlers/validation.go:177.58,179.22 1 1
github.com/tiagofur/solennix-backend/internal/handlers/validation.go:179.22,181.3 1 1
github.com/tiagofur/solennix-backend/internal/handlers/validation.go:184.2,184.22 1 1
github.com/tiagofur/solennix-backend/internal/handlers/validation.go:184.22,186.3 1 1
github.com/tiagofur/solennix-backend/internal/handlers/validation.go:189.2,189.21 1 1
github.com/tiagofur/solennix-backend/internal/handlers/validation.go:189.21,191.3 1 1
github.com/tiagofur/solennix-backend/internal/handlers/validation.go:193.2,193.12 1 1
github.com/tiagofur/solennix-backend/internal/handlers/validation.go:197.54,199.17 1 1
github.com/tiagofur/solennix-backend/internal/handlers/validation.go:199.17,201.3 1 1
github.com/tiagofur/solennix-backend/internal/handlers/validation.go:204.2,204.18 1 1
github.com/tiagofur/solennix-backend/internal/handlers/validation.go:204.18,206.3 1 1
github.com/tiagofur/solennix-backend/internal/handlers/validation.go:209.2,209.26 1 1
github.com/tiagofur/solennix-backend/internal/handlers/validation.go:209.26,211.3 1 1
github.com/tiagofur/solennix-backend/internal/handlers/validation.go:213.2,213.12 1 1
github.com/tiagofur/solennix-backend/internal/handlers/validation.go:217.50,219.23 1 1
github.com/tiagofur/solennix-backend/internal/handlers/validation.go:219.23,221.3 1 0
github.com/tiagofur/solennix-backend/internal/handlers/validation.go:224.2,224.28 1 1
github.com/tiagofur/solennix-backend/internal/handlers/validation.go:224.28,226.3 1 0
github.com/tiagofur/solennix-backend/internal/handlers/validation.go:229.2,229.48 1 1
github.com/tiagofur/solennix-backend/internal/handlers/validation.go:229.48,230.45 1 0
github.com/tiagofur/solennix-backend/internal/handlers/validation.go:230.45,232.4 1 0
github.com/tiagofur/solennix-backend/internal/handlers/validation.go:236.2,236.24 1 1
github.com/tiagofur/solennix-backend/internal/handlers/validation.go:236.24,237.85 1 1
github.com/tiagofur/solennix-backend/internal/handlers/validation.go:237.85,239.4 1 1
github.com/tiagofur/solennix-backend/internal/handlers/validation.go:241.2,241.25 1 1
github.com/tiagofur/solennix-backend/internal/handlers/validation.go:241.25,242.86 1 0
github.com/tiagofur/solennix-backend/internal/handlers/validation.go:242.86,244.4 1 0
github.com/tiagofur/solennix-backend/internal/handlers/validation.go:246.2,246.27 1 1
github.com/tiagofur/solennix-backend/internal/handlers/validation.go:246.27,247.92 1 0
github.com/tiagofur/solennix-backend/internal/handlers/validation.go:247.92,249.4 1 0
github.com/tiagofur/solennix-backend/internal/handlers/validation.go:251.2,251.24 1 1
github.com/tiagofur/solennix-backend/internal/handlers/validation.go:251.24,252.83 1 0
github.com/tiagofur/solennix-backend/internal/handlers/validation.go:252.83,254.4 1 0
github.com/tiagofur/solennix-backend/internal/handlers/validation.go:256.2,256.25 1 1
github.com/tiagofur/solennix-backend/internal/handlers/validation.go:256.25,257.86 1 0
github.com/tiagofur/solennix-backend/internal/handlers/validation.go:257.86,259.4 1 0
github.com/tiagofur/solennix-backend/internal/handlers/validation.go:263.2,267.12 4 1
github.com/tiagofur/solennix-backend/internal/handlers/validation.go:271.53,273.24 1 1
github.com/tiagofur/solennix-backend/internal/handlers/validation.go:273.24,275.3 1 1
github.com/tiagofur/solennix-backend/internal/handlers/validation.go:278.2,278.28 1 1
github.com/tiagofur/solennix-backend/internal/handlers/validation.go:278.28,280.3 1 1
github.com/tiagofur/solennix-backend/internal/handlers/validation.go:283.2,283.27 1 1
github.com/tiagofur/solennix-backend/internal/handlers/validation.go:283.27,285.3 1 1
github.com/tiagofur/solennix-backend/internal/handlers/validation.go:288.2,288.82 1 1
github.com/tiagofur/solennix-backend/internal/handlers/validation.go:288.82,290.3 1 1
github.com/tiagofur/solennix-backend/internal/handlers/validation.go:291.2,291.94 1 1
github.com/tiagofur/solennix-backend/internal/handlers/validation.go:291.94,293.3 1 0
github.com/tiagofur/solennix-backend/internal/handlers/validation.go:296.2,299.12 3 1
github.com/tiagofur/solennix-backend/internal/handlers/validation.go:303.62,305.31 1 1
github.com/tiagofur/solennix-backend/internal/handlers/validation.go:305.31,307.3 1 1
github.com/tiagofur/solennix-backend/internal/handlers/validation.go:310.2,310.27 1 1
github.com/tiagofur/solennix-backend/internal/handlers/validation.go:310.27,312.3 1 1
github.com/tiagofur/solennix-backend/internal/handlers/validation.go:315.2,315.27 1 1
github.com/tiagofur/solennix-backend/internal/handlers/validation.go:315.27,317.3 1 1
github.com/tiagofur/solennix-backend/internal/handlers/validation.go:320.2,320.21 1 1
github.com/tiagofur/solennix-backend/internal/handlers/validation.go:320.21,322.3 1 1
github.com/tiagofur/solennix-backend/internal/handlers/validation.go:325.2,325.26 1 1
github.com/tiagofur/solennix-backend/internal/handlers/validation.go:325.26,326.25 1 1
github.com/tiagofur/solennix-backend/internal/handlers/validation.go:326.25,328.4 1 1
github.com/tiagofur/solennix-backend/internal/handlers/validation.go:332.2,337.28 2 1
github.com/tiagofur/solennix-backend/internal/handlers/validation.go:337.28,339.3 1 1
github.com/tiagofur/solennix-backend/internal/handlers/validation.go:342.2,342.100 1 1
github.com/tiagofur/solennix-backend/internal/handlers/validation.go:342.100,344.3 1 0
github.com/tiagofur/solennix-backend/internal/handlers/validation.go:347.2,349.12 2 1
github.com/tiagofur/solennix-backend/internal/handlers/validation.go:353.62,354.21 1 1
github.com/tiagofur/solennix-backend/internal/handlers/validation.go:354.21,356.3 1 1
github.com/tiagofur/solennix-backend/internal/handlers/validation.go:357.2,357.12 1 1
github.com/tiagofur/solennix-backend/internal/handlers/validation.go:361.55,362.21 1 1
github.com/tiagofur/solennix-backend/internal/handlers/validation.go:362.21,364.3 1 1
github.com/tiagofur/solennix-backend/internal/handlers/validation.go:365.2,365.20 1 1
github.com/tiagofur/solennix-backend/internal/handlers/validation.go:365.20,367.3 1 1
github.com/tiagofur/solennix-backend/internal/handlers/validation.go:368.2,372.29 2 1
github.com/tiagofur/solennix-backend/internal/handlers/validation.go:372.29,374.3 1 1
github.com/tiagofur/solennix-backend/internal/handlers/validation.go:375.2,375.12 1 1
github.com/tiagofur/solennix-backend/internal/handlers/validation.go:379.68,381.30 1 1
github.com/tiagofur/solennix-backend/internal/handlers/validation.go:381.30,383.3 1 1
github.com/tiagofur/solennix-backend/internal/handlers/validation.go:386.2,386.45 1 1
github.com/tiagofur/solennix-backend/internal/handlers/validation.go:386.45,388.3 1 1
github.com/tiagofur/solennix-backend/internal/handlers/validation.go:390.2,390.12 1 1
